CRITICAL - 2025-07-25 07:21:46 --> Undefined variable $entidades
in APPPATH/Views/registro1.php on line 59.
 1 APPPATH/Views/registro1.php(59): CodeIgniter\Debug\Exceptions->errorHandler()
 2 SYSTEMPATH/View/View.php(228): include('/var/www/bienestaranimal.puebla.gob.mx/app/Views/registro1.php')
 3 SYSTEMPATH/View/View.php(231): CodeIgniter\View\View->CodeIgniter\View\{closure}()
 4 SYSTEMPATH/Common.php(1190): CodeIgniter\View\View->render()
 5 APPPATH/Controllers/Registro.php(172): view()
 6 SYSTEMPATH/CodeIgniter.php(942): App\Controllers\Registro->insertar()
 7 SYSTEMPATH/CodeIgniter.php(502): CodeIgniter\CodeIgniter->runController()
 8 SYSTEMPATH/CodeIgniter.php(361): CodeIgniter\CodeIgniter->handleRequest()
 9 FCPATH/index.php(79): CodeIgniter\CodeIgniter->run()
CRITICAL - 2025-07-25 12:20:39 --> Undefined variable $rutaDomicilio
in APPPATH/Controllers/Registro.php on line 149.
 1 APPPATH/Controllers/Registro.php(149): CodeIgniter\Debug\Exceptions->errorHandler()
 2 SYSTEMPATH/CodeIgniter.php(942): App\Controllers\Registro->insertar()
 3 SYSTEMPATH/CodeIgniter.php(502): CodeIgniter\CodeIgniter->runController()
 4 SYSTEMPATH/CodeIgniter.php(361): CodeIgniter\CodeIgniter->handleRequest()
 5 FCPATH/index.php(79): CodeIgniter\CodeIgniter->run()
CRITICAL - 2025-07-25 12:21:10 --> Undefined variable $entidades
in APPPATH/Views/registro1.php on line 59.
 1 APPPATH/Views/registro1.php(59): CodeIgniter\Debug\Exceptions->errorHandler()
 2 SYSTEMPATH/View/View.php(228): include('/var/www/bienestaranimal.puebla.gob.mx/app/Views/registro1.php')
 3 SYSTEMPATH/View/View.php(231): CodeIgniter\View\View->CodeIgniter\View\{closure}()
 4 SYSTEMPATH/Common.php(1190): CodeIgniter\View\View->render()
 5 APPPATH/Controllers/Registro.php(172): view()
 6 SYSTEMPATH/CodeIgniter.php(942): App\Controllers\Registro->insertar()
 7 SYSTEMPATH/CodeIgniter.php(502): CodeIgniter\CodeIgniter->runController()
 8 SYSTEMPATH/CodeIgniter.php(361): CodeIgniter\CodeIgniter->handleRequest()
 9 FCPATH/index.php(79): CodeIgniter\CodeIgniter->run()
CRITICAL - 2025-07-25 17:50:59 --> Undefined variable $entidades
in APPPATH/Views/registro1.php on line 59.
 1 APPPATH/Views/registro1.php(59): CodeIgniter\Debug\Exceptions->errorHandler()
 2 SYSTEMPATH/View/View.php(228): include('/var/www/bienestaranimal.puebla.gob.mx/app/Views/registro1.php')
 3 SYSTEMPATH/View/View.php(231): CodeIgniter\View\View->CodeIgniter\View\{closure}()
 4 SYSTEMPATH/Common.php(1190): CodeIgniter\View\View->render()
 5 APPPATH/Controllers/Registro.php(172): view()
 6 SYSTEMPATH/CodeIgniter.php(942): App\Controllers\Registro->insertar()
 7 SYSTEMPATH/CodeIgniter.php(502): CodeIgniter\CodeIgniter->runController()
 8 SYSTEMPATH/CodeIgniter.php(361): CodeIgniter\CodeIgniter->handleRequest()
 9 FCPATH/index.php(79): CodeIgniter\CodeIgniter->run()
CRITICAL - 2025-07-25 17:54:52 --> Undefined variable $entidades
in APPPATH/Views/registro1.php on line 59.
 1 APPPATH/Views/registro1.php(59): CodeIgniter\Debug\Exceptions->errorHandler()
 2 SYSTEMPATH/View/View.php(228): include('/var/www/bienestaranimal.puebla.gob.mx/app/Views/registro1.php')
 3 SYSTEMPATH/View/View.php(231): CodeIgniter\View\View->CodeIgniter\View\{closure}()
 4 SYSTEMPATH/Common.php(1190): CodeIgniter\View\View->render()
 5 APPPATH/Controllers/Registro.php(172): view()
 6 SYSTEMPATH/CodeIgniter.php(942): App\Controllers\Registro->insertar()
 7 SYSTEMPATH/CodeIgniter.php(502): CodeIgniter\CodeIgniter->runController()
 8 SYSTEMPATH/CodeIgniter.php(361): CodeIgniter\CodeIgniter->handleRequest()
 9 FCPATH/index.php(79): CodeIgniter\CodeIgniter->run()
CRITICAL - 2025-07-25 18:02:23 --> Undefined variable $entidades
in APPPATH/Views/registro1.php on line 59.
 1 APPPATH/Views/registro1.php(59): CodeIgniter\Debug\Exceptions->errorHandler()
 2 SYSTEMPATH/View/View.php(228): include('/var/www/bienestaranimal.puebla.gob.mx/app/Views/registro1.php')
 3 SYSTEMPATH/View/View.php(231): CodeIgniter\View\View->CodeIgniter\View\{closure}()
 4 SYSTEMPATH/Common.php(1190): CodeIgniter\View\View->render()
 5 APPPATH/Controllers/Registro.php(172): view()
 6 SYSTEMPATH/CodeIgniter.php(942): App\Controllers\Registro->insertar()
 7 SYSTEMPATH/CodeIgniter.php(502): CodeIgniter\CodeIgniter->runController()
 8 SYSTEMPATH/CodeIgniter.php(361): CodeIgniter\CodeIgniter->handleRequest()
 9 FCPATH/index.php(79): CodeIgniter\CodeIgniter->run()
CRITICAL - 2025-07-25 18:02:44 --> Undefined variable $entidades
in APPPATH/Views/registro1.php on line 59.
 1 APPPATH/Views/registro1.php(59): CodeIgniter\Debug\Exceptions->errorHandler()
 2 SYSTEMPATH/View/View.php(228): include('/var/www/bienestaranimal.puebla.gob.mx/app/Views/registro1.php')
 3 SYSTEMPATH/View/View.php(231): CodeIgniter\View\View->CodeIgniter\View\{closure}()
 4 SYSTEMPATH/Common.php(1190): CodeIgniter\View\View->render()
 5 APPPATH/Controllers/Registro.php(172): view()
 6 SYSTEMPATH/CodeIgniter.php(942): App\Controllers\Registro->insertar()
 7 SYSTEMPATH/CodeIgniter.php(502): CodeIgniter\CodeIgniter->runController()
 8 SYSTEMPATH/CodeIgniter.php(361): CodeIgniter\CodeIgniter->handleRequest()
 9 FCPATH/index.php(79): CodeIgniter\CodeIgniter->run()
CRITICAL - 2025-07-25 18:12:22 --> Undefined variable $entidades
in APPPATH/Views/registro1.php on line 59.
 1 APPPATH/Views/registro1.php(59): CodeIgniter\Debug\Exceptions->errorHandler()
 2 SYSTEMPATH/View/View.php(228): include('/var/www/bienestaranimal.puebla.gob.mx/app/Views/registro1.php')
 3 SYSTEMPATH/View/View.php(231): CodeIgniter\View\View->CodeIgniter\View\{closure}()
 4 SYSTEMPATH/Common.php(1190): CodeIgniter\View\View->render()
 5 APPPATH/Controllers/Registro.php(172): view()
 6 SYSTEMPATH/CodeIgniter.php(942): App\Controllers\Registro->insertar()
 7 SYSTEMPATH/CodeIgniter.php(502): CodeIgniter\CodeIgniter->runController()
 8 SYSTEMPATH/CodeIgniter.php(361): CodeIgniter\CodeIgniter->handleRequest()
 9 FCPATH/index.php(79): CodeIgniter\CodeIgniter->run()
