INFO - 2025-06-25 16:41:44 --> Session: Class initialized using 'CodeIgniter\Session\Handlers\FileHandler' driver.
INFO - 2025-06-25 16:43:05 --> Session: Class initialized using 'CodeIgniter\Session\Handlers\FileHandler' driver.
INFO - 2025-06-25 16:43:08 --> Session: Class initialized using 'CodeIgniter\Session\Handlers\FileHandler' driver.
INFO - 2025-06-25 16:43:28 --> Session: Class initialized using 'CodeIgniter\Session\Handlers\FileHandler' driver.
INFO - 2025-06-25 16:43:41 --> Session: Class initialized using 'CodeIgniter\Session\Handlers\FileHandler' driver.
INFO - 2025-06-25 16:43:53 --> Session: Class initialized using 'CodeIgniter\Session\Handlers\FileHandler' driver.
INFO - 2025-06-25 16:43:55 --> Session: Class initialized using 'CodeIgniter\Session\Handlers\FileHandler' driver.
INFO - 2025-06-25 16:44:11 --> Session: Class initialized using 'CodeIgniter\Session\Handlers\FileHandler' driver.
INFO - 2025-06-25 16:47:40 --> Session: Class initialized using 'CodeIgniter\Session\Handlers\FileHandler' driver.
INFO - 2025-06-25 16:48:21 --> Session: Class initialized using 'CodeIgniter\Session\Handlers\FileHandler' driver.
INFO - 2025-06-25 16:48:25 --> Session: Class initialized using 'CodeIgniter\Session\Handlers\FileHandler' driver.
INFO - 2025-06-25 16:48:31 --> Session: Class initialized using 'CodeIgniter\Session\Handlers\FileHandler' driver.
INFO - 2025-06-25 16:48:31 --> Session: Class initialized using 'CodeIgniter\Session\Handlers\FileHandler' driver.
ERROR - 2025-06-25 16:48:31 --> mysqli_sql_exception: Unknown column 'usuarios.curp' in 'field list' in C:\wamp64\www\empadronamiento\vendor\codeigniter4\framework\system\Database\MySQLi\Connection.php:306
Stack trace:
#0 C:\wamp64\www\empadronamiento\vendor\codeigniter4\framework\system\Database\MySQLi\Connection.php(306): mysqli->query('SELECT DISTINCT...', 0)
#1 C:\wamp64\www\empadronamiento\vendor\codeigniter4\framework\system\Database\BaseConnection.php(693): CodeIgniter\Database\MySQLi\Connection->execute('SELECT DISTINCT...')
#2 C:\wamp64\www\empadronamiento\vendor\codeigniter4\framework\system\Database\BaseConnection.php(607): CodeIgniter\Database\BaseConnection->simpleQuery('SELECT DISTINCT...')
#3 C:\wamp64\www\empadronamiento\vendor\codeigniter4\framework\system\Database\BaseBuilder.php(1615): CodeIgniter\Database\BaseConnection->query('SELECT DISTINCT...', Array, false)
#4 C:\wamp64\www\empadronamiento\app\Controllers\Admin.php(348): CodeIgniter\Database\BaseBuilder->get()
#5 C:\wamp64\www\empadronamiento\vendor\codeigniter4\framework\system\CodeIgniter.php(942): App\Controllers\Admin->inicio()
#6 C:\wamp64\www\empadronamiento\vendor\codeigniter4\framework\system\CodeIgniter.php(502): CodeIgniter\CodeIgniter->runController(Object(App\Controllers\Admin))
#7 C:\wamp64\www\empadronamiento\vendor\codeigniter4\framework\system\CodeIgniter.php(361): CodeIgniter\CodeIgniter->handleRequest(NULL, Object(Config\Cache), false)
#8 C:\wamp64\www\empadronamiento\public\index.php(79): CodeIgniter\CodeIgniter->run()
#9 {main}
CRITICAL - 2025-06-25 16:48:31 --> Unknown column 'usuarios.curp' in 'field list'
in SYSTEMPATH\Database\BaseConnection.php on line 647.
 1 SYSTEMPATH\Database\BaseBuilder.php(1615): CodeIgniter\Database\BaseConnection->query('SELECT DISTINCT `certificados`.`folio`, `certificados`.`fecha_alta`, `certificados`.`id_certificado`, `usuarios`.`curp`, `usuarios`.`identificacion`, `usuarios`.`id_usuario`, `usuarios`.`nombre` AS `usuario_nombre`, `usuarios`.`nombre_entidad`, `mascotas`.`nombre`, `mascotas`.`edad`, `mascotas`.`raza`, `mascotas`.`id_mascota`, `mascotas`.`especie`, `mascotas`.`esterilizado`, `mascotas`.`sexo`, `mascotas`.`vacunado`
FROM `certificados`
LEFT JOIN `usuarios` ON `certificados`.`id_usuario` = `usuarios`.`id_usuario`
LEFT JOIN `mascotas` ON `certificados`.`id_mascota` = `mascotas`.`id_mascota`', [], false)
 2 APPPATH\Controllers\Admin.php(348): CodeIgniter\Database\BaseBuilder->get()
 3 SYSTEMPATH\CodeIgniter.php(942): App\Controllers\Admin->inicio()
 4 SYSTEMPATH\CodeIgniter.php(502): CodeIgniter\CodeIgniter->runController(Object(App\Controllers\Admin))
 5 SYSTEMPATH\CodeIgniter.php(361): CodeIgniter\CodeIgniter->handleRequest(null, Object(Config\Cache), false)
 6 FCPATH\index.php(79): CodeIgniter\CodeIgniter->run()
INFO - 2025-06-25 16:51:24 --> Session: Class initialized using 'CodeIgniter\Session\Handlers\FileHandler' driver.
INFO - 2025-06-25 16:51:31 --> Session: Class initialized using 'CodeIgniter\Session\Handlers\FileHandler' driver.
CRITICAL - 2025-06-25 16:51:31 --> Undefined array key "identificacion"
in APPPATH\Views\admin\usuarios.php on line 35.
 1 APPPATH\Views\admin\usuarios.php(35): CodeIgniter\Debug\Exceptions->errorHandler(2, 'Undefined array key "identificacion"', 'C:\\wamp64\\www\\empadronamiento\\app\\Views\\admin\\usuarios.php', 35)
 2 SYSTEMPATH\View\View.php(228): include('C:\\wamp64\\www\\empadronamiento\\app\\Views\\admin\\usuarios.php')
 3 SYSTEMPATH\View\View.php(231): CodeIgniter\View\View->CodeIgniter\View\{closure}()
 4 SYSTEMPATH\Common.php(1190): CodeIgniter\View\View->render('admin/usuarios', [], true)
 5 APPPATH\Controllers\Admin.php(364): view('admin/usuarios', [...])
 6 SYSTEMPATH\CodeIgniter.php(942): App\Controllers\Admin->usuarios()
 7 SYSTEMPATH\CodeIgniter.php(502): CodeIgniter\CodeIgniter->runController(Object(App\Controllers\Admin))
 8 SYSTEMPATH\CodeIgniter.php(361): CodeIgniter\CodeIgniter->handleRequest(null, Object(Config\Cache), false)
 9 FCPATH\index.php(79): CodeIgniter\CodeIgniter->run()
INFO - 2025-06-25 16:51:59 --> Session: Class initialized using 'CodeIgniter\Session\Handlers\FileHandler' driver.
CRITICAL - 2025-06-25 16:51:59 --> Undefined array key "identificacion"
in APPPATH\Views\admin\usuarios.php on line 35.
 1 APPPATH\Views\admin\usuarios.php(35): CodeIgniter\Debug\Exceptions->errorHandler(2, 'Undefined array key "identificacion"', 'C:\\wamp64\\www\\empadronamiento\\app\\Views\\admin\\usuarios.php', 35)
 2 SYSTEMPATH\View\View.php(228): include('C:\\wamp64\\www\\empadronamiento\\app\\Views\\admin\\usuarios.php')
 3 SYSTEMPATH\View\View.php(231): CodeIgniter\View\View->CodeIgniter\View\{closure}()
 4 SYSTEMPATH\Common.php(1190): CodeIgniter\View\View->render('admin/usuarios', [], true)
 5 APPPATH\Controllers\Admin.php(364): view('admin/usuarios', [...])
 6 SYSTEMPATH\CodeIgniter.php(942): App\Controllers\Admin->usuarios()
 7 SYSTEMPATH\CodeIgniter.php(502): CodeIgniter\CodeIgniter->runController(Object(App\Controllers\Admin))
 8 SYSTEMPATH\CodeIgniter.php(361): CodeIgniter\CodeIgniter->handleRequest(null, Object(Config\Cache), false)
 9 FCPATH\index.php(79): CodeIgniter\CodeIgniter->run()
INFO - 2025-06-25 16:52:16 --> Session: Class initialized using 'CodeIgniter\Session\Handlers\FileHandler' driver.
INFO - 2025-06-25 16:53:14 --> Session: Class initialized using 'CodeIgniter\Session\Handlers\FileHandler' driver.
INFO - 2025-06-25 16:53:56 --> Session: Class initialized using 'CodeIgniter\Session\Handlers\FileHandler' driver.
CRITICAL - 2025-06-25 16:53:56 --> Undefined array key "identificacion"
in APPPATH\Views\admin\editarUsuario.php on line 67.
 1 APPPATH\Views\admin\editarUsuario.php(67): CodeIgniter\Debug\Exceptions->errorHandler(2, 'Undefined array key "identificacion"', 'C:\\wamp64\\www\\empadronamiento\\app\\Views\\admin\\editarUsuario.php', 67)
 2 SYSTEMPATH\View\View.php(228): include('C:\\wamp64\\www\\empadronamiento\\app\\Views\\admin\\editarUsuario.php')
 3 SYSTEMPATH\View\View.php(231): CodeIgniter\View\View->CodeIgniter\View\{closure}()
 4 SYSTEMPATH\Common.php(1190): CodeIgniter\View\View->render('admin/editarUsuario', [], true)
 5 APPPATH\Controllers\Admin.php(380): view('admin/editarUsuario', [...])
 6 SYSTEMPATH\CodeIgniter.php(942): App\Controllers\Admin->editarUsuario('1')
 7 SYSTEMPATH\CodeIgniter.php(502): CodeIgniter\CodeIgniter->runController(Object(App\Controllers\Admin))
 8 SYSTEMPATH\CodeIgniter.php(361): CodeIgniter\CodeIgniter->handleRequest(null, Object(Config\Cache), false)
 9 FCPATH\index.php(79): CodeIgniter\CodeIgniter->run()
INFO - 2025-06-25 16:54:45 --> Session: Class initialized using 'CodeIgniter\Session\Handlers\FileHandler' driver.
INFO - 2025-06-25 16:58:29 --> Session: Class initialized using 'CodeIgniter\Session\Handlers\FileHandler' driver.
INFO - 2025-06-25 16:58:30 --> Session: Class initialized using 'CodeIgniter\Session\Handlers\FileHandler' driver.
CRITICAL - 2025-06-25 16:58:30 --> Undefined property: stdClass::$curp
in APPPATH\Views\admin\certificados.php on line 35.
 1 APPPATH\Views\admin\certificados.php(35): CodeIgniter\Debug\Exceptions->errorHandler(2, 'Undefined property: stdClass::$curp', 'C:\\wamp64\\www\\empadronamiento\\app\\Views\\admin\\certificados.php', 35)
 2 SYSTEMPATH\View\View.php(228): include('C:\\wamp64\\www\\empadronamiento\\app\\Views\\admin\\certificados.php')
 3 SYSTEMPATH\View\View.php(231): CodeIgniter\View\View->CodeIgniter\View\{closure}()
 4 SYSTEMPATH\Common.php(1190): CodeIgniter\View\View->render('admin/certificados', [], true)
 5 APPPATH\Controllers\Admin.php(436): view('admin/certificados', [...])
 6 SYSTEMPATH\CodeIgniter.php(942): App\Controllers\Admin->certificados()
 7 SYSTEMPATH\CodeIgniter.php(502): CodeIgniter\CodeIgniter->runController(Object(App\Controllers\Admin))
 8 SYSTEMPATH\CodeIgniter.php(361): CodeIgniter\CodeIgniter->handleRequest(null, Object(Config\Cache), false)
 9 FCPATH\index.php(79): CodeIgniter\CodeIgniter->run()
INFO - 2025-06-25 16:58:56 --> Session: Class initialized using 'CodeIgniter\Session\Handlers\FileHandler' driver.
INFO - 2025-06-25 16:59:00 --> Session: Class initialized using 'CodeIgniter\Session\Handlers\FileHandler' driver.
INFO - 2025-06-25 16:59:00 --> Session: Class initialized using 'CodeIgniter\Session\Handlers\FileHandler' driver.
ERROR - 2025-06-25 16:59:00 --> mysqli_sql_exception: Unknown column 'usuarios.curp' in 'field list' in C:\wamp64\www\empadronamiento\vendor\codeigniter4\framework\system\Database\MySQLi\Connection.php:306
Stack trace:
#0 C:\wamp64\www\empadronamiento\vendor\codeigniter4\framework\system\Database\MySQLi\Connection.php(306): mysqli->query('SELECT `certifi...', 0)
#1 C:\wamp64\www\empadronamiento\vendor\codeigniter4\framework\system\Database\BaseConnection.php(693): CodeIgniter\Database\MySQLi\Connection->execute('SELECT `certifi...')
#2 C:\wamp64\www\empadronamiento\vendor\codeigniter4\framework\system\Database\BaseConnection.php(607): CodeIgniter\Database\BaseConnection->simpleQuery('SELECT `certifi...')
#3 C:\wamp64\www\empadronamiento\vendor\codeigniter4\framework\system\Database\BaseBuilder.php(1615): CodeIgniter\Database\BaseConnection->query('SELECT `certifi...', Array, false)
#4 C:\wamp64\www\empadronamiento\app\Controllers\Usuario.php(606): CodeIgniter\Database\BaseBuilder->get()
#5 C:\wamp64\www\empadronamiento\vendor\codeigniter4\framework\system\CodeIgniter.php(942): App\Controllers\Usuario->generarPDF('1')
#6 C:\wamp64\www\empadronamiento\vendor\codeigniter4\framework\system\CodeIgniter.php(502): CodeIgniter\CodeIgniter->runController(Object(App\Controllers\Usuario))
#7 C:\wamp64\www\empadronamiento\vendor\codeigniter4\framework\system\CodeIgniter.php(361): CodeIgniter\CodeIgniter->handleRequest(NULL, Object(Config\Cache), false)
#8 C:\wamp64\www\empadronamiento\public\index.php(79): CodeIgniter\CodeIgniter->run()
#9 {main}
CRITICAL - 2025-06-25 16:59:00 --> Unknown column 'usuarios.curp' in 'field list'
in SYSTEMPATH\Database\BaseConnection.php on line 647.
 1 SYSTEMPATH\Database\BaseBuilder.php(1615): CodeIgniter\Database\BaseConnection->query('SELECT `certificados`.`folio`, `certificados`.`fecha_alta`, `certificados`.`id_certificado`, `usuarios`.`nombre` AS `usuario_nombre`, `usuarios`.`curp`, `usuarios`.`identificacion`, `usuarios`.`nombre_entidad`, `usuarios`.`calle`, `usuarios`.`colonia`, `usuarios`.`numero`, `usuarios`.`cp`, `usuarios`.`cve_entidad`, `usuarios`.`telefono`, `usuarios`.`correo`, `mascotas`.`nombre`, `mascotas`.`especie`, `mascotas`.`edad`, `mascotas`.`vacunado`, `mascotas`.`esterilizado`, `mascotas`.`sexo`, `mascotas`.`raza`, `mascotas`.`caracteristicas`, `mascotas`.`fotografia`
FROM `certificados`
INNER JOIN `usuarios` ON `certificados`.`id_usuario` = `usuarios`.`id_usuario`
INNER JOIN `mascotas` ON `certificados`.`id_mascota` = `mascotas`.`id_mascota`
WHERE `certificados`.`id_certificado` = :certificados.id_certificado:
AND `certificados`.`activo` = :certificados.activo:', [...], false)
 2 APPPATH\Controllers\Usuario.php(606): CodeIgniter\Database\BaseBuilder->get()
 3 SYSTEMPATH\CodeIgniter.php(942): App\Controllers\Usuario->generarPDF('1')
 4 SYSTEMPATH\CodeIgniter.php(502): CodeIgniter\CodeIgniter->runController(Object(App\Controllers\Usuario))
 5 SYSTEMPATH\CodeIgniter.php(361): CodeIgniter\CodeIgniter->handleRequest(null, Object(Config\Cache), false)
 6 FCPATH\index.php(79): CodeIgniter\CodeIgniter->run()
INFO - 2025-06-25 16:59:07 --> Session: Class initialized using 'CodeIgniter\Session\Handlers\FileHandler' driver.
INFO - 2025-06-25 17:01:56 --> Session: Class initialized using 'CodeIgniter\Session\Handlers\FileHandler' driver.
INFO - 2025-06-25 17:01:56 --> Session: Class initialized using 'CodeIgniter\Session\Handlers\FileHandler' driver.
ERROR - 2025-06-25 17:01:56 --> mysqli_sql_exception: Unknown column 'usuarios.curp' in 'field list' in C:\wamp64\www\empadronamiento\vendor\codeigniter4\framework\system\Database\MySQLi\Connection.php:306
Stack trace:
#0 C:\wamp64\www\empadronamiento\vendor\codeigniter4\framework\system\Database\MySQLi\Connection.php(306): mysqli->query('SELECT `certifi...', 0)
#1 C:\wamp64\www\empadronamiento\vendor\codeigniter4\framework\system\Database\BaseConnection.php(693): CodeIgniter\Database\MySQLi\Connection->execute('SELECT `certifi...')
#2 C:\wamp64\www\empadronamiento\vendor\codeigniter4\framework\system\Database\BaseConnection.php(607): CodeIgniter\Database\BaseConnection->simpleQuery('SELECT `certifi...')
#3 C:\wamp64\www\empadronamiento\vendor\codeigniter4\framework\system\Database\BaseBuilder.php(1615): CodeIgniter\Database\BaseConnection->query('SELECT `certifi...', Array, false)
#4 C:\wamp64\www\empadronamiento\app\Controllers\Usuario.php(606): CodeIgniter\Database\BaseBuilder->get()
#5 C:\wamp64\www\empadronamiento\vendor\codeigniter4\framework\system\CodeIgniter.php(942): App\Controllers\Usuario->generarPDF('1')
#6 C:\wamp64\www\empadronamiento\vendor\codeigniter4\framework\system\CodeIgniter.php(502): CodeIgniter\CodeIgniter->runController(Object(App\Controllers\Usuario))
#7 C:\wamp64\www\empadronamiento\vendor\codeigniter4\framework\system\CodeIgniter.php(361): CodeIgniter\CodeIgniter->handleRequest(NULL, Object(Config\Cache), false)
#8 C:\wamp64\www\empadronamiento\public\index.php(79): CodeIgniter\CodeIgniter->run()
#9 {main}
CRITICAL - 2025-06-25 17:01:56 --> Unknown column 'usuarios.curp' in 'field list'
in SYSTEMPATH\Database\BaseConnection.php on line 647.
 1 SYSTEMPATH\Database\BaseBuilder.php(1615): CodeIgniter\Database\BaseConnection->query('SELECT `certificados`.`folio`, `certificados`.`fecha_alta`, `certificados`.`id_certificado`, `usuarios`.`nombre` AS `usuario_nombre`, `usuarios`.`curp`, `usuarios`.`identificacion`, `usuarios`.`nombre_entidad`, `usuarios`.`calle`, `usuarios`.`colonia`, `usuarios`.`numero`, `usuarios`.`cp`, `usuarios`.`cve_entidad`, `usuarios`.`telefono`, `usuarios`.`correo`, `mascotas`.`nombre`, `mascotas`.`especie`, `mascotas`.`edad`, `mascotas`.`vacunado`, `mascotas`.`esterilizado`, `mascotas`.`sexo`, `mascotas`.`raza`, `mascotas`.`caracteristicas`, `mascotas`.`fotografia`
FROM `certificados`
INNER JOIN `usuarios` ON `certificados`.`id_usuario` = `usuarios`.`id_usuario`
INNER JOIN `mascotas` ON `certificados`.`id_mascota` = `mascotas`.`id_mascota`
WHERE `certificados`.`id_certificado` = :certificados.id_certificado:
AND `certificados`.`activo` = :certificados.activo:', [...], false)
 2 APPPATH\Controllers\Usuario.php(606): CodeIgniter\Database\BaseBuilder->get()
 3 SYSTEMPATH\CodeIgniter.php(942): App\Controllers\Usuario->generarPDF('1')
 4 SYSTEMPATH\CodeIgniter.php(502): CodeIgniter\CodeIgniter->runController(Object(App\Controllers\Usuario))
 5 SYSTEMPATH\CodeIgniter.php(361): CodeIgniter\CodeIgniter->handleRequest(null, Object(Config\Cache), false)
 6 FCPATH\index.php(79): CodeIgniter\CodeIgniter->run()
INFO - 2025-06-25 17:20:23 --> Session: Class initialized using 'CodeIgniter\Session\Handlers\FileHandler' driver.
INFO - 2025-06-25 17:20:25 --> Session: Class initialized using 'CodeIgniter\Session\Handlers\FileHandler' driver.
CRITICAL - 2025-06-25 17:20:25 --> Undefined property: stdClass::$curp
in APPPATH\Controllers\Admin.php on line 547.
 1 APPPATH\Controllers\Admin.php(547): CodeIgniter\Debug\Exceptions->errorHandler(2, 'Undefined property: stdClass::$curp', 'C:\\wamp64\\www\\empadronamiento\\app\\Controllers\\Admin.php', 547)
 2 SYSTEMPATH\CodeIgniter.php(942): App\Controllers\Admin->verDatos('8', '1')
 3 SYSTEMPATH\CodeIgniter.php(502): CodeIgniter\CodeIgniter->runController(Object(App\Controllers\Admin))
 4 SYSTEMPATH\CodeIgniter.php(361): CodeIgniter\CodeIgniter->handleRequest(null, Object(Config\Cache), false)
 5 FCPATH\index.php(79): CodeIgniter\CodeIgniter->run()
INFO - 2025-06-25 17:21:12 --> Session: Class initialized using 'CodeIgniter\Session\Handlers\FileHandler' driver.
CRITICAL - 2025-06-25 17:21:12 --> Undefined property: stdClass::$curp
in APPPATH\Controllers\Admin.php on line 547.
 1 APPPATH\Controllers\Admin.php(547): CodeIgniter\Debug\Exceptions->errorHandler(2, 'Undefined property: stdClass::$curp', 'C:\\wamp64\\www\\empadronamiento\\app\\Controllers\\Admin.php', 547)
 2 SYSTEMPATH\CodeIgniter.php(942): App\Controllers\Admin->verDatos('8', '1')
 3 SYSTEMPATH\CodeIgniter.php(502): CodeIgniter\CodeIgniter->runController(Object(App\Controllers\Admin))
 4 SYSTEMPATH\CodeIgniter.php(361): CodeIgniter\CodeIgniter->handleRequest(null, Object(Config\Cache), false)
 5 FCPATH\index.php(79): CodeIgniter\CodeIgniter->run()
INFO - 2025-06-25 17:22:59 --> Session: Class initialized using 'CodeIgniter\Session\Handlers\FileHandler' driver.
CRITICAL - 2025-06-25 17:22:59 --> Undefined property: stdClass::$curp
in APPPATH\Controllers\Admin.php on line 547.
 1 APPPATH\Controllers\Admin.php(547): CodeIgniter\Debug\Exceptions->errorHandler(2, 'Undefined property: stdClass::$curp', 'C:\\wamp64\\www\\empadronamiento\\app\\Controllers\\Admin.php', 547)
 2 SYSTEMPATH\CodeIgniter.php(942): App\Controllers\Admin->verDatos('8', '1')
 3 SYSTEMPATH\CodeIgniter.php(502): CodeIgniter\CodeIgniter->runController(Object(App\Controllers\Admin))
 4 SYSTEMPATH\CodeIgniter.php(361): CodeIgniter\CodeIgniter->handleRequest(null, Object(Config\Cache), false)
 5 FCPATH\index.php(79): CodeIgniter\CodeIgniter->run()
INFO - 2025-06-25 17:23:07 --> Session: Class initialized using 'CodeIgniter\Session\Handlers\FileHandler' driver.
CRITICAL - 2025-06-25 17:23:07 --> Undefined property: stdClass::$curp
in APPPATH\Views\admin\verDatos.php on line 3.
 1 APPPATH\Views\admin\verDatos.php(3): CodeIgniter\Debug\Exceptions->errorHandler(2, 'Undefined property: stdClass::$curp', 'C:\\wamp64\\www\\empadronamiento\\app\\Views\\admin\\verDatos.php', 3)
 2 SYSTEMPATH\View\View.php(228): include('C:\\wamp64\\www\\empadronamiento\\app\\Views\\admin\\verDatos.php')
 3 SYSTEMPATH\View\View.php(231): CodeIgniter\View\View->CodeIgniter\View\{closure}()
 4 SYSTEMPATH\Common.php(1190): CodeIgniter\View\View->render('admin/verDatos', [], true)
 5 APPPATH\Controllers\Admin.php(559): view('admin/verDatos', [...])
 6 SYSTEMPATH\CodeIgniter.php(942): App\Controllers\Admin->verDatos('8', '1')
 7 SYSTEMPATH\CodeIgniter.php(502): CodeIgniter\CodeIgniter->runController(Object(App\Controllers\Admin))
 8 SYSTEMPATH\CodeIgniter.php(361): CodeIgniter\CodeIgniter->handleRequest(null, Object(Config\Cache), false)
 9 FCPATH\index.php(79): CodeIgniter\CodeIgniter->run()
INFO - 2025-06-25 17:23:53 --> Session: Class initialized using 'CodeIgniter\Session\Handlers\FileHandler' driver.
CRITICAL - 2025-06-25 17:23:53 --> Undefined property: stdClass::$curp
in APPPATH\Views\admin\verDatos.php on line 73.
 1 APPPATH\Views\admin\verDatos.php(73): CodeIgniter\Debug\Exceptions->errorHandler(2, 'Undefined property: stdClass::$curp', 'C:\\wamp64\\www\\empadronamiento\\app\\Views\\admin\\verDatos.php', 73)
 2 SYSTEMPATH\View\View.php(228): include('C:\\wamp64\\www\\empadronamiento\\app\\Views\\admin\\verDatos.php')
 3 SYSTEMPATH\View\View.php(231): CodeIgniter\View\View->CodeIgniter\View\{closure}()
 4 SYSTEMPATH\Common.php(1190): CodeIgniter\View\View->render('admin/verDatos', [], true)
 5 APPPATH\Controllers\Admin.php(559): view('admin/verDatos', [...])
 6 SYSTEMPATH\CodeIgniter.php(942): App\Controllers\Admin->verDatos('8', '1')
 7 SYSTEMPATH\CodeIgniter.php(502): CodeIgniter\CodeIgniter->runController(Object(App\Controllers\Admin))
 8 SYSTEMPATH\CodeIgniter.php(361): CodeIgniter\CodeIgniter->handleRequest(null, Object(Config\Cache), false)
 9 FCPATH\index.php(79): CodeIgniter\CodeIgniter->run()
INFO - 2025-06-25 17:24:18 --> Session: Class initialized using 'CodeIgniter\Session\Handlers\FileHandler' driver.
CRITICAL - 2025-06-25 17:24:18 --> Undefined property: stdClass::$curp
in APPPATH\Views\admin\verDatos.php on line 73.
 1 APPPATH\Views\admin\verDatos.php(73): CodeIgniter\Debug\Exceptions->errorHandler(2, 'Undefined property: stdClass::$curp', 'C:\\wamp64\\www\\empadronamiento\\app\\Views\\admin\\verDatos.php', 73)
 2 SYSTEMPATH\View\View.php(228): include('C:\\wamp64\\www\\empadronamiento\\app\\Views\\admin\\verDatos.php')
 3 SYSTEMPATH\View\View.php(231): CodeIgniter\View\View->CodeIgniter\View\{closure}()
 4 SYSTEMPATH\Common.php(1190): CodeIgniter\View\View->render('admin/verDatos', [], true)
 5 APPPATH\Controllers\Admin.php(559): view('admin/verDatos', [...])
 6 SYSTEMPATH\CodeIgniter.php(942): App\Controllers\Admin->verDatos('8', '1')
 7 SYSTEMPATH\CodeIgniter.php(502): CodeIgniter\CodeIgniter->runController(Object(App\Controllers\Admin))
 8 SYSTEMPATH\CodeIgniter.php(361): CodeIgniter\CodeIgniter->handleRequest(null, Object(Config\Cache), false)
 9 FCPATH\index.php(79): CodeIgniter\CodeIgniter->run()
INFO - 2025-06-25 17:24:19 --> Session: Class initialized using 'CodeIgniter\Session\Handlers\FileHandler' driver.
CRITICAL - 2025-06-25 17:24:19 --> Undefined property: stdClass::$curp
in APPPATH\Views\admin\verDatos.php on line 73.
 1 APPPATH\Views\admin\verDatos.php(73): CodeIgniter\Debug\Exceptions->errorHandler(2, 'Undefined property: stdClass::$curp', 'C:\\wamp64\\www\\empadronamiento\\app\\Views\\admin\\verDatos.php', 73)
 2 SYSTEMPATH\View\View.php(228): include('C:\\wamp64\\www\\empadronamiento\\app\\Views\\admin\\verDatos.php')
 3 SYSTEMPATH\View\View.php(231): CodeIgniter\View\View->CodeIgniter\View\{closure}()
 4 SYSTEMPATH\Common.php(1190): CodeIgniter\View\View->render('admin/verDatos', [], true)
 5 APPPATH\Controllers\Admin.php(559): view('admin/verDatos', [...])
 6 SYSTEMPATH\CodeIgniter.php(942): App\Controllers\Admin->verDatos('8', '1')
 7 SYSTEMPATH\CodeIgniter.php(502): CodeIgniter\CodeIgniter->runController(Object(App\Controllers\Admin))
 8 SYSTEMPATH\CodeIgniter.php(361): CodeIgniter\CodeIgniter->handleRequest(null, Object(Config\Cache), false)
 9 FCPATH\index.php(79): CodeIgniter\CodeIgniter->run()
INFO - 2025-06-25 17:24:20 --> Session: Class initialized using 'CodeIgniter\Session\Handlers\FileHandler' driver.
CRITICAL - 2025-06-25 17:24:20 --> Undefined property: stdClass::$curp
in APPPATH\Views\admin\verDatos.php on line 73.
 1 APPPATH\Views\admin\verDatos.php(73): CodeIgniter\Debug\Exceptions->errorHandler(2, 'Undefined property: stdClass::$curp', 'C:\\wamp64\\www\\empadronamiento\\app\\Views\\admin\\verDatos.php', 73)
 2 SYSTEMPATH\View\View.php(228): include('C:\\wamp64\\www\\empadronamiento\\app\\Views\\admin\\verDatos.php')
 3 SYSTEMPATH\View\View.php(231): CodeIgniter\View\View->CodeIgniter\View\{closure}()
 4 SYSTEMPATH\Common.php(1190): CodeIgniter\View\View->render('admin/verDatos', [], true)
 5 APPPATH\Controllers\Admin.php(559): view('admin/verDatos', [...])
 6 SYSTEMPATH\CodeIgniter.php(942): App\Controllers\Admin->verDatos('8', '1')
 7 SYSTEMPATH\CodeIgniter.php(502): CodeIgniter\CodeIgniter->runController(Object(App\Controllers\Admin))
 8 SYSTEMPATH\CodeIgniter.php(361): CodeIgniter\CodeIgniter->handleRequest(null, Object(Config\Cache), false)
 9 FCPATH\index.php(79): CodeIgniter\CodeIgniter->run()
INFO - 2025-06-25 17:24:21 --> Session: Class initialized using 'CodeIgniter\Session\Handlers\FileHandler' driver.
INFO - 2025-06-25 17:24:24 --> Session: Class initialized using 'CodeIgniter\Session\Handlers\FileHandler' driver.
INFO - 2025-06-25 17:24:25 --> Session: Class initialized using 'CodeIgniter\Session\Handlers\FileHandler' driver.
CRITICAL - 2025-06-25 17:24:25 --> Undefined property: stdClass::$curp
in APPPATH\Views\admin\verDatos.php on line 73.
 1 APPPATH\Views\admin\verDatos.php(73): CodeIgniter\Debug\Exceptions->errorHandler(2, 'Undefined property: stdClass::$curp', 'C:\\wamp64\\www\\empadronamiento\\app\\Views\\admin\\verDatos.php', 73)
 2 SYSTEMPATH\View\View.php(228): include('C:\\wamp64\\www\\empadronamiento\\app\\Views\\admin\\verDatos.php')
 3 SYSTEMPATH\View\View.php(231): CodeIgniter\View\View->CodeIgniter\View\{closure}()
 4 SYSTEMPATH\Common.php(1190): CodeIgniter\View\View->render('admin/verDatos', [], true)
 5 APPPATH\Controllers\Admin.php(559): view('admin/verDatos', [...])
 6 SYSTEMPATH\CodeIgniter.php(942): App\Controllers\Admin->verDatos('8', '1')
 7 SYSTEMPATH\CodeIgniter.php(502): CodeIgniter\CodeIgniter->runController(Object(App\Controllers\Admin))
 8 SYSTEMPATH\CodeIgniter.php(361): CodeIgniter\CodeIgniter->handleRequest(null, Object(Config\Cache), false)
 9 FCPATH\index.php(79): CodeIgniter\CodeIgniter->run()
INFO - 2025-06-25 17:24:49 --> Session: Class initialized using 'CodeIgniter\Session\Handlers\FileHandler' driver.
CRITICAL - 2025-06-25 17:24:49 --> Undefined property: stdClass::$curp
in APPPATH\Views\admin\verDatos.php on line 115.
 1 APPPATH\Views\admin\verDatos.php(115): CodeIgniter\Debug\Exceptions->errorHandler(2, 'Undefined property: stdClass::$curp', 'C:\\wamp64\\www\\empadronamiento\\app\\Views\\admin\\verDatos.php', 115)
 2 SYSTEMPATH\View\View.php(228): include('C:\\wamp64\\www\\empadronamiento\\app\\Views\\admin\\verDatos.php')
 3 SYSTEMPATH\View\View.php(231): CodeIgniter\View\View->CodeIgniter\View\{closure}()
 4 SYSTEMPATH\Common.php(1190): CodeIgniter\View\View->render('admin/verDatos', [], true)
 5 APPPATH\Controllers\Admin.php(559): view('admin/verDatos', [...])
 6 SYSTEMPATH\CodeIgniter.php(942): App\Controllers\Admin->verDatos('8', '1')
 7 SYSTEMPATH\CodeIgniter.php(502): CodeIgniter\CodeIgniter->runController(Object(App\Controllers\Admin))
 8 SYSTEMPATH\CodeIgniter.php(361): CodeIgniter\CodeIgniter->handleRequest(null, Object(Config\Cache), false)
 9 FCPATH\index.php(79): CodeIgniter\CodeIgniter->run()
INFO - 2025-06-25 17:25:11 --> Session: Class initialized using 'CodeIgniter\Session\Handlers\FileHandler' driver.
INFO - 2025-06-25 17:25:32 --> Session: Class initialized using 'CodeIgniter\Session\Handlers\FileHandler' driver.
INFO - 2025-06-25 17:25:35 --> Session: Class initialized using 'CodeIgniter\Session\Handlers\FileHandler' driver.
INFO - 2025-06-25 17:25:37 --> Session: Class initialized using 'CodeIgniter\Session\Handlers\FileHandler' driver.
INFO - 2025-06-25 17:25:38 --> Session: Class initialized using 'CodeIgniter\Session\Handlers\FileHandler' driver.
INFO - 2025-06-25 17:25:43 --> Session: Class initialized using 'CodeIgniter\Session\Handlers\FileHandler' driver.
ERROR - 2025-06-25 17:25:43 --> mysqli_sql_exception: Unknown column 'usuarios.identificacion' in 'field list' in C:\wamp64\www\empadronamiento\vendor\codeigniter4\framework\system\Database\MySQLi\Connection.php:306
Stack trace:
#0 C:\wamp64\www\empadronamiento\vendor\codeigniter4\framework\system\Database\MySQLi\Connection.php(306): mysqli->query('SELECT `usuario...', 0)
#1 C:\wamp64\www\empadronamiento\vendor\codeigniter4\framework\system\Database\BaseConnection.php(693): CodeIgniter\Database\MySQLi\Connection->execute('SELECT `usuario...')
#2 C:\wamp64\www\empadronamiento\vendor\codeigniter4\framework\system\Database\BaseConnection.php(607): CodeIgniter\Database\BaseConnection->simpleQuery('SELECT `usuario...')
#3 C:\wamp64\www\empadronamiento\vendor\codeigniter4\framework\system\Database\BaseBuilder.php(1615): CodeIgniter\Database\BaseConnection->query('SELECT `usuario...', Array, false)
#4 C:\wamp64\www\empadronamiento\app\Controllers\Admin.php(617): CodeIgniter\Database\BaseBuilder->get()
#5 C:\wamp64\www\empadronamiento\vendor\codeigniter4\framework\system\CodeIgniter.php(942): App\Controllers\Admin->usuariosPendientes()
#6 C:\wamp64\www\empadronamiento\vendor\codeigniter4\framework\system\CodeIgniter.php(502): CodeIgniter\CodeIgniter->runController(Object(App\Controllers\Admin))
#7 C:\wamp64\www\empadronamiento\vendor\codeigniter4\framework\system\CodeIgniter.php(361): CodeIgniter\CodeIgniter->handleRequest(NULL, Object(Config\Cache), false)
#8 C:\wamp64\www\empadronamiento\public\index.php(79): CodeIgniter\CodeIgniter->run()
#9 {main}
CRITICAL - 2025-06-25 17:25:43 --> Unknown column 'usuarios.identificacion' in 'field list'
in SYSTEMPATH\Database\BaseConnection.php on line 647.
 1 SYSTEMPATH\Database\BaseBuilder.php(1615): CodeIgniter\Database\BaseConnection->query('SELECT `usuarios`.`id_usuario`, `usuarios`.`nombre`, `usuarios`.`correo`, `usuarios`.`telefono`, `usuarios`.`identificacion`, `usuarios`.`curp`, `usuarios`.`nombre_entidad`, `usuarios`.`calle`, `usuarios`.`colonia`, `usuarios`.`numero`, `usuarios`.`cp`, `usuarios`.`activo`
FROM `usuarios`
WHERE `usuarios`.`activo` = :usuarios.activo:', [...], false)
 2 APPPATH\Controllers\Admin.php(617): CodeIgniter\Database\BaseBuilder->get()
 3 SYSTEMPATH\CodeIgniter.php(942): App\Controllers\Admin->usuariosPendientes()
 4 SYSTEMPATH\CodeIgniter.php(502): CodeIgniter\CodeIgniter->runController(Object(App\Controllers\Admin))
 5 SYSTEMPATH\CodeIgniter.php(361): CodeIgniter\CodeIgniter->handleRequest(null, Object(Config\Cache), false)
 6 FCPATH\index.php(79): CodeIgniter\CodeIgniter->run()
INFO - 2025-06-25 17:26:53 --> Session: Class initialized using 'CodeIgniter\Session\Handlers\FileHandler' driver.
INFO - 2025-06-25 17:26:55 --> Session: Class initialized using 'CodeIgniter\Session\Handlers\FileHandler' driver.
ERROR - 2025-06-25 17:26:55 --> mysqli_sql_exception: Unknown column 'usuarios.identificacion' in 'field list' in C:\wamp64\www\empadronamiento\vendor\codeigniter4\framework\system\Database\MySQLi\Connection.php:306
Stack trace:
#0 C:\wamp64\www\empadronamiento\vendor\codeigniter4\framework\system\Database\MySQLi\Connection.php(306): mysqli->query('SELECT `usuario...', 0)
#1 C:\wamp64\www\empadronamiento\vendor\codeigniter4\framework\system\Database\BaseConnection.php(693): CodeIgniter\Database\MySQLi\Connection->execute('SELECT `usuario...')
#2 C:\wamp64\www\empadronamiento\vendor\codeigniter4\framework\system\Database\BaseConnection.php(607): CodeIgniter\Database\BaseConnection->simpleQuery('SELECT `usuario...')
#3 C:\wamp64\www\empadronamiento\vendor\codeigniter4\framework\system\Database\BaseBuilder.php(1615): CodeIgniter\Database\BaseConnection->query('SELECT `usuario...', Array, false)
#4 C:\wamp64\www\empadronamiento\app\Controllers\Admin.php(633): CodeIgniter\Database\BaseBuilder->get()
#5 C:\wamp64\www\empadronamiento\vendor\codeigniter4\framework\system\CodeIgniter.php(942): App\Controllers\Admin->verDatosUsuario('4')
#6 C:\wamp64\www\empadronamiento\vendor\codeigniter4\framework\system\CodeIgniter.php(502): CodeIgniter\CodeIgniter->runController(Object(App\Controllers\Admin))
#7 C:\wamp64\www\empadronamiento\vendor\codeigniter4\framework\system\CodeIgniter.php(361): CodeIgniter\CodeIgniter->handleRequest(NULL, Object(Config\Cache), false)
#8 C:\wamp64\www\empadronamiento\public\index.php(79): CodeIgniter\CodeIgniter->run()
#9 {main}
CRITICAL - 2025-06-25 17:26:55 --> Unknown column 'usuarios.identificacion' in 'field list'
in SYSTEMPATH\Database\BaseConnection.php on line 647.
 1 SYSTEMPATH\Database\BaseBuilder.php(1615): CodeIgniter\Database\BaseConnection->query('SELECT `usuarios`.`id_usuario`, `usuarios`.`nombre`, `usuarios`.`correo`, `usuarios`.`telefono`, `usuarios`.`identificacion`, `usuarios`.`curp`, `usuarios`.`nombre_entidad`, `usuarios`.`calle`, `usuarios`.`colonia`, `usuarios`.`numero`, `usuarios`.`cp`, `usuarios`.`activo`, `usuarios`.`id_entidad`, `usuarios`.`ruta_identificacion`, `usuarios`.`ruta_curp`, `usuarios`.`ruta_domicilio`
FROM `usuarios`
WHERE `usuarios`.`id_usuario` = :usuarios.id_usuario:', [...], false)
 2 APPPATH\Controllers\Admin.php(633): CodeIgniter\Database\BaseBuilder->get()
 3 SYSTEMPATH\CodeIgniter.php(942): App\Controllers\Admin->verDatosUsuario('4')
 4 SYSTEMPATH\CodeIgniter.php(502): CodeIgniter\CodeIgniter->runController(Object(App\Controllers\Admin))
 5 SYSTEMPATH\CodeIgniter.php(361): CodeIgniter\CodeIgniter->handleRequest(null, Object(Config\Cache), false)
 6 FCPATH\index.php(79): CodeIgniter\CodeIgniter->run()
INFO - 2025-06-25 17:27:34 --> Session: Class initialized using 'CodeIgniter\Session\Handlers\FileHandler' driver.
ERROR - 2025-06-25 17:27:34 --> mysqli_sql_exception: Unknown column 'usuarios.identificacion' in 'field list' in C:\wamp64\www\empadronamiento\vendor\codeigniter4\framework\system\Database\MySQLi\Connection.php:306
Stack trace:
#0 C:\wamp64\www\empadronamiento\vendor\codeigniter4\framework\system\Database\MySQLi\Connection.php(306): mysqli->query('SELECT `usuario...', 0)
#1 C:\wamp64\www\empadronamiento\vendor\codeigniter4\framework\system\Database\BaseConnection.php(693): CodeIgniter\Database\MySQLi\Connection->execute('SELECT `usuario...')
#2 C:\wamp64\www\empadronamiento\vendor\codeigniter4\framework\system\Database\BaseConnection.php(607): CodeIgniter\Database\BaseConnection->simpleQuery('SELECT `usuario...')
#3 C:\wamp64\www\empadronamiento\vendor\codeigniter4\framework\system\Database\BaseBuilder.php(1615): CodeIgniter\Database\BaseConnection->query('SELECT `usuario...', Array, false)
#4 C:\wamp64\www\empadronamiento\app\Controllers\Admin.php(633): CodeIgniter\Database\BaseBuilder->get()
#5 C:\wamp64\www\empadronamiento\vendor\codeigniter4\framework\system\CodeIgniter.php(942): App\Controllers\Admin->verDatosUsuario('4')
#6 C:\wamp64\www\empadronamiento\vendor\codeigniter4\framework\system\CodeIgniter.php(502): CodeIgniter\CodeIgniter->runController(Object(App\Controllers\Admin))
#7 C:\wamp64\www\empadronamiento\vendor\codeigniter4\framework\system\CodeIgniter.php(361): CodeIgniter\CodeIgniter->handleRequest(NULL, Object(Config\Cache), false)
#8 C:\wamp64\www\empadronamiento\public\index.php(79): CodeIgniter\CodeIgniter->run()
#9 {main}
CRITICAL - 2025-06-25 17:27:34 --> Unknown column 'usuarios.identificacion' in 'field list'
in SYSTEMPATH\Database\BaseConnection.php on line 647.
 1 SYSTEMPATH\Database\BaseBuilder.php(1615): CodeIgniter\Database\BaseConnection->query('SELECT `usuarios`.`id_usuario`, `usuarios`.`nombre`, `usuarios`.`correo`, `usuarios`.`telefono`, `usuarios`.`identificacion`, `usuarios`.`curp`, `usuarios`.`nombre_entidad`, `usuarios`.`calle`, `usuarios`.`colonia`, `usuarios`.`numero`, `usuarios`.`cp`, `usuarios`.`activo`, `usuarios`.`id_entidad`, `usuarios`.`ruta_identificacion`, `usuarios`.`ruta_curp`, `usuarios`.`ruta_domicilio`
FROM `usuarios`
WHERE `usuarios`.`id_usuario` = :usuarios.id_usuario:', [...], false)
 2 APPPATH\Controllers\Admin.php(633): CodeIgniter\Database\BaseBuilder->get()
 3 SYSTEMPATH\CodeIgniter.php(942): App\Controllers\Admin->verDatosUsuario('4')
 4 SYSTEMPATH\CodeIgniter.php(502): CodeIgniter\CodeIgniter->runController(Object(App\Controllers\Admin))
 5 SYSTEMPATH\CodeIgniter.php(361): CodeIgniter\CodeIgniter->handleRequest(null, Object(Config\Cache), false)
 6 FCPATH\index.php(79): CodeIgniter\CodeIgniter->run()
INFO - 2025-06-25 17:28:39 --> Session: Class initialized using 'CodeIgniter\Session\Handlers\FileHandler' driver.
ERROR - 2025-06-25 17:28:39 --> mysqli_sql_exception: Unknown column 'usuarios.identificacion' in 'field list' in C:\wamp64\www\empadronamiento\vendor\codeigniter4\framework\system\Database\MySQLi\Connection.php:306
Stack trace:
#0 C:\wamp64\www\empadronamiento\vendor\codeigniter4\framework\system\Database\MySQLi\Connection.php(306): mysqli->query('SELECT `usuario...', 0)
#1 C:\wamp64\www\empadronamiento\vendor\codeigniter4\framework\system\Database\BaseConnection.php(693): CodeIgniter\Database\MySQLi\Connection->execute('SELECT `usuario...')
#2 C:\wamp64\www\empadronamiento\vendor\codeigniter4\framework\system\Database\BaseConnection.php(607): CodeIgniter\Database\BaseConnection->simpleQuery('SELECT `usuario...')
#3 C:\wamp64\www\empadronamiento\vendor\codeigniter4\framework\system\Database\BaseBuilder.php(1615): CodeIgniter\Database\BaseConnection->query('SELECT `usuario...', Array, false)
#4 C:\wamp64\www\empadronamiento\app\Controllers\Admin.php(633): CodeIgniter\Database\BaseBuilder->get()
#5 C:\wamp64\www\empadronamiento\vendor\codeigniter4\framework\system\CodeIgniter.php(942): App\Controllers\Admin->verDatosUsuario('4')
#6 C:\wamp64\www\empadronamiento\vendor\codeigniter4\framework\system\CodeIgniter.php(502): CodeIgniter\CodeIgniter->runController(Object(App\Controllers\Admin))
#7 C:\wamp64\www\empadronamiento\vendor\codeigniter4\framework\system\CodeIgniter.php(361): CodeIgniter\CodeIgniter->handleRequest(NULL, Object(Config\Cache), false)
#8 C:\wamp64\www\empadronamiento\public\index.php(79): CodeIgniter\CodeIgniter->run()
#9 {main}
CRITICAL - 2025-06-25 17:28:39 --> Unknown column 'usuarios.identificacion' in 'field list'
in SYSTEMPATH\Database\BaseConnection.php on line 647.
 1 SYSTEMPATH\Database\BaseBuilder.php(1615): CodeIgniter\Database\BaseConnection->query('SELECT `usuarios`.`id_usuario`, `usuarios`.`nombre`, `usuarios`.`correo`, `usuarios`.`telefono`, `usuarios`.`identificacion`, `usuarios`.`curp`, `usuarios`.`nombre_entidad`, `usuarios`.`calle`, `usuarios`.`colonia`, `usuarios`.`numero`, `usuarios`.`cp`, `usuarios`.`activo`, `usuarios`.`id_entidad`, `usuarios`.`ruta_identificacion`, `usuarios`.`ruta_curp`, `usuarios`.`ruta_domicilio`
FROM `usuarios`
WHERE `usuarios`.`id_usuario` = :usuarios.id_usuario:', [...], false)
 2 APPPATH\Controllers\Admin.php(633): CodeIgniter\Database\BaseBuilder->get()
 3 SYSTEMPATH\CodeIgniter.php(942): App\Controllers\Admin->verDatosUsuario('4')
 4 SYSTEMPATH\CodeIgniter.php(502): CodeIgniter\CodeIgniter->runController(Object(App\Controllers\Admin))
 5 SYSTEMPATH\CodeIgniter.php(361): CodeIgniter\CodeIgniter->handleRequest(null, Object(Config\Cache), false)
 6 FCPATH\index.php(79): CodeIgniter\CodeIgniter->run()
INFO - 2025-06-25 17:28:51 --> Session: Class initialized using 'CodeIgniter\Session\Handlers\FileHandler' driver.
CRITICAL - 2025-06-25 17:28:51 --> Undefined property: stdClass::$identificacion
in APPPATH\Views\admin\verDatosUsuario.php on line 55.
 1 APPPATH\Views\admin\verDatosUsuario.php(55): CodeIgniter\Debug\Exceptions->errorHandler(2, 'Undefined property: stdClass::$identificacion', 'C:\\wamp64\\www\\empadronamiento\\app\\Views\\admin\\verDatosUsuario.php', 55)
 2 SYSTEMPATH\View\View.php(228): include('C:\\wamp64\\www\\empadronamiento\\app\\Views\\admin\\verDatosUsuario.php')
 3 SYSTEMPATH\View\View.php(231): CodeIgniter\View\View->CodeIgniter\View\{closure}()
 4 SYSTEMPATH\Common.php(1190): CodeIgniter\View\View->render('admin/verDatosUsuario', [], true)
 5 APPPATH\Controllers\Admin.php(643): view('admin/verDatosUsuario', [...])
 6 SYSTEMPATH\CodeIgniter.php(942): App\Controllers\Admin->verDatosUsuario('4')
 7 SYSTEMPATH\CodeIgniter.php(502): CodeIgniter\CodeIgniter->runController(Object(App\Controllers\Admin))
 8 SYSTEMPATH\CodeIgniter.php(361): CodeIgniter\CodeIgniter->handleRequest(null, Object(Config\Cache), false)
 9 FCPATH\index.php(79): CodeIgniter\CodeIgniter->run()
INFO - 2025-06-25 17:29:24 --> Session: Class initialized using 'CodeIgniter\Session\Handlers\FileHandler' driver.
CRITICAL - 2025-06-25 17:29:24 --> Undefined property: stdClass::$curp
in APPPATH\Views\admin\verDatosUsuario.php on line 99.
 1 APPPATH\Views\admin\verDatosUsuario.php(99): CodeIgniter\Debug\Exceptions->errorHandler(2, 'Undefined property: stdClass::$curp', 'C:\\wamp64\\www\\empadronamiento\\app\\Views\\admin\\verDatosUsuario.php', 99)
 2 SYSTEMPATH\View\View.php(228): include('C:\\wamp64\\www\\empadronamiento\\app\\Views\\admin\\verDatosUsuario.php')
 3 SYSTEMPATH\View\View.php(231): CodeIgniter\View\View->CodeIgniter\View\{closure}()
 4 SYSTEMPATH\Common.php(1190): CodeIgniter\View\View->render('admin/verDatosUsuario', [], true)
 5 APPPATH\Controllers\Admin.php(643): view('admin/verDatosUsuario', [...])
 6 SYSTEMPATH\CodeIgniter.php(942): App\Controllers\Admin->verDatosUsuario('4')
 7 SYSTEMPATH\CodeIgniter.php(502): CodeIgniter\CodeIgniter->runController(Object(App\Controllers\Admin))
 8 SYSTEMPATH\CodeIgniter.php(361): CodeIgniter\CodeIgniter->handleRequest(null, Object(Config\Cache), false)
 9 FCPATH\index.php(79): CodeIgniter\CodeIgniter->run()
INFO - 2025-06-25 17:29:49 --> Session: Class initialized using 'CodeIgniter\Session\Handlers\FileHandler' driver.
CRITICAL - 2025-06-25 17:29:49 --> Undefined property: stdClass::$curp
in APPPATH\Views\admin\verDatosUsuario.php on line 135.
 1 APPPATH\Views\admin\verDatosUsuario.php(135): CodeIgniter\Debug\Exceptions->errorHandler(2, 'Undefined property: stdClass::$curp', 'C:\\wamp64\\www\\empadronamiento\\app\\Views\\admin\\verDatosUsuario.php', 135)
 2 SYSTEMPATH\View\View.php(228): include('C:\\wamp64\\www\\empadronamiento\\app\\Views\\admin\\verDatosUsuario.php')
 3 SYSTEMPATH\View\View.php(231): CodeIgniter\View\View->CodeIgniter\View\{closure}()
 4 SYSTEMPATH\Common.php(1190): CodeIgniter\View\View->render('admin/verDatosUsuario', [], true)
 5 APPPATH\Controllers\Admin.php(643): view('admin/verDatosUsuario', [...])
 6 SYSTEMPATH\CodeIgniter.php(942): App\Controllers\Admin->verDatosUsuario('4')
 7 SYSTEMPATH\CodeIgniter.php(502): CodeIgniter\CodeIgniter->runController(Object(App\Controllers\Admin))
 8 SYSTEMPATH\CodeIgniter.php(361): CodeIgniter\CodeIgniter->handleRequest(null, Object(Config\Cache), false)
 9 FCPATH\index.php(79): CodeIgniter\CodeIgniter->run()
INFO - 2025-06-25 17:30:08 --> Session: Class initialized using 'CodeIgniter\Session\Handlers\FileHandler' driver.
INFO - 2025-06-25 17:31:14 --> Session: Class initialized using 'CodeIgniter\Session\Handlers\FileHandler' driver.
INFO - 2025-06-25 17:39:27 --> Session: Class initialized using 'CodeIgniter\Session\Handlers\FileHandler' driver.
INFO - 2025-06-25 17:39:33 --> Session: Class initialized using 'CodeIgniter\Session\Handlers\FileHandler' driver.
INFO - 2025-06-25 18:19:14 --> Session: Class initialized using 'CodeIgniter\Session\Handlers\FileHandler' driver.
INFO - 2025-06-25 18:20:34 --> Session: Class initialized using 'CodeIgniter\Session\Handlers\FileHandler' driver.
INFO - 2025-06-25 18:20:38 --> Session: Class initialized using 'CodeIgniter\Session\Handlers\FileHandler' driver.
ERROR - 2025-06-25 18:20:38 --> mysqli_sql_exception: Unknown column 'usuarios.identificacion' in 'field list' in C:\wamp64\www\empadronamiento\vendor\codeigniter4\framework\system\Database\MySQLi\Connection.php:306
Stack trace:
#0 C:\wamp64\www\empadronamiento\vendor\codeigniter4\framework\system\Database\MySQLi\Connection.php(306): mysqli->query('SELECT `usuario...', 0)
#1 C:\wamp64\www\empadronamiento\vendor\codeigniter4\framework\system\Database\BaseConnection.php(693): CodeIgniter\Database\MySQLi\Connection->execute('SELECT `usuario...')
#2 C:\wamp64\www\empadronamiento\vendor\codeigniter4\framework\system\Database\BaseConnection.php(607): CodeIgniter\Database\BaseConnection->simpleQuery('SELECT `usuario...')
#3 C:\wamp64\www\empadronamiento\vendor\codeigniter4\framework\system\Database\BaseBuilder.php(1615): CodeIgniter\Database\BaseConnection->query('SELECT `usuario...', Array, false)
#4 C:\wamp64\www\empadronamiento\app\Controllers\Admin.php(691): CodeIgniter\Database\BaseBuilder->get()
#5 C:\wamp64\www\empadronamiento\vendor\codeigniter4\framework\system\CodeIgniter.php(942): App\Controllers\Admin->usuariosEliminados()
#6 C:\wamp64\www\empadronamiento\vendor\codeigniter4\framework\system\CodeIgniter.php(502): CodeIgniter\CodeIgniter->runController(Object(App\Controllers\Admin))
#7 C:\wamp64\www\empadronamiento\vendor\codeigniter4\framework\system\CodeIgniter.php(361): CodeIgniter\CodeIgniter->handleRequest(NULL, Object(Config\Cache), false)
#8 C:\wamp64\www\empadronamiento\public\index.php(79): CodeIgniter\CodeIgniter->run()
#9 {main}
CRITICAL - 2025-06-25 18:20:38 --> Unknown column 'usuarios.identificacion' in 'field list'
in SYSTEMPATH\Database\BaseConnection.php on line 647.
 1 SYSTEMPATH\Database\BaseBuilder.php(1615): CodeIgniter\Database\BaseConnection->query('SELECT `usuarios`.`id_usuario`, `usuarios`.`nombre`, `usuarios`.`correo`, `usuarios`.`telefono`, `usuarios`.`identificacion`, `usuarios`.`curp`, `usuarios`.`nombre_entidad`, `usuarios`.`calle`, `usuarios`.`colonia`, `usuarios`.`numero`, `usuarios`.`cp`, `usuarios`.`activo`
FROM `usuarios`
WHERE `usuarios`.`activo` = :usuarios.activo:', [...], false)
 2 APPPATH\Controllers\Admin.php(691): CodeIgniter\Database\BaseBuilder->get()
 3 SYSTEMPATH\CodeIgniter.php(942): App\Controllers\Admin->usuariosEliminados()
 4 SYSTEMPATH\CodeIgniter.php(502): CodeIgniter\CodeIgniter->runController(Object(App\Controllers\Admin))
 5 SYSTEMPATH\CodeIgniter.php(361): CodeIgniter\CodeIgniter->handleRequest(null, Object(Config\Cache), false)
 6 FCPATH\index.php(79): CodeIgniter\CodeIgniter->run()
INFO - 2025-06-25 18:20:42 --> Session: Class initialized using 'CodeIgniter\Session\Handlers\FileHandler' driver.
INFO - 2025-06-25 18:20:46 --> Session: Class initialized using 'CodeIgniter\Session\Handlers\FileHandler' driver.
INFO - 2025-06-25 18:22:07 --> Session: Class initialized using 'CodeIgniter\Session\Handlers\FileHandler' driver.
INFO - 2025-06-25 18:22:11 --> Session: Class initialized using 'CodeIgniter\Session\Handlers\FileHandler' driver.
