INFO - 2024-03-02 11:30:44 --> Session: Class initialized using 'CodeIgniter\Session\Handlers\FileHandler' driver.
INFO - 2024-03-02 11:30:45 --> Session: Class initialized using 'CodeIgniter\Session\Handlers\FileHandler' driver.
WARNING - 2024-03-02 11:30:46 --> [DEPRECATED] Function strftime() is deprecated in APPPATH/Controllers/Usuario.php on line 715.
 1 SYSTEMPATH/CodeIgniter.php(942): App\Controllers\Usuario->generarPDF('2')
 2 SYSTEMPATH/CodeIgniter.php(502): CodeIgniter\CodeIgniter->runController(Object(App\Controllers\Usuario))
 3 SYSTEMPATH/CodeIgniter.php(361): CodeIgniter\CodeIgniter->handleRequest(null, Object(Config\Cache), false)
 4 FCPATH/index.php(79): CodeIgniter\CodeIgniter->run()
WARNING - 2024-03-02 11:30:47 --> [DEPRECATED] Function utf8_decode() is deprecated in APPPATH/Controllers/Usuario.php on line 731.
 1 SYSTEMPATH/CodeIgniter.php(942): App\Controllers\Usuario->generarPDF('2')
 2 SYSTEMPATH/CodeIgniter.php(502): CodeIgniter\CodeIgniter->runController(Object(App\Controllers\Usuario))
 3 SYSTEMPATH/CodeIgniter.php(361): CodeIgniter\CodeIgniter->handleRequest(null, Object(Config\Cache), false)
 4 FCPATH/index.php(79): CodeIgniter\CodeIgniter->run()
WARNING - 2024-03-02 11:30:47 --> [DEPRECATED] Function utf8_decode() is deprecated in APPPATH/Controllers/Usuario.php on line 734.
 1 SYSTEMPATH/CodeIgniter.php(942): App\Controllers\Usuario->generarPDF('2')
 2 SYSTEMPATH/CodeIgniter.php(502): CodeIgniter\CodeIgniter->runController(Object(App\Controllers\Usuario))
 3 SYSTEMPATH/CodeIgniter.php(361): CodeIgniter\CodeIgniter->handleRequest(null, Object(Config\Cache), false)
 4 FCPATH/index.php(79): CodeIgniter\CodeIgniter->run()
WARNING - 2024-03-02 11:30:47 --> [DEPRECATED] Function utf8_decode() is deprecated in APPPATH/Controllers/Usuario.php on line 736.
 1 SYSTEMPATH/CodeIgniter.php(942): App\Controllers\Usuario->generarPDF('2')
 2 SYSTEMPATH/CodeIgniter.php(502): CodeIgniter\CodeIgniter->runController(Object(App\Controllers\Usuario))
 3 SYSTEMPATH/CodeIgniter.php(361): CodeIgniter\CodeIgniter->handleRequest(null, Object(Config\Cache), false)
 4 FCPATH/index.php(79): CodeIgniter\CodeIgniter->run()
WARNING - 2024-03-02 11:30:47 --> [DEPRECATED] Function utf8_decode() is deprecated in APPPATH/Controllers/Usuario.php on line 737.
 1 SYSTEMPATH/CodeIgniter.php(942): App\Controllers\Usuario->generarPDF('2')
 2 SYSTEMPATH/CodeIgniter.php(502): CodeIgniter\CodeIgniter->runController(Object(App\Controllers\Usuario))
 3 SYSTEMPATH/CodeIgniter.php(361): CodeIgniter\CodeIgniter->handleRequest(null, Object(Config\Cache), false)
 4 FCPATH/index.php(79): CodeIgniter\CodeIgniter->run()
WARNING - 2024-03-02 11:30:47 --> [DEPRECATED] Function utf8_decode() is deprecated in APPPATH/Controllers/Usuario.php on line 738.
 1 SYSTEMPATH/CodeIgniter.php(942): App\Controllers\Usuario->generarPDF('2')
 2 SYSTEMPATH/CodeIgniter.php(502): CodeIgniter\CodeIgniter->runController(Object(App\Controllers\Usuario))
 3 SYSTEMPATH/CodeIgniter.php(361): CodeIgniter\CodeIgniter->handleRequest(null, Object(Config\Cache), false)
 4 FCPATH/index.php(79): CodeIgniter\CodeIgniter->run()
WARNING - 2024-03-02 11:30:47 --> [DEPRECATED] Function utf8_decode() is deprecated in APPPATH/Controllers/Usuario.php on line 740.
 1 SYSTEMPATH/CodeIgniter.php(942): App\Controllers\Usuario->generarPDF('2')
 2 SYSTEMPATH/CodeIgniter.php(502): CodeIgniter\CodeIgniter->runController(Object(App\Controllers\Usuario))
 3 SYSTEMPATH/CodeIgniter.php(361): CodeIgniter\CodeIgniter->handleRequest(null, Object(Config\Cache), false)
 4 FCPATH/index.php(79): CodeIgniter\CodeIgniter->run()
WARNING - 2024-03-02 11:30:47 --> [DEPRECATED] Function utf8_decode() is deprecated in APPPATH/Controllers/Usuario.php on line 741.
 1 SYSTEMPATH/CodeIgniter.php(942): App\Controllers\Usuario->generarPDF('2')
 2 SYSTEMPATH/CodeIgniter.php(502): CodeIgniter\CodeIgniter->runController(Object(App\Controllers\Usuario))
 3 SYSTEMPATH/CodeIgniter.php(361): CodeIgniter\CodeIgniter->handleRequest(null, Object(Config\Cache), false)
 4 FCPATH/index.php(79): CodeIgniter\CodeIgniter->run()
WARNING - 2024-03-02 11:30:47 --> [DEPRECATED] Function utf8_decode() is deprecated in APPPATH/Controllers/Usuario.php on line 742.
 1 SYSTEMPATH/CodeIgniter.php(942): App\Controllers\Usuario->generarPDF('2')
 2 SYSTEMPATH/CodeIgniter.php(502): CodeIgniter\CodeIgniter->runController(Object(App\Controllers\Usuario))
 3 SYSTEMPATH/CodeIgniter.php(361): CodeIgniter\CodeIgniter->handleRequest(null, Object(Config\Cache), false)
 4 FCPATH/index.php(79): CodeIgniter\CodeIgniter->run()
WARNING - 2024-03-02 11:30:47 --> [DEPRECATED] Function utf8_decode() is deprecated in APPPATH/Controllers/Usuario.php on line 744.
 1 SYSTEMPATH/CodeIgniter.php(942): App\Controllers\Usuario->generarPDF('2')
 2 SYSTEMPATH/CodeIgniter.php(502): CodeIgniter\CodeIgniter->runController(Object(App\Controllers\Usuario))
 3 SYSTEMPATH/CodeIgniter.php(361): CodeIgniter\CodeIgniter->handleRequest(null, Object(Config\Cache), false)
 4 FCPATH/index.php(79): CodeIgniter\CodeIgniter->run()
WARNING - 2024-03-02 11:30:47 --> [DEPRECATED] Function utf8_decode() is deprecated in APPPATH/Controllers/Usuario.php on line 746.
 1 SYSTEMPATH/CodeIgniter.php(942): App\Controllers\Usuario->generarPDF('2')
 2 SYSTEMPATH/CodeIgniter.php(502): CodeIgniter\CodeIgniter->runController(Object(App\Controllers\Usuario))
 3 SYSTEMPATH/CodeIgniter.php(361): CodeIgniter\CodeIgniter->handleRequest(null, Object(Config\Cache), false)
 4 FCPATH/index.php(79): CodeIgniter\CodeIgniter->run()
WARNING - 2024-03-02 11:30:47 --> [DEPRECATED] Function utf8_decode() is deprecated in APPPATH/Controllers/Usuario.php on line 749.
 1 SYSTEMPATH/CodeIgniter.php(942): App\Controllers\Usuario->generarPDF('2')
 2 SYSTEMPATH/CodeIgniter.php(502): CodeIgniter\CodeIgniter->runController(Object(App\Controllers\Usuario))
 3 SYSTEMPATH/CodeIgniter.php(361): CodeIgniter\CodeIgniter->handleRequest(null, Object(Config\Cache), false)
 4 FCPATH/index.php(79): CodeIgniter\CodeIgniter->run()
WARNING - 2024-03-02 11:30:47 --> [DEPRECATED] Function utf8_decode() is deprecated in APPPATH/Controllers/Usuario.php on line 751.
 1 SYSTEMPATH/CodeIgniter.php(942): App\Controllers\Usuario->generarPDF('2')
 2 SYSTEMPATH/CodeIgniter.php(502): CodeIgniter\CodeIgniter->runController(Object(App\Controllers\Usuario))
 3 SYSTEMPATH/CodeIgniter.php(361): CodeIgniter\CodeIgniter->handleRequest(null, Object(Config\Cache), false)
 4 FCPATH/index.php(79): CodeIgniter\CodeIgniter->run()
WARNING - 2024-03-02 11:30:47 --> [DEPRECATED] Function utf8_decode() is deprecated in APPPATH/Controllers/Usuario.php on line 753.
 1 SYSTEMPATH/CodeIgniter.php(942): App\Controllers\Usuario->generarPDF('2')
 2 SYSTEMPATH/CodeIgniter.php(502): CodeIgniter\CodeIgniter->runController(Object(App\Controllers\Usuario))
 3 SYSTEMPATH/CodeIgniter.php(361): CodeIgniter\CodeIgniter->handleRequest(null, Object(Config\Cache), false)
 4 FCPATH/index.php(79): CodeIgniter\CodeIgniter->run()
WARNING - 2024-03-02 11:30:47 --> [DEPRECATED] Function utf8_decode() is deprecated in APPPATH/Controllers/Usuario.php on line 756.
 1 SYSTEMPATH/CodeIgniter.php(942): App\Controllers\Usuario->generarPDF('2')
 2 SYSTEMPATH/CodeIgniter.php(502): CodeIgniter\CodeIgniter->runController(Object(App\Controllers\Usuario))
 3 SYSTEMPATH/CodeIgniter.php(361): CodeIgniter\CodeIgniter->handleRequest(null, Object(Config\Cache), false)
 4 FCPATH/index.php(79): CodeIgniter\CodeIgniter->run()
