INFO - 2024-03-21 09:37:50 --> Session: Class initialized using 'CodeIgniter\Session\Handlers\FileHandler' driver.
INFO - 2024-03-21 09:37:58 --> Session: Class initialized using 'CodeIgniter\Session\Handlers\FileHandler' driver.
INFO - 2024-03-21 09:37:58 --> Session: Class initialized using 'CodeIgniter\Session\Handlers\FileHandler' driver.
INFO - 2024-03-21 09:38:09 --> Session: Class initialized using 'CodeIgniter\Session\Handlers\FileHandler' driver.
INFO - 2024-03-21 09:38:12 --> Session: Class initialized using 'CodeIgniter\Session\Handlers\FileHandler' driver.
INFO - 2024-03-21 09:40:01 --> Session: Class initialized using 'CodeIgniter\Session\Handlers\FileHandler' driver.
INFO - 2024-03-21 09:40:26 --> Session: Class initialized using 'CodeIgniter\Session\Handlers\FileHandler' driver.
INFO - 2024-03-21 09:40:36 --> Session: Class initialized using 'CodeIgniter\Session\Handlers\FileHandler' driver.
INFO - 2024-03-21 09:40:38 --> Session: Class initialized using 'CodeIgniter\Session\Handlers\FileHandler' driver.
INFO - 2024-03-21 09:40:40 --> Session: Class initialized using 'CodeIgniter\Session\Handlers\FileHandler' driver.
INFO - 2024-03-21 09:40:51 --> Session: Class initialized using 'CodeIgniter\Session\Handlers\FileHandler' driver.
CRITICAL - 2024-03-21 09:40:51 --> Undefined variable $curpUsuario
in APPPATH\Controllers\Admin.php on line 612.
 1 APPPATH\Controllers\Admin.php(612): CodeIgniter\Debug\Exceptions->errorHandler(2, 'Undefined variable $curpUsuario', 'C:\\xampp\\htdocs\\empadronamientoPuebla\\app\\Controllers\\Admin.php', 612)
 2 SYSTEMPATH\CodeIgniter.php(942): App\Controllers\Admin->verDatosUsuario('admin', 'notificaciones')
 3 SYSTEMPATH\CodeIgniter.php(502): CodeIgniter\CodeIgniter->runController(Object(App\Controllers\Admin))
 4 SYSTEMPATH\CodeIgniter.php(361): CodeIgniter\CodeIgniter->handleRequest(null, Object(Config\Cache), false)
 5 FCPATH\index.php(79): CodeIgniter\CodeIgniter->run()
INFO - 2024-03-21 09:41:37 --> Session: Class initialized using 'CodeIgniter\Session\Handlers\FileHandler' driver.
INFO - 2024-03-21 09:41:46 --> Session: Class initialized using 'CodeIgniter\Session\Handlers\FileHandler' driver.
INFO - 2024-03-21 09:41:53 --> Session: Class initialized using 'CodeIgniter\Session\Handlers\FileHandler' driver.
CRITICAL - 2024-03-21 09:41:53 --> Undefined variable $curpUsuario
in APPPATH\Controllers\Admin.php on line 612.
 1 APPPATH\Controllers\Admin.php(612): CodeIgniter\Debug\Exceptions->errorHandler(2, 'Undefined variable $curpUsuario', 'C:\\xampp\\htdocs\\empadronamientoPuebla\\app\\Controllers\\Admin.php', 612)
 2 SYSTEMPATH\CodeIgniter.php(942): App\Controllers\Admin->verDatosUsuario('admin', 'notificaciones')
 3 SYSTEMPATH\CodeIgniter.php(502): CodeIgniter\CodeIgniter->runController(Object(App\Controllers\Admin))
 4 SYSTEMPATH\CodeIgniter.php(361): CodeIgniter\CodeIgniter->handleRequest(null, Object(Config\Cache), false)
 5 FCPATH\index.php(79): CodeIgniter\CodeIgniter->run()
INFO - 2024-03-21 09:43:46 --> Session: Class initialized using 'CodeIgniter\Session\Handlers\FileHandler' driver.
INFO - 2024-03-21 09:43:48 --> Session: Class initialized using 'CodeIgniter\Session\Handlers\FileHandler' driver.
INFO - 2024-03-21 09:43:52 --> Session: Class initialized using 'CodeIgniter\Session\Handlers\FileHandler' driver.
CRITICAL - 2024-03-21 09:43:52 --> There is no data to insert.
in SYSTEMPATH\BaseModel.php on line 768.
 1 SYSTEMPATH\BaseModel.php(768): CodeIgniter\Database\Exceptions\DataException::forEmptyDataset('insert')
 2 SYSTEMPATH\Model.php(715): CodeIgniter\BaseModel->insert([], false)
 3 SYSTEMPATH\BaseModel.php(698): CodeIgniter\Model->insert([...], false)
 4 APPPATH\Controllers\Admin.php(707): CodeIgniter\BaseModel->save([...])
 5 SYSTEMPATH\CodeIgniter.php(942): App\Controllers\Admin->notificaciones()
 6 SYSTEMPATH\CodeIgniter.php(502): CodeIgniter\CodeIgniter->runController(Object(App\Controllers\Admin))
 7 SYSTEMPATH\CodeIgniter.php(361): CodeIgniter\CodeIgniter->handleRequest(null, Object(Config\Cache), false)
 8 FCPATH\index.php(79): CodeIgniter\CodeIgniter->run()
INFO - 2024-03-21 09:46:18 --> Session: Class initialized using 'CodeIgniter\Session\Handlers\FileHandler' driver.
INFO - 2024-03-21 09:46:19 --> Session: Class initialized using 'CodeIgniter\Session\Handlers\FileHandler' driver.
INFO - 2024-03-21 09:46:24 --> Session: Class initialized using 'CodeIgniter\Session\Handlers\FileHandler' driver.
INFO - 2024-03-21 09:46:28 --> Session: Class initialized using 'CodeIgniter\Session\Handlers\FileHandler' driver.
CRITICAL - 2024-03-21 09:46:28 --> Undefined variable $cuenta
in APPPATH\Views\admin\inicio.php on line 71.
 1 APPPATH\Views\admin\inicio.php(71): CodeIgniter\Debug\Exceptions->errorHandler(2, 'Undefined variable $cuenta', 'C:\\xampp\\htdocs\\empadronamientoPuebla\\app\\Views\\admin\\inicio.php', 71)
 2 SYSTEMPATH\View\View.php(228): include('C:\\xampp\\htdocs\\empadronamientoPuebla\\app\\Views\\admin\\inicio.php')
 3 SYSTEMPATH\View\View.php(231): CodeIgniter\View\View->CodeIgniter\View\{closure}()
 4 SYSTEMPATH\Common.php(1190): CodeIgniter\View\View->render('admin/inicio', [], true)
 5 APPPATH\Controllers\Admin.php(715): view('admin/inicio')
 6 SYSTEMPATH\CodeIgniter.php(942): App\Controllers\Admin->notificaciones()
 7 SYSTEMPATH\CodeIgniter.php(502): CodeIgniter\CodeIgniter->runController(Object(App\Controllers\Admin))
 8 SYSTEMPATH\CodeIgniter.php(361): CodeIgniter\CodeIgniter->handleRequest(null, Object(Config\Cache), false)
 9 FCPATH\index.php(79): CodeIgniter\CodeIgniter->run()
INFO - 2024-03-21 09:49:41 --> Session: Class initialized using 'CodeIgniter\Session\Handlers\FileHandler' driver.
INFO - 2024-03-21 09:49:42 --> Session: Class initialized using 'CodeIgniter\Session\Handlers\FileHandler' driver.
INFO - 2024-03-21 09:49:48 --> Session: Class initialized using 'CodeIgniter\Session\Handlers\FileHandler' driver.
INFO - 2024-03-21 09:52:23 --> Session: Class initialized using 'CodeIgniter\Session\Handlers\FileHandler' driver.
INFO - 2024-03-21 09:52:25 --> Session: Class initialized using 'CodeIgniter\Session\Handlers\FileHandler' driver.
INFO - 2024-03-21 09:52:31 --> Session: Class initialized using 'CodeIgniter\Session\Handlers\FileHandler' driver.
INFO - 2024-03-21 10:00:24 --> Session: Class initialized using 'CodeIgniter\Session\Handlers\FileHandler' driver.
INFO - 2024-03-21 10:00:39 --> Session: Class initialized using 'CodeIgniter\Session\Handlers\FileHandler' driver.
INFO - 2024-03-21 10:00:40 --> Session: Class initialized using 'CodeIgniter\Session\Handlers\FileHandler' driver.
INFO - 2024-03-21 10:00:47 --> Session: Class initialized using 'CodeIgniter\Session\Handlers\FileHandler' driver.
INFO - 2024-03-21 10:01:06 --> Session: Class initialized using 'CodeIgniter\Session\Handlers\FileHandler' driver.
INFO - 2024-03-21 10:01:07 --> Session: Class initialized using 'CodeIgniter\Session\Handlers\FileHandler' driver.
INFO - 2024-03-21 10:01:08 --> Session: Class initialized using 'CodeIgniter\Session\Handlers\FileHandler' driver.
INFO - 2024-03-21 10:01:14 --> Session: Class initialized using 'CodeIgniter\Session\Handlers\FileHandler' driver.
INFO - 2024-03-21 10:11:08 --> Session: Class initialized using 'CodeIgniter\Session\Handlers\FileHandler' driver.
INFO - 2024-03-21 10:11:09 --> Session: Class initialized using 'CodeIgniter\Session\Handlers\FileHandler' driver.
INFO - 2024-03-21 10:11:13 --> Session: Class initialized using 'CodeIgniter\Session\Handlers\FileHandler' driver.
INFO - 2024-03-21 10:11:14 --> Session: Class initialized using 'CodeIgniter\Session\Handlers\FileHandler' driver.
INFO - 2024-03-21 12:51:42 --> Session: Class initialized using 'CodeIgniter\Session\Handlers\FileHandler' driver.
INFO - 2024-03-21 12:51:43 --> Session: Class initialized using 'CodeIgniter\Session\Handlers\FileHandler' driver.
INFO - 2024-03-21 12:51:50 --> Session: Class initialized using 'CodeIgniter\Session\Handlers\FileHandler' driver.
INFO - 2024-03-21 12:51:50 --> Session: Class initialized using 'CodeIgniter\Session\Handlers\FileHandler' driver.
INFO - 2024-03-21 12:51:54 --> Session: Class initialized using 'CodeIgniter\Session\Handlers\FileHandler' driver.
INFO - 2024-03-21 12:51:56 --> Session: Class initialized using 'CodeIgniter\Session\Handlers\FileHandler' driver.
INFO - 2024-03-21 12:51:58 --> Session: Class initialized using 'CodeIgniter\Session\Handlers\FileHandler' driver.
INFO - 2024-03-21 12:52:01 --> Session: Class initialized using 'CodeIgniter\Session\Handlers\FileHandler' driver.
INFO - 2024-03-21 12:52:09 --> Session: Class initialized using 'CodeIgniter\Session\Handlers\FileHandler' driver.
INFO - 2024-03-21 12:52:09 --> Session: Class initialized using 'CodeIgniter\Session\Handlers\FileHandler' driver.
INFO - 2024-03-21 12:52:10 --> Session: Class initialized using 'CodeIgniter\Session\Handlers\FileHandler' driver.
INFO - 2024-03-21 12:52:12 --> Session: Class initialized using 'CodeIgniter\Session\Handlers\FileHandler' driver.
INFO - 2024-03-21 12:53:24 --> Session: Class initialized using 'CodeIgniter\Session\Handlers\FileHandler' driver.
INFO - 2024-03-21 12:53:24 --> Session: Class initialized using 'CodeIgniter\Session\Handlers\FileHandler' driver.
INFO - 2024-03-21 12:53:25 --> Session: Class initialized using 'CodeIgniter\Session\Handlers\FileHandler' driver.
INFO - 2024-03-21 12:54:30 --> Session: Class initialized using 'CodeIgniter\Session\Handlers\FileHandler' driver.
INFO - 2024-03-21 12:54:30 --> Session: Class initialized using 'CodeIgniter\Session\Handlers\FileHandler' driver.
INFO - 2024-03-21 13:09:25 --> Session: Class initialized using 'CodeIgniter\Session\Handlers\FileHandler' driver.
CRITICAL - 2024-03-21 13:09:25 --> Undefined variable $notifications
in APPPATH\Views\usuario\notificaciones.php on line 3.
 1 APPPATH\Views\usuario\notificaciones.php(3): CodeIgniter\Debug\Exceptions->errorHandler(2, 'Undefined variable $notifications', 'C:\\xampp\\htdocs\\empadronamientoPuebla\\app\\Views\\usuario\\notificaciones.php', 3)
 2 SYSTEMPATH\View\View.php(228): include('C:\\xampp\\htdocs\\empadronamientoPuebla\\app\\Views\\usuario\\notificaciones.php')
 3 SYSTEMPATH\View\View.php(231): CodeIgniter\View\View->CodeIgniter\View\{closure}()
 4 SYSTEMPATH\Common.php(1190): CodeIgniter\View\View->render('usuario/notificaciones', [], true)
 5 APPPATH\Controllers\Usuario.php(926): view('usuario/notificaciones', [...])
 6 SYSTEMPATH\CodeIgniter.php(942): App\Controllers\Usuario->notificaciones()
 7 SYSTEMPATH\CodeIgniter.php(502): CodeIgniter\CodeIgniter->runController(Object(App\Controllers\Usuario))
 8 SYSTEMPATH\CodeIgniter.php(361): CodeIgniter\CodeIgniter->handleRequest(null, Object(Config\Cache), false)
 9 FCPATH\index.php(79): CodeIgniter\CodeIgniter->run()
INFO - 2024-03-21 13:10:00 --> Session: Class initialized using 'CodeIgniter\Session\Handlers\FileHandler' driver.
CRITICAL - 2024-03-21 13:10:00 --> Undefined array key "notificaciones"
in APPPATH\Views\usuario\notificaciones.php on line 4.
 1 APPPATH\Views\usuario\notificaciones.php(4): CodeIgniter\Debug\Exceptions->errorHandler(2, 'Undefined array key "notificaciones"', 'C:\\xampp\\htdocs\\empadronamientoPuebla\\app\\Views\\usuario\\notificaciones.php', 4)
 2 SYSTEMPATH\View\View.php(228): include('C:\\xampp\\htdocs\\empadronamientoPuebla\\app\\Views\\usuario\\notificaciones.php')
 3 SYSTEMPATH\View\View.php(231): CodeIgniter\View\View->CodeIgniter\View\{closure}()
 4 SYSTEMPATH\Common.php(1190): CodeIgniter\View\View->render('usuario/notificaciones', [], true)
 5 APPPATH\Controllers\Usuario.php(926): view('usuario/notificaciones', [...])
 6 SYSTEMPATH\CodeIgniter.php(942): App\Controllers\Usuario->notificaciones()
 7 SYSTEMPATH\CodeIgniter.php(502): CodeIgniter\CodeIgniter->runController(Object(App\Controllers\Usuario))
 8 SYSTEMPATH\CodeIgniter.php(361): CodeIgniter\CodeIgniter->handleRequest(null, Object(Config\Cache), false)
 9 FCPATH\index.php(79): CodeIgniter\CodeIgniter->run()
INFO - 2024-03-21 13:12:17 --> Session: Class initialized using 'CodeIgniter\Session\Handlers\FileHandler' driver.
CRITICAL - 2024-03-21 13:12:17 --> Undefined variable $count
in APPPATH\Views\usuario\notificaciones.php on line 2.
 1 APPPATH\Views\usuario\notificaciones.php(2): CodeIgniter\Debug\Exceptions->errorHandler(2, 'Undefined variable $count', 'C:\\xampp\\htdocs\\empadronamientoPuebla\\app\\Views\\usuario\\notificaciones.php', 2)
 2 SYSTEMPATH\View\View.php(228): include('C:\\xampp\\htdocs\\empadronamientoPuebla\\app\\Views\\usuario\\notificaciones.php')
 3 SYSTEMPATH\View\View.php(231): CodeIgniter\View\View->CodeIgniter\View\{closure}()
 4 SYSTEMPATH\Common.php(1190): CodeIgniter\View\View->render('usuario/notificaciones', [], true)
 5 APPPATH\Controllers\Usuario.php(926): view('usuario/notificaciones', [...])
 6 SYSTEMPATH\CodeIgniter.php(942): App\Controllers\Usuario->notificaciones()
 7 SYSTEMPATH\CodeIgniter.php(502): CodeIgniter\CodeIgniter->runController(Object(App\Controllers\Usuario))
 8 SYSTEMPATH\CodeIgniter.php(361): CodeIgniter\CodeIgniter->handleRequest(null, Object(Config\Cache), false)
 9 FCPATH\index.php(79): CodeIgniter\CodeIgniter->run()
INFO - 2024-03-21 13:15:11 --> Session: Class initialized using 'CodeIgniter\Session\Handlers\FileHandler' driver.
CRITICAL - 2024-03-21 13:15:11 --> Undefined array key "mensaje"
in APPPATH\Views\usuario\notificaciones.php on line 6.
 1 APPPATH\Views\usuario\notificaciones.php(6): CodeIgniter\Debug\Exceptions->errorHandler(2, 'Undefined array key "mensaje"', 'C:\\xampp\\htdocs\\empadronamientoPuebla\\app\\Views\\usuario\\notificaciones.php', 6)
 2 SYSTEMPATH\View\View.php(228): include('C:\\xampp\\htdocs\\empadronamientoPuebla\\app\\Views\\usuario\\notificaciones.php')
 3 SYSTEMPATH\View\View.php(231): CodeIgniter\View\View->CodeIgniter\View\{closure}()
 4 SYSTEMPATH\Common.php(1190): CodeIgniter\View\View->render('usuario/notificaciones', [], true)
 5 APPPATH\Controllers\Usuario.php(926): view('usuario/notificaciones', [...])
 6 SYSTEMPATH\CodeIgniter.php(942): App\Controllers\Usuario->notificaciones()
 7 SYSTEMPATH\CodeIgniter.php(502): CodeIgniter\CodeIgniter->runController(Object(App\Controllers\Usuario))
 8 SYSTEMPATH\CodeIgniter.php(361): CodeIgniter\CodeIgniter->handleRequest(null, Object(Config\Cache), false)
 9 FCPATH\index.php(79): CodeIgniter\CodeIgniter->run()
INFO - 2024-03-21 13:15:26 --> Session: Class initialized using 'CodeIgniter\Session\Handlers\FileHandler' driver.
CRITICAL - 2024-03-21 13:15:26 --> Undefined array key "notificaciones"
in APPPATH\Views\usuario\notificaciones.php on line 6.
 1 APPPATH\Views\usuario\notificaciones.php(6): CodeIgniter\Debug\Exceptions->errorHandler(2, 'Undefined array key "notificaciones"', 'C:\\xampp\\htdocs\\empadronamientoPuebla\\app\\Views\\usuario\\notificaciones.php', 6)
 2 SYSTEMPATH\View\View.php(228): include('C:\\xampp\\htdocs\\empadronamientoPuebla\\app\\Views\\usuario\\notificaciones.php')
 3 SYSTEMPATH\View\View.php(231): CodeIgniter\View\View->CodeIgniter\View\{closure}()
 4 SYSTEMPATH\Common.php(1190): CodeIgniter\View\View->render('usuario/notificaciones', [], true)
 5 APPPATH\Controllers\Usuario.php(926): view('usuario/notificaciones', [...])
 6 SYSTEMPATH\CodeIgniter.php(942): App\Controllers\Usuario->notificaciones()
 7 SYSTEMPATH\CodeIgniter.php(502): CodeIgniter\CodeIgniter->runController(Object(App\Controllers\Usuario))
 8 SYSTEMPATH\CodeIgniter.php(361): CodeIgniter\CodeIgniter->handleRequest(null, Object(Config\Cache), false)
 9 FCPATH\index.php(79): CodeIgniter\CodeIgniter->run()
INFO - 2024-03-21 13:16:11 --> Session: Class initialized using 'CodeIgniter\Session\Handlers\FileHandler' driver.
CRITICAL - 2024-03-21 13:16:11 --> Undefined array key "notificaciones"
in APPPATH\Views\usuario\notificaciones.php on line 6.
 1 APPPATH\Views\usuario\notificaciones.php(6): CodeIgniter\Debug\Exceptions->errorHandler(2, 'Undefined array key "notificaciones"', 'C:\\xampp\\htdocs\\empadronamientoPuebla\\app\\Views\\usuario\\notificaciones.php', 6)
 2 SYSTEMPATH\View\View.php(228): include('C:\\xampp\\htdocs\\empadronamientoPuebla\\app\\Views\\usuario\\notificaciones.php')
 3 SYSTEMPATH\View\View.php(231): CodeIgniter\View\View->CodeIgniter\View\{closure}()
 4 SYSTEMPATH\Common.php(1190): CodeIgniter\View\View->render('usuario/notificaciones', [], true)
 5 APPPATH\Controllers\Usuario.php(926): view('usuario/notificaciones', [...])
 6 SYSTEMPATH\CodeIgniter.php(942): App\Controllers\Usuario->notificaciones()
 7 SYSTEMPATH\CodeIgniter.php(502): CodeIgniter\CodeIgniter->runController(Object(App\Controllers\Usuario))
 8 SYSTEMPATH\CodeIgniter.php(361): CodeIgniter\CodeIgniter->handleRequest(null, Object(Config\Cache), false)
 9 FCPATH\index.php(79): CodeIgniter\CodeIgniter->run()
INFO - 2024-03-21 13:16:12 --> Session: Class initialized using 'CodeIgniter\Session\Handlers\FileHandler' driver.
CRITICAL - 2024-03-21 13:16:12 --> Undefined array key "notificaciones"
in APPPATH\Views\usuario\notificaciones.php on line 6.
 1 APPPATH\Views\usuario\notificaciones.php(6): CodeIgniter\Debug\Exceptions->errorHandler(2, 'Undefined array key "notificaciones"', 'C:\\xampp\\htdocs\\empadronamientoPuebla\\app\\Views\\usuario\\notificaciones.php', 6)
 2 SYSTEMPATH\View\View.php(228): include('C:\\xampp\\htdocs\\empadronamientoPuebla\\app\\Views\\usuario\\notificaciones.php')
 3 SYSTEMPATH\View\View.php(231): CodeIgniter\View\View->CodeIgniter\View\{closure}()
 4 SYSTEMPATH\Common.php(1190): CodeIgniter\View\View->render('usuario/notificaciones', [], true)
 5 APPPATH\Controllers\Usuario.php(926): view('usuario/notificaciones', [...])
 6 SYSTEMPATH\CodeIgniter.php(942): App\Controllers\Usuario->notificaciones()
 7 SYSTEMPATH\CodeIgniter.php(502): CodeIgniter\CodeIgniter->runController(Object(App\Controllers\Usuario))
 8 SYSTEMPATH\CodeIgniter.php(361): CodeIgniter\CodeIgniter->handleRequest(null, Object(Config\Cache), false)
 9 FCPATH\index.php(79): CodeIgniter\CodeIgniter->run()
INFO - 2024-03-21 13:16:33 --> Session: Class initialized using 'CodeIgniter\Session\Handlers\FileHandler' driver.
INFO - 2024-03-21 13:16:55 --> Session: Class initialized using 'CodeIgniter\Session\Handlers\FileHandler' driver.
CRITICAL - 2024-03-21 13:16:55 --> Undefined array key "notificaciones"
in APPPATH\Views\usuario\notificaciones.php on line 6.
 1 APPPATH\Views\usuario\notificaciones.php(6): CodeIgniter\Debug\Exceptions->errorHandler(2, 'Undefined array key "notificaciones"', 'C:\\xampp\\htdocs\\empadronamientoPuebla\\app\\Views\\usuario\\notificaciones.php', 6)
 2 SYSTEMPATH\View\View.php(228): include('C:\\xampp\\htdocs\\empadronamientoPuebla\\app\\Views\\usuario\\notificaciones.php')
 3 SYSTEMPATH\View\View.php(231): CodeIgniter\View\View->CodeIgniter\View\{closure}()
 4 SYSTEMPATH\Common.php(1190): CodeIgniter\View\View->render('usuario/notificaciones', [], true)
 5 APPPATH\Controllers\Usuario.php(926): view('usuario/notificaciones', [...])
 6 SYSTEMPATH\CodeIgniter.php(942): App\Controllers\Usuario->notificaciones()
 7 SYSTEMPATH\CodeIgniter.php(502): CodeIgniter\CodeIgniter->runController(Object(App\Controllers\Usuario))
 8 SYSTEMPATH\CodeIgniter.php(361): CodeIgniter\CodeIgniter->handleRequest(null, Object(Config\Cache), false)
 9 FCPATH\index.php(79): CodeIgniter\CodeIgniter->run()
INFO - 2024-03-21 13:19:32 --> Session: Class initialized using 'CodeIgniter\Session\Handlers\FileHandler' driver.
CRITICAL - 2024-03-21 13:19:32 --> Undefined array key "notificaciones"
in APPPATH\Views\usuario\notificaciones.php on line 6.
 1 APPPATH\Views\usuario\notificaciones.php(6): CodeIgniter\Debug\Exceptions->errorHandler(2, 'Undefined array key "notificaciones"', 'C:\\xampp\\htdocs\\empadronamientoPuebla\\app\\Views\\usuario\\notificaciones.php', 6)
 2 SYSTEMPATH\View\View.php(228): include('C:\\xampp\\htdocs\\empadronamientoPuebla\\app\\Views\\usuario\\notificaciones.php')
 3 SYSTEMPATH\View\View.php(231): CodeIgniter\View\View->CodeIgniter\View\{closure}()
 4 SYSTEMPATH\Common.php(1190): CodeIgniter\View\View->render('usuario/notificaciones', [], true)
 5 APPPATH\Controllers\Usuario.php(926): view('usuario/notificaciones', [...])
 6 SYSTEMPATH\CodeIgniter.php(942): App\Controllers\Usuario->notificaciones()
 7 SYSTEMPATH\CodeIgniter.php(502): CodeIgniter\CodeIgniter->runController(Object(App\Controllers\Usuario))
 8 SYSTEMPATH\CodeIgniter.php(361): CodeIgniter\CodeIgniter->handleRequest(null, Object(Config\Cache), false)
 9 FCPATH\index.php(79): CodeIgniter\CodeIgniter->run()
INFO - 2024-03-21 13:20:01 --> Session: Class initialized using 'CodeIgniter\Session\Handlers\FileHandler' driver.
CRITICAL - 2024-03-21 13:20:01 --> Undefined array key "notificaciones"
in APPPATH\Views\usuario\notificaciones.php on line 6.
 1 APPPATH\Views\usuario\notificaciones.php(6): CodeIgniter\Debug\Exceptions->errorHandler(2, 'Undefined array key "notificaciones"', 'C:\\xampp\\htdocs\\empadronamientoPuebla\\app\\Views\\usuario\\notificaciones.php', 6)
 2 SYSTEMPATH\View\View.php(228): include('C:\\xampp\\htdocs\\empadronamientoPuebla\\app\\Views\\usuario\\notificaciones.php')
 3 SYSTEMPATH\View\View.php(231): CodeIgniter\View\View->CodeIgniter\View\{closure}()
 4 SYSTEMPATH\Common.php(1190): CodeIgniter\View\View->render('usuario/notificaciones', [], true)
 5 APPPATH\Controllers\Usuario.php(926): view('usuario/notificaciones', [...])
 6 SYSTEMPATH\CodeIgniter.php(942): App\Controllers\Usuario->notificaciones()
 7 SYSTEMPATH\CodeIgniter.php(502): CodeIgniter\CodeIgniter->runController(Object(App\Controllers\Usuario))
 8 SYSTEMPATH\CodeIgniter.php(361): CodeIgniter\CodeIgniter->handleRequest(null, Object(Config\Cache), false)
 9 FCPATH\index.php(79): CodeIgniter\CodeIgniter->run()
INFO - 2024-03-21 13:20:42 --> Session: Class initialized using 'CodeIgniter\Session\Handlers\FileHandler' driver.
CRITICAL - 2024-03-21 13:20:43 --> Undefined array key "notificaciones"
in APPPATH\Views\usuario\notificaciones.php on line 6.
 1 APPPATH\Views\usuario\notificaciones.php(6): CodeIgniter\Debug\Exceptions->errorHandler(2, 'Undefined array key "notificaciones"', 'C:\\xampp\\htdocs\\empadronamientoPuebla\\app\\Views\\usuario\\notificaciones.php', 6)
 2 SYSTEMPATH\View\View.php(228): include('C:\\xampp\\htdocs\\empadronamientoPuebla\\app\\Views\\usuario\\notificaciones.php')
 3 SYSTEMPATH\View\View.php(231): CodeIgniter\View\View->CodeIgniter\View\{closure}()
 4 SYSTEMPATH\Common.php(1190): CodeIgniter\View\View->render('usuario/notificaciones', [], true)
 5 APPPATH\Controllers\Usuario.php(926): view('usuario/notificaciones', [...])
 6 SYSTEMPATH\CodeIgniter.php(942): App\Controllers\Usuario->notificaciones()
 7 SYSTEMPATH\CodeIgniter.php(502): CodeIgniter\CodeIgniter->runController(Object(App\Controllers\Usuario))
 8 SYSTEMPATH\CodeIgniter.php(361): CodeIgniter\CodeIgniter->handleRequest(null, Object(Config\Cache), false)
 9 FCPATH\index.php(79): CodeIgniter\CodeIgniter->run()
INFO - 2024-03-21 13:20:44 --> Session: Class initialized using 'CodeIgniter\Session\Handlers\FileHandler' driver.
CRITICAL - 2024-03-21 13:20:44 --> Undefined array key "notificaciones"
in APPPATH\Views\usuario\notificaciones.php on line 6.
 1 APPPATH\Views\usuario\notificaciones.php(6): CodeIgniter\Debug\Exceptions->errorHandler(2, 'Undefined array key "notificaciones"', 'C:\\xampp\\htdocs\\empadronamientoPuebla\\app\\Views\\usuario\\notificaciones.php', 6)
 2 SYSTEMPATH\View\View.php(228): include('C:\\xampp\\htdocs\\empadronamientoPuebla\\app\\Views\\usuario\\notificaciones.php')
 3 SYSTEMPATH\View\View.php(231): CodeIgniter\View\View->CodeIgniter\View\{closure}()
 4 SYSTEMPATH\Common.php(1190): CodeIgniter\View\View->render('usuario/notificaciones', [], true)
 5 APPPATH\Controllers\Usuario.php(926): view('usuario/notificaciones', [...])
 6 SYSTEMPATH\CodeIgniter.php(942): App\Controllers\Usuario->notificaciones()
 7 SYSTEMPATH\CodeIgniter.php(502): CodeIgniter\CodeIgniter->runController(Object(App\Controllers\Usuario))
 8 SYSTEMPATH\CodeIgniter.php(361): CodeIgniter\CodeIgniter->handleRequest(null, Object(Config\Cache), false)
 9 FCPATH\index.php(79): CodeIgniter\CodeIgniter->run()
INFO - 2024-03-21 13:20:44 --> Session: Class initialized using 'CodeIgniter\Session\Handlers\FileHandler' driver.
CRITICAL - 2024-03-21 13:20:44 --> Undefined array key "notificaciones"
in APPPATH\Views\usuario\notificaciones.php on line 6.
 1 APPPATH\Views\usuario\notificaciones.php(6): CodeIgniter\Debug\Exceptions->errorHandler(2, 'Undefined array key "notificaciones"', 'C:\\xampp\\htdocs\\empadronamientoPuebla\\app\\Views\\usuario\\notificaciones.php', 6)
 2 SYSTEMPATH\View\View.php(228): include('C:\\xampp\\htdocs\\empadronamientoPuebla\\app\\Views\\usuario\\notificaciones.php')
 3 SYSTEMPATH\View\View.php(231): CodeIgniter\View\View->CodeIgniter\View\{closure}()
 4 SYSTEMPATH\Common.php(1190): CodeIgniter\View\View->render('usuario/notificaciones', [], true)
 5 APPPATH\Controllers\Usuario.php(926): view('usuario/notificaciones', [...])
 6 SYSTEMPATH\CodeIgniter.php(942): App\Controllers\Usuario->notificaciones()
 7 SYSTEMPATH\CodeIgniter.php(502): CodeIgniter\CodeIgniter->runController(Object(App\Controllers\Usuario))
 8 SYSTEMPATH\CodeIgniter.php(361): CodeIgniter\CodeIgniter->handleRequest(null, Object(Config\Cache), false)
 9 FCPATH\index.php(79): CodeIgniter\CodeIgniter->run()
INFO - 2024-03-21 13:20:44 --> Session: Class initialized using 'CodeIgniter\Session\Handlers\FileHandler' driver.
CRITICAL - 2024-03-21 13:20:44 --> Undefined array key "notificaciones"
in APPPATH\Views\usuario\notificaciones.php on line 6.
 1 APPPATH\Views\usuario\notificaciones.php(6): CodeIgniter\Debug\Exceptions->errorHandler(2, 'Undefined array key "notificaciones"', 'C:\\xampp\\htdocs\\empadronamientoPuebla\\app\\Views\\usuario\\notificaciones.php', 6)
 2 SYSTEMPATH\View\View.php(228): include('C:\\xampp\\htdocs\\empadronamientoPuebla\\app\\Views\\usuario\\notificaciones.php')
 3 SYSTEMPATH\View\View.php(231): CodeIgniter\View\View->CodeIgniter\View\{closure}()
 4 SYSTEMPATH\Common.php(1190): CodeIgniter\View\View->render('usuario/notificaciones', [], true)
 5 APPPATH\Controllers\Usuario.php(926): view('usuario/notificaciones', [...])
 6 SYSTEMPATH\CodeIgniter.php(942): App\Controllers\Usuario->notificaciones()
 7 SYSTEMPATH\CodeIgniter.php(502): CodeIgniter\CodeIgniter->runController(Object(App\Controllers\Usuario))
 8 SYSTEMPATH\CodeIgniter.php(361): CodeIgniter\CodeIgniter->handleRequest(null, Object(Config\Cache), false)
 9 FCPATH\index.php(79): CodeIgniter\CodeIgniter->run()
INFO - 2024-03-21 13:20:44 --> Session: Class initialized using 'CodeIgniter\Session\Handlers\FileHandler' driver.
CRITICAL - 2024-03-21 13:20:44 --> Undefined array key "notificaciones"
in APPPATH\Views\usuario\notificaciones.php on line 6.
 1 APPPATH\Views\usuario\notificaciones.php(6): CodeIgniter\Debug\Exceptions->errorHandler(2, 'Undefined array key "notificaciones"', 'C:\\xampp\\htdocs\\empadronamientoPuebla\\app\\Views\\usuario\\notificaciones.php', 6)
 2 SYSTEMPATH\View\View.php(228): include('C:\\xampp\\htdocs\\empadronamientoPuebla\\app\\Views\\usuario\\notificaciones.php')
 3 SYSTEMPATH\View\View.php(231): CodeIgniter\View\View->CodeIgniter\View\{closure}()
 4 SYSTEMPATH\Common.php(1190): CodeIgniter\View\View->render('usuario/notificaciones', [], true)
 5 APPPATH\Controllers\Usuario.php(926): view('usuario/notificaciones', [...])
 6 SYSTEMPATH\CodeIgniter.php(942): App\Controllers\Usuario->notificaciones()
 7 SYSTEMPATH\CodeIgniter.php(502): CodeIgniter\CodeIgniter->runController(Object(App\Controllers\Usuario))
 8 SYSTEMPATH\CodeIgniter.php(361): CodeIgniter\CodeIgniter->handleRequest(null, Object(Config\Cache), false)
 9 FCPATH\index.php(79): CodeIgniter\CodeIgniter->run()
INFO - 2024-03-21 13:20:45 --> Session: Class initialized using 'CodeIgniter\Session\Handlers\FileHandler' driver.
CRITICAL - 2024-03-21 13:20:45 --> Undefined array key "notificaciones"
in APPPATH\Views\usuario\notificaciones.php on line 6.
 1 APPPATH\Views\usuario\notificaciones.php(6): CodeIgniter\Debug\Exceptions->errorHandler(2, 'Undefined array key "notificaciones"', 'C:\\xampp\\htdocs\\empadronamientoPuebla\\app\\Views\\usuario\\notificaciones.php', 6)
 2 SYSTEMPATH\View\View.php(228): include('C:\\xampp\\htdocs\\empadronamientoPuebla\\app\\Views\\usuario\\notificaciones.php')
 3 SYSTEMPATH\View\View.php(231): CodeIgniter\View\View->CodeIgniter\View\{closure}()
 4 SYSTEMPATH\Common.php(1190): CodeIgniter\View\View->render('usuario/notificaciones', [], true)
 5 APPPATH\Controllers\Usuario.php(926): view('usuario/notificaciones', [...])
 6 SYSTEMPATH\CodeIgniter.php(942): App\Controllers\Usuario->notificaciones()
 7 SYSTEMPATH\CodeIgniter.php(502): CodeIgniter\CodeIgniter->runController(Object(App\Controllers\Usuario))
 8 SYSTEMPATH\CodeIgniter.php(361): CodeIgniter\CodeIgniter->handleRequest(null, Object(Config\Cache), false)
 9 FCPATH\index.php(79): CodeIgniter\CodeIgniter->run()
INFO - 2024-03-21 13:20:45 --> Session: Class initialized using 'CodeIgniter\Session\Handlers\FileHandler' driver.
CRITICAL - 2024-03-21 13:20:45 --> Undefined array key "notificaciones"
in APPPATH\Views\usuario\notificaciones.php on line 6.
 1 APPPATH\Views\usuario\notificaciones.php(6): CodeIgniter\Debug\Exceptions->errorHandler(2, 'Undefined array key "notificaciones"', 'C:\\xampp\\htdocs\\empadronamientoPuebla\\app\\Views\\usuario\\notificaciones.php', 6)
 2 SYSTEMPATH\View\View.php(228): include('C:\\xampp\\htdocs\\empadronamientoPuebla\\app\\Views\\usuario\\notificaciones.php')
 3 SYSTEMPATH\View\View.php(231): CodeIgniter\View\View->CodeIgniter\View\{closure}()
 4 SYSTEMPATH\Common.php(1190): CodeIgniter\View\View->render('usuario/notificaciones', [], true)
 5 APPPATH\Controllers\Usuario.php(926): view('usuario/notificaciones', [...])
 6 SYSTEMPATH\CodeIgniter.php(942): App\Controllers\Usuario->notificaciones()
 7 SYSTEMPATH\CodeIgniter.php(502): CodeIgniter\CodeIgniter->runController(Object(App\Controllers\Usuario))
 8 SYSTEMPATH\CodeIgniter.php(361): CodeIgniter\CodeIgniter->handleRequest(null, Object(Config\Cache), false)
 9 FCPATH\index.php(79): CodeIgniter\CodeIgniter->run()
INFO - 2024-03-21 13:20:45 --> Session: Class initialized using 'CodeIgniter\Session\Handlers\FileHandler' driver.
CRITICAL - 2024-03-21 13:20:45 --> Undefined array key "notificaciones"
in APPPATH\Views\usuario\notificaciones.php on line 6.
 1 APPPATH\Views\usuario\notificaciones.php(6): CodeIgniter\Debug\Exceptions->errorHandler(2, 'Undefined array key "notificaciones"', 'C:\\xampp\\htdocs\\empadronamientoPuebla\\app\\Views\\usuario\\notificaciones.php', 6)
 2 SYSTEMPATH\View\View.php(228): include('C:\\xampp\\htdocs\\empadronamientoPuebla\\app\\Views\\usuario\\notificaciones.php')
 3 SYSTEMPATH\View\View.php(231): CodeIgniter\View\View->CodeIgniter\View\{closure}()
 4 SYSTEMPATH\Common.php(1190): CodeIgniter\View\View->render('usuario/notificaciones', [], true)
 5 APPPATH\Controllers\Usuario.php(926): view('usuario/notificaciones', [...])
 6 SYSTEMPATH\CodeIgniter.php(942): App\Controllers\Usuario->notificaciones()
 7 SYSTEMPATH\CodeIgniter.php(502): CodeIgniter\CodeIgniter->runController(Object(App\Controllers\Usuario))
 8 SYSTEMPATH\CodeIgniter.php(361): CodeIgniter\CodeIgniter->handleRequest(null, Object(Config\Cache), false)
 9 FCPATH\index.php(79): CodeIgniter\CodeIgniter->run()
INFO - 2024-03-21 13:20:45 --> Session: Class initialized using 'CodeIgniter\Session\Handlers\FileHandler' driver.
CRITICAL - 2024-03-21 13:20:46 --> Undefined array key "notificaciones"
in APPPATH\Views\usuario\notificaciones.php on line 6.
 1 APPPATH\Views\usuario\notificaciones.php(6): CodeIgniter\Debug\Exceptions->errorHandler(2, 'Undefined array key "notificaciones"', 'C:\\xampp\\htdocs\\empadronamientoPuebla\\app\\Views\\usuario\\notificaciones.php', 6)
 2 SYSTEMPATH\View\View.php(228): include('C:\\xampp\\htdocs\\empadronamientoPuebla\\app\\Views\\usuario\\notificaciones.php')
 3 SYSTEMPATH\View\View.php(231): CodeIgniter\View\View->CodeIgniter\View\{closure}()
 4 SYSTEMPATH\Common.php(1190): CodeIgniter\View\View->render('usuario/notificaciones', [], true)
 5 APPPATH\Controllers\Usuario.php(926): view('usuario/notificaciones', [...])
 6 SYSTEMPATH\CodeIgniter.php(942): App\Controllers\Usuario->notificaciones()
 7 SYSTEMPATH\CodeIgniter.php(502): CodeIgniter\CodeIgniter->runController(Object(App\Controllers\Usuario))
 8 SYSTEMPATH\CodeIgniter.php(361): CodeIgniter\CodeIgniter->handleRequest(null, Object(Config\Cache), false)
 9 FCPATH\index.php(79): CodeIgniter\CodeIgniter->run()
INFO - 2024-03-21 13:20:46 --> Session: Class initialized using 'CodeIgniter\Session\Handlers\FileHandler' driver.
CRITICAL - 2024-03-21 13:20:46 --> Undefined array key "notificaciones"
in APPPATH\Views\usuario\notificaciones.php on line 6.
 1 APPPATH\Views\usuario\notificaciones.php(6): CodeIgniter\Debug\Exceptions->errorHandler(2, 'Undefined array key "notificaciones"', 'C:\\xampp\\htdocs\\empadronamientoPuebla\\app\\Views\\usuario\\notificaciones.php', 6)
 2 SYSTEMPATH\View\View.php(228): include('C:\\xampp\\htdocs\\empadronamientoPuebla\\app\\Views\\usuario\\notificaciones.php')
 3 SYSTEMPATH\View\View.php(231): CodeIgniter\View\View->CodeIgniter\View\{closure}()
 4 SYSTEMPATH\Common.php(1190): CodeIgniter\View\View->render('usuario/notificaciones', [], true)
 5 APPPATH\Controllers\Usuario.php(926): view('usuario/notificaciones', [...])
 6 SYSTEMPATH\CodeIgniter.php(942): App\Controllers\Usuario->notificaciones()
 7 SYSTEMPATH\CodeIgniter.php(502): CodeIgniter\CodeIgniter->runController(Object(App\Controllers\Usuario))
 8 SYSTEMPATH\CodeIgniter.php(361): CodeIgniter\CodeIgniter->handleRequest(null, Object(Config\Cache), false)
 9 FCPATH\index.php(79): CodeIgniter\CodeIgniter->run()
INFO - 2024-03-21 13:20:46 --> Session: Class initialized using 'CodeIgniter\Session\Handlers\FileHandler' driver.
CRITICAL - 2024-03-21 13:20:46 --> Undefined array key "notificaciones"
in APPPATH\Views\usuario\notificaciones.php on line 6.
 1 APPPATH\Views\usuario\notificaciones.php(6): CodeIgniter\Debug\Exceptions->errorHandler(2, 'Undefined array key "notificaciones"', 'C:\\xampp\\htdocs\\empadronamientoPuebla\\app\\Views\\usuario\\notificaciones.php', 6)
 2 SYSTEMPATH\View\View.php(228): include('C:\\xampp\\htdocs\\empadronamientoPuebla\\app\\Views\\usuario\\notificaciones.php')
 3 SYSTEMPATH\View\View.php(231): CodeIgniter\View\View->CodeIgniter\View\{closure}()
 4 SYSTEMPATH\Common.php(1190): CodeIgniter\View\View->render('usuario/notificaciones', [], true)
 5 APPPATH\Controllers\Usuario.php(926): view('usuario/notificaciones', [...])
 6 SYSTEMPATH\CodeIgniter.php(942): App\Controllers\Usuario->notificaciones()
 7 SYSTEMPATH\CodeIgniter.php(502): CodeIgniter\CodeIgniter->runController(Object(App\Controllers\Usuario))
 8 SYSTEMPATH\CodeIgniter.php(361): CodeIgniter\CodeIgniter->handleRequest(null, Object(Config\Cache), false)
 9 FCPATH\index.php(79): CodeIgniter\CodeIgniter->run()
INFO - 2024-03-21 13:20:46 --> Session: Class initialized using 'CodeIgniter\Session\Handlers\FileHandler' driver.
CRITICAL - 2024-03-21 13:20:46 --> Undefined array key "notificaciones"
in APPPATH\Views\usuario\notificaciones.php on line 6.
 1 APPPATH\Views\usuario\notificaciones.php(6): CodeIgniter\Debug\Exceptions->errorHandler(2, 'Undefined array key "notificaciones"', 'C:\\xampp\\htdocs\\empadronamientoPuebla\\app\\Views\\usuario\\notificaciones.php', 6)
 2 SYSTEMPATH\View\View.php(228): include('C:\\xampp\\htdocs\\empadronamientoPuebla\\app\\Views\\usuario\\notificaciones.php')
 3 SYSTEMPATH\View\View.php(231): CodeIgniter\View\View->CodeIgniter\View\{closure}()
 4 SYSTEMPATH\Common.php(1190): CodeIgniter\View\View->render('usuario/notificaciones', [], true)
 5 APPPATH\Controllers\Usuario.php(926): view('usuario/notificaciones', [...])
 6 SYSTEMPATH\CodeIgniter.php(942): App\Controllers\Usuario->notificaciones()
 7 SYSTEMPATH\CodeIgniter.php(502): CodeIgniter\CodeIgniter->runController(Object(App\Controllers\Usuario))
 8 SYSTEMPATH\CodeIgniter.php(361): CodeIgniter\CodeIgniter->handleRequest(null, Object(Config\Cache), false)
 9 FCPATH\index.php(79): CodeIgniter\CodeIgniter->run()
INFO - 2024-03-21 13:20:46 --> Session: Class initialized using 'CodeIgniter\Session\Handlers\FileHandler' driver.
CRITICAL - 2024-03-21 13:20:46 --> Undefined array key "notificaciones"
in APPPATH\Views\usuario\notificaciones.php on line 6.
 1 APPPATH\Views\usuario\notificaciones.php(6): CodeIgniter\Debug\Exceptions->errorHandler(2, 'Undefined array key "notificaciones"', 'C:\\xampp\\htdocs\\empadronamientoPuebla\\app\\Views\\usuario\\notificaciones.php', 6)
 2 SYSTEMPATH\View\View.php(228): include('C:\\xampp\\htdocs\\empadronamientoPuebla\\app\\Views\\usuario\\notificaciones.php')
 3 SYSTEMPATH\View\View.php(231): CodeIgniter\View\View->CodeIgniter\View\{closure}()
 4 SYSTEMPATH\Common.php(1190): CodeIgniter\View\View->render('usuario/notificaciones', [], true)
 5 APPPATH\Controllers\Usuario.php(926): view('usuario/notificaciones', [...])
 6 SYSTEMPATH\CodeIgniter.php(942): App\Controllers\Usuario->notificaciones()
 7 SYSTEMPATH\CodeIgniter.php(502): CodeIgniter\CodeIgniter->runController(Object(App\Controllers\Usuario))
 8 SYSTEMPATH\CodeIgniter.php(361): CodeIgniter\CodeIgniter->handleRequest(null, Object(Config\Cache), false)
 9 FCPATH\index.php(79): CodeIgniter\CodeIgniter->run()
INFO - 2024-03-21 13:25:28 --> Session: Class initialized using 'CodeIgniter\Session\Handlers\FileHandler' driver.
INFO - 2024-03-21 13:26:26 --> Session: Class initialized using 'CodeIgniter\Session\Handlers\FileHandler' driver.
INFO - 2024-03-21 13:27:26 --> Session: Class initialized using 'CodeIgniter\Session\Handlers\FileHandler' driver.
INFO - 2024-03-21 13:27:34 --> Session: Class initialized using 'CodeIgniter\Session\Handlers\FileHandler' driver.
INFO - 2024-03-21 13:27:34 --> Session: Class initialized using 'CodeIgniter\Session\Handlers\FileHandler' driver.
INFO - 2024-03-21 13:27:37 --> Session: Class initialized using 'CodeIgniter\Session\Handlers\FileHandler' driver.
INFO - 2024-03-21 13:27:45 --> Session: Class initialized using 'CodeIgniter\Session\Handlers\FileHandler' driver.
INFO - 2024-03-21 13:27:54 --> Session: Class initialized using 'CodeIgniter\Session\Handlers\FileHandler' driver.
INFO - 2024-03-21 13:27:58 --> Session: Class initialized using 'CodeIgniter\Session\Handlers\FileHandler' driver.
INFO - 2024-03-21 13:29:07 --> Session: Class initialized using 'CodeIgniter\Session\Handlers\FileHandler' driver.
CRITICAL - 2024-03-21 13:29:07 --> Undefined variable $dato
in APPPATH\Views\admin\editarUsuario.php on line 116.
 1 APPPATH\Views\admin\editarUsuario.php(116): CodeIgniter\Debug\Exceptions->errorHandler(2, 'Undefined variable $dato', 'C:\\xampp\\htdocs\\empadronamientoPuebla\\app\\Views\\admin\\editarUsuario.php', 116)
 2 SYSTEMPATH\View\View.php(228): include('C:\\xampp\\htdocs\\empadronamientoPuebla\\app\\Views\\admin\\editarUsuario.php')
 3 SYSTEMPATH\View\View.php(231): CodeIgniter\View\View->CodeIgniter\View\{closure}()
 4 SYSTEMPATH\Common.php(1190): CodeIgniter\View\View->render('admin/editarUsuario', [], true)
 5 APPPATH\Controllers\Admin.php(375): view('admin/editarUsuario', [...])
 6 SYSTEMPATH\CodeIgniter.php(942): App\Controllers\Admin->editarUsuario('7')
 7 SYSTEMPATH\CodeIgniter.php(502): CodeIgniter\CodeIgniter->runController(Object(App\Controllers\Admin))
 8 SYSTEMPATH\CodeIgniter.php(361): CodeIgniter\CodeIgniter->handleRequest(null, Object(Config\Cache), false)
 9 FCPATH\index.php(79): CodeIgniter\CodeIgniter->run()
INFO - 2024-03-21 13:29:34 --> Session: Class initialized using 'CodeIgniter\Session\Handlers\FileHandler' driver.
CRITICAL - 2024-03-21 13:29:34 --> Attempt to read property "id_usuario" on array
in APPPATH\Views\admin\editarUsuario.php on line 116.
 1 APPPATH\Views\admin\editarUsuario.php(116): CodeIgniter\Debug\Exceptions->errorHandler(2, 'Attempt to read property "id_usuario" on array', 'C:\\xampp\\htdocs\\empadronamientoPuebla\\app\\Views\\admin\\editarUsuario.php', 116)
 2 SYSTEMPATH\View\View.php(228): include('C:\\xampp\\htdocs\\empadronamientoPuebla\\app\\Views\\admin\\editarUsuario.php')
 3 SYSTEMPATH\View\View.php(231): CodeIgniter\View\View->CodeIgniter\View\{closure}()
 4 SYSTEMPATH\Common.php(1190): CodeIgniter\View\View->render('admin/editarUsuario', [], true)
 5 APPPATH\Controllers\Admin.php(375): view('admin/editarUsuario', [...])
 6 SYSTEMPATH\CodeIgniter.php(942): App\Controllers\Admin->editarUsuario('7')
 7 SYSTEMPATH\CodeIgniter.php(502): CodeIgniter\CodeIgniter->runController(Object(App\Controllers\Admin))
 8 SYSTEMPATH\CodeIgniter.php(361): CodeIgniter\CodeIgniter->handleRequest(null, Object(Config\Cache), false)
 9 FCPATH\index.php(79): CodeIgniter\CodeIgniter->run()
INFO - 2024-03-21 13:33:01 --> Session: Class initialized using 'CodeIgniter\Session\Handlers\FileHandler' driver.
INFO - 2024-03-21 13:33:08 --> Session: Class initialized using 'CodeIgniter\Session\Handlers\FileHandler' driver.
CRITICAL - 2024-03-21 13:33:08 --> Attempt to read property "id_usuario" on array
in APPPATH\Views\admin\editarUsuario.php on line 116.
 1 APPPATH\Views\admin\editarUsuario.php(116): CodeIgniter\Debug\Exceptions->errorHandler(2, 'Attempt to read property "id_usuario" on array', 'C:\\xampp\\htdocs\\empadronamientoPuebla\\app\\Views\\admin\\editarUsuario.php', 116)
 2 SYSTEMPATH\View\View.php(228): include('C:\\xampp\\htdocs\\empadronamientoPuebla\\app\\Views\\admin\\editarUsuario.php')
 3 SYSTEMPATH\View\View.php(231): CodeIgniter\View\View->CodeIgniter\View\{closure}()
 4 SYSTEMPATH\Common.php(1190): CodeIgniter\View\View->render('admin/editarUsuario', [], true)
 5 APPPATH\Controllers\Admin.php(375): view('admin/editarUsuario', [...])
 6 SYSTEMPATH\CodeIgniter.php(942): App\Controllers\Admin->editarUsuario('7')
 7 SYSTEMPATH\CodeIgniter.php(502): CodeIgniter\CodeIgniter->runController(Object(App\Controllers\Admin))
 8 SYSTEMPATH\CodeIgniter.php(361): CodeIgniter\CodeIgniter->handleRequest(null, Object(Config\Cache), false)
 9 FCPATH\index.php(79): CodeIgniter\CodeIgniter->run()
INFO - 2024-03-21 13:34:00 --> Session: Class initialized using 'CodeIgniter\Session\Handlers\FileHandler' driver.
INFO - 2024-03-21 13:34:22 --> Session: Class initialized using 'CodeIgniter\Session\Handlers\FileHandler' driver.
INFO - 2024-03-21 13:34:22 --> Session: Class initialized using 'CodeIgniter\Session\Handlers\FileHandler' driver.
INFO - 2024-03-21 13:34:42 --> Session: Class initialized using 'CodeIgniter\Session\Handlers\FileHandler' driver.
INFO - 2024-03-21 13:51:43 --> Session: Class initialized using 'CodeIgniter\Session\Handlers\FileHandler' driver.
INFO - 2024-03-21 14:01:35 --> Session: Class initialized using 'CodeIgniter\Session\Handlers\FileHandler' driver.
INFO - 2024-03-21 14:02:10 --> Session: Class initialized using 'CodeIgniter\Session\Handlers\FileHandler' driver.
INFO - 2024-03-21 14:03:53 --> Session: Class initialized using 'CodeIgniter\Session\Handlers\FileHandler' driver.
CRITICAL - 2024-03-21 14:03:53 --> Undefined variable $notificaciones
in APPPATH\Views\usuario\header.php on line 69.
 1 APPPATH\Views\usuario\header.php(69): CodeIgniter\Debug\Exceptions->errorHandler(2, 'Undefined variable $notificaciones', 'C:\\xampp\\htdocs\\empadronamientoPuebla\\app\\Views\\usuario\\header.php', 69)
 2 SYSTEMPATH\View\View.php(228): include('C:\\xampp\\htdocs\\empadronamientoPuebla\\app\\Views\\usuario\\header.php')
 3 SYSTEMPATH\View\View.php(231): CodeIgniter\View\View->CodeIgniter\View\{closure}()
 4 SYSTEMPATH\Common.php(1190): CodeIgniter\View\View->render('usuario/header', [], true)
 5 APPPATH\Controllers\Usuario.php(275): view('usuario/header')
 6 SYSTEMPATH\CodeIgniter.php(942): App\Controllers\Usuario->index()
 7 SYSTEMPATH\CodeIgniter.php(502): CodeIgniter\CodeIgniter->runController(Object(App\Controllers\Usuario))
 8 SYSTEMPATH\CodeIgniter.php(361): CodeIgniter\CodeIgniter->handleRequest(null, Object(Config\Cache), false)
 9 FCPATH\index.php(79): CodeIgniter\CodeIgniter->run()
INFO - 2024-03-21 14:06:00 --> Session: Class initialized using 'CodeIgniter\Session\Handlers\FileHandler' driver.
CRITICAL - 2024-03-21 14:06:00 --> header() expects at least 1 argument, 0 given
in APPPATH\Controllers\Usuario.php on line 275.
 1 APPPATH\Controllers\Usuario.php(275): header()
 2 SYSTEMPATH\CodeIgniter.php(942): App\Controllers\Usuario->index()
 3 SYSTEMPATH\CodeIgniter.php(502): CodeIgniter\CodeIgniter->runController(Object(App\Controllers\Usuario))
 4 SYSTEMPATH\CodeIgniter.php(361): CodeIgniter\CodeIgniter->handleRequest(null, Object(Config\Cache), false)
 5 FCPATH\index.php(79): CodeIgniter\CodeIgniter->run()
INFO - 2024-03-21 14:07:27 --> Session: Class initialized using 'CodeIgniter\Session\Handlers\FileHandler' driver.
INFO - 2024-03-21 14:07:30 --> Session: Class initialized using 'CodeIgniter\Session\Handlers\FileHandler' driver.
INFO - 2024-03-21 14:08:03 --> Session: Class initialized using 'CodeIgniter\Session\Handlers\FileHandler' driver.
INFO - 2024-03-21 14:08:05 --> Session: Class initialized using 'CodeIgniter\Session\Handlers\FileHandler' driver.
INFO - 2024-03-21 14:08:06 --> Session: Class initialized using 'CodeIgniter\Session\Handlers\FileHandler' driver.
INFO - 2024-03-21 14:08:09 --> Session: Class initialized using 'CodeIgniter\Session\Handlers\FileHandler' driver.
INFO - 2024-03-21 14:08:10 --> Session: Class initialized using 'CodeIgniter\Session\Handlers\FileHandler' driver.
INFO - 2024-03-21 14:27:59 --> Session: Class initialized using 'CodeIgniter\Session\Handlers\FileHandler' driver.
INFO - 2024-03-21 14:28:14 --> Session: Class initialized using 'CodeIgniter\Session\Handlers\FileHandler' driver.
INFO - 2024-03-21 14:28:37 --> Session: Class initialized using 'CodeIgniter\Session\Handlers\FileHandler' driver.
INFO - 2024-03-21 14:28:44 --> Session: Class initialized using 'CodeIgniter\Session\Handlers\FileHandler' driver.
INFO - 2024-03-21 14:29:13 --> Session: Class initialized using 'CodeIgniter\Session\Handlers\FileHandler' driver.
INFO - 2024-03-21 14:29:43 --> Session: Class initialized using 'CodeIgniter\Session\Handlers\FileHandler' driver.
INFO - 2024-03-21 14:29:58 --> Session: Class initialized using 'CodeIgniter\Session\Handlers\FileHandler' driver.
INFO - 2024-03-21 14:30:44 --> Session: Class initialized using 'CodeIgniter\Session\Handlers\FileHandler' driver.
INFO - 2024-03-21 14:38:55 --> Session: Class initialized using 'CodeIgniter\Session\Handlers\FileHandler' driver.
INFO - 2024-03-21 14:38:58 --> Session: Class initialized using 'CodeIgniter\Session\Handlers\FileHandler' driver.
INFO - 2024-03-21 14:39:05 --> Session: Class initialized using 'CodeIgniter\Session\Handlers\FileHandler' driver.
INFO - 2024-03-21 14:39:05 --> Session: Class initialized using 'CodeIgniter\Session\Handlers\FileHandler' driver.
INFO - 2024-03-21 14:39:35 --> Session: Class initialized using 'CodeIgniter\Session\Handlers\FileHandler' driver.
INFO - 2024-03-21 14:45:02 --> Session: Class initialized using 'CodeIgniter\Session\Handlers\FileHandler' driver.
INFO - 2024-03-21 14:45:30 --> Session: Class initialized using 'CodeIgniter\Session\Handlers\FileHandler' driver.
INFO - 2024-03-21 14:46:29 --> Session: Class initialized using 'CodeIgniter\Session\Handlers\FileHandler' driver.
INFO - 2024-03-21 14:46:30 --> Session: Class initialized using 'CodeIgniter\Session\Handlers\FileHandler' driver.
INFO - 2024-03-21 14:46:31 --> Session: Class initialized using 'CodeIgniter\Session\Handlers\FileHandler' driver.
INFO - 2024-03-21 14:46:32 --> Session: Class initialized using 'CodeIgniter\Session\Handlers\FileHandler' driver.
INFO - 2024-03-21 14:46:33 --> Session: Class initialized using 'CodeIgniter\Session\Handlers\FileHandler' driver.
INFO - 2024-03-21 14:50:15 --> Session: Class initialized using 'CodeIgniter\Session\Handlers\FileHandler' driver.
INFO - 2024-03-21 14:50:18 --> Session: Class initialized using 'CodeIgniter\Session\Handlers\FileHandler' driver.
INFO - 2024-03-21 14:52:43 --> Session: Class initialized using 'CodeIgniter\Session\Handlers\FileHandler' driver.
INFO - 2024-03-21 14:53:23 --> Session: Class initialized using 'CodeIgniter\Session\Handlers\FileHandler' driver.
INFO - 2024-03-21 15:50:40 --> Session: Class initialized using 'CodeIgniter\Session\Handlers\FileHandler' driver.
INFO - 2024-03-21 15:50:40 --> Session: Class initialized using 'CodeIgniter\Session\Handlers\FileHandler' driver.
INFO - 2024-03-21 15:50:44 --> Session: Class initialized using 'CodeIgniter\Session\Handlers\FileHandler' driver.
INFO - 2024-03-21 15:50:45 --> Session: Class initialized using 'CodeIgniter\Session\Handlers\FileHandler' driver.
