INFO - 2024-03-09 14:35:15 --> Session: Class initialized using 'CodeIgniter\Session\Handlers\FileHandler' driver.
INFO - 2024-03-09 14:35:24 --> Session: Class initialized using 'CodeIgniter\Session\Handlers\FileHandler' driver.
INFO - 2024-03-09 14:35:31 --> Session: Class initialized using 'CodeIgniter\Session\Handlers\FileHandler' driver.
INFO - 2024-03-09 14:35:32 --> Session: Class initialized using 'CodeIgniter\Session\Handlers\FileHandler' driver.
INFO - 2024-03-09 14:36:14 --> Session: Class initialized using 'CodeIgniter\Session\Handlers\FileHandler' driver.
INFO - 2024-03-09 14:36:17 --> Session: Class initialized using 'CodeIgniter\Session\Handlers\FileHandler' driver.
INFO - 2024-03-09 14:36:19 --> Session: Class initialized using 'CodeIgniter\Session\Handlers\FileHandler' driver.
INFO - 2024-03-09 14:36:23 --> Session: Class initialized using 'CodeIgniter\Session\Handlers\FileHandler' driver.
INFO - 2024-03-09 14:37:08 --> Session: Class initialized using 'CodeIgniter\Session\Handlers\FileHandler' driver.
INFO - 2024-03-09 14:37:12 --> Session: Class initialized using 'CodeIgniter\Session\Handlers\FileHandler' driver.
INFO - 2024-03-09 14:37:15 --> Session: Class initialized using 'CodeIgniter\Session\Handlers\FileHandler' driver.
INFO - 2024-03-09 14:37:21 --> Session: Class initialized using 'CodeIgniter\Session\Handlers\FileHandler' driver.
INFO - 2024-03-09 14:38:04 --> Session: Class initialized using 'CodeIgniter\Session\Handlers\FileHandler' driver.
INFO - 2024-03-09 14:42:07 --> Session: Class initialized using 'CodeIgniter\Session\Handlers\FileHandler' driver.
CRITICAL - 2024-03-09 14:42:07 --> Undefined property: stdClass::$usuario_entidad
in APPPATH\Views\admin\certificados.php on line 34.
 1 APPPATH\Views\admin\certificados.php(34): CodeIgniter\Debug\Exceptions->errorHandler(2, 'Undefined property: stdClass::$usuario_entidad', 'D:\\xampp\\htdocs\\empadronamientoPuebla\\app\\Views\\admin\\certificados.php', 34)
 2 SYSTEMPATH\View\View.php(228): include('D:\\xampp\\htdocs\\empadronamientoPuebla\\app\\Views\\admin\\certificados.php')
 3 SYSTEMPATH\View\View.php(231): CodeIgniter\View\View->CodeIgniter\View\{closure}()
 4 SYSTEMPATH\Common.php(1190): CodeIgniter\View\View->render('admin/certificados', [], true)
 5 APPPATH\Controllers\Admin.php(428): view('admin/certificados', [...])
 6 SYSTEMPATH\CodeIgniter.php(942): App\Controllers\Admin->certificados()
 7 SYSTEMPATH\CodeIgniter.php(502): CodeIgniter\CodeIgniter->runController(Object(App\Controllers\Admin))
 8 SYSTEMPATH\CodeIgniter.php(361): CodeIgniter\CodeIgniter->handleRequest(null, Object(Config\Cache), false)
 9 FCPATH\index.php(79): CodeIgniter\CodeIgniter->run()
INFO - 2024-03-09 14:42:29 --> Session: Class initialized using 'CodeIgniter\Session\Handlers\FileHandler' driver.
CRITICAL - 2024-03-09 14:42:29 --> Undefined property: stdClass::$telefono
in APPPATH\Views\admin\certificados.php on line 35.
 1 APPPATH\Views\admin\certificados.php(35): CodeIgniter\Debug\Exceptions->errorHandler(2, 'Undefined property: stdClass::$telefono', 'D:\\xampp\\htdocs\\empadronamientoPuebla\\app\\Views\\admin\\certificados.php', 35)
 2 SYSTEMPATH\View\View.php(228): include('D:\\xampp\\htdocs\\empadronamientoPuebla\\app\\Views\\admin\\certificados.php')
 3 SYSTEMPATH\View\View.php(231): CodeIgniter\View\View->CodeIgniter\View\{closure}()
 4 SYSTEMPATH\Common.php(1190): CodeIgniter\View\View->render('admin/certificados', [], true)
 5 APPPATH\Controllers\Admin.php(428): view('admin/certificados', [...])
 6 SYSTEMPATH\CodeIgniter.php(942): App\Controllers\Admin->certificados()
 7 SYSTEMPATH\CodeIgniter.php(502): CodeIgniter\CodeIgniter->runController(Object(App\Controllers\Admin))
 8 SYSTEMPATH\CodeIgniter.php(361): CodeIgniter\CodeIgniter->handleRequest(null, Object(Config\Cache), false)
 9 FCPATH\index.php(79): CodeIgniter\CodeIgniter->run()
INFO - 2024-03-09 14:42:51 --> Session: Class initialized using 'CodeIgniter\Session\Handlers\FileHandler' driver.
ERROR - 2024-03-09 14:42:51 --> mysqli_sql_exception: Unknown column 'usuario.telefono' in 'field list' in D:\xampp\htdocs\empadronamientoPuebla\vendor\codeigniter4\framework\system\Database\MySQLi\Connection.php:306
Stack trace:
#0 D:\xampp\htdocs\empadronamientoPuebla\vendor\codeigniter4\framework\system\Database\MySQLi\Connection.php(306): mysqli->query('SELECT `certifi...', 0)
#1 D:\xampp\htdocs\empadronamientoPuebla\vendor\codeigniter4\framework\system\Database\BaseConnection.php(693): CodeIgniter\Database\MySQLi\Connection->execute('SELECT `certifi...')
#2 D:\xampp\htdocs\empadronamientoPuebla\vendor\codeigniter4\framework\system\Database\BaseConnection.php(607): CodeIgniter\Database\BaseConnection->simpleQuery('SELECT `certifi...')
#3 D:\xampp\htdocs\empadronamientoPuebla\vendor\codeigniter4\framework\system\Database\BaseBuilder.php(1615): CodeIgniter\Database\BaseConnection->query('SELECT `certifi...', Array, false)
#4 D:\xampp\htdocs\empadronamientoPuebla\app\Controllers\Admin.php(423): CodeIgniter\Database\BaseBuilder->get()
#5 D:\xampp\htdocs\empadronamientoPuebla\vendor\codeigniter4\framework\system\CodeIgniter.php(942): App\Controllers\Admin->certificados()
#6 D:\xampp\htdocs\empadronamientoPuebla\vendor\codeigniter4\framework\system\CodeIgniter.php(502): CodeIgniter\CodeIgniter->runController(Object(App\Controllers\Admin))
#7 D:\xampp\htdocs\empadronamientoPuebla\vendor\codeigniter4\framework\system\CodeIgniter.php(361): CodeIgniter\CodeIgniter->handleRequest(NULL, Object(Config\Cache), false)
#8 D:\xampp\htdocs\empadronamientoPuebla\public\index.php(79): CodeIgniter\CodeIgniter->run()
#9 {main}
CRITICAL - 2024-03-09 14:42:51 --> Unknown column 'usuario.telefono' in 'field list'
in SYSTEMPATH\Database\BaseConnection.php on line 647.
 1 SYSTEMPATH\Database\BaseBuilder.php(1615): CodeIgniter\Database\BaseConnection->query('SELECT `certificados`.`folio`, `certificados`.`fecha_alta`, `certificados`.`id_certificado`, `usuarios`.`curp`, `usuarios`.`identificacion`, `usuarios`.`id_usuario`, `usuarios`.`nombre` AS `usuario_nombre`, `usuarios`.`nombre_entidad`, `usuario`.`telefono`, `mascotas`.`nombre`, `mascotas`.`edad`, `mascotas`.`raza`, `mascotas`.`id_mascota`, `mascotas`.`especie`, `mascotas`.`esterilizado`, `mascotas`.`sexo`, `mascotas`.`vacunado`
FROM `certificados`
LEFT JOIN `usuarios` ON `certificados`.`id_usuario` = `usuarios`.`id_usuario`
LEFT JOIN `mascotas` ON `certificados`.`id_mascota` = `mascotas`.`id_mascota`
WHERE `certificados`.`activo` = :certificados.activo:', [...], false)
 2 APPPATH\Controllers\Admin.php(423): CodeIgniter\Database\BaseBuilder->get()
 3 SYSTEMPATH\CodeIgniter.php(942): App\Controllers\Admin->certificados()
 4 SYSTEMPATH\CodeIgniter.php(502): CodeIgniter\CodeIgniter->runController(Object(App\Controllers\Admin))
 5 SYSTEMPATH\CodeIgniter.php(361): CodeIgniter\CodeIgniter->handleRequest(null, Object(Config\Cache), false)
 6 FCPATH\index.php(79): CodeIgniter\CodeIgniter->run()
INFO - 2024-03-09 14:42:58 --> Session: Class initialized using 'CodeIgniter\Session\Handlers\FileHandler' driver.
INFO - 2024-03-09 14:50:54 --> Session: Class initialized using 'CodeIgniter\Session\Handlers\FileHandler' driver.
INFO - 2024-03-09 14:53:53 --> Session: Class initialized using 'CodeIgniter\Session\Handlers\FileHandler' driver.
INFO - 2024-03-09 14:54:25 --> Session: Class initialized using 'CodeIgniter\Session\Handlers\FileHandler' driver.
INFO - 2024-03-09 15:04:34 --> Session: Class initialized using 'CodeIgniter\Session\Handlers\FileHandler' driver.
ERROR - 2024-03-09 15:04:34 --> mysqli_sql_exception: Unknown column 'entidades.nombre_entidad' in 'field list' in D:\xampp\htdocs\empadronamientoPuebla\vendor\codeigniter4\framework\system\Database\MySQLi\Connection.php:306
Stack trace:
#0 D:\xampp\htdocs\empadronamientoPuebla\vendor\codeigniter4\framework\system\Database\MySQLi\Connection.php(306): mysqli->query('SELECT DISTINCT...', 0)
#1 D:\xampp\htdocs\empadronamientoPuebla\vendor\codeigniter4\framework\system\Database\BaseConnection.php(693): CodeIgniter\Database\MySQLi\Connection->execute('SELECT DISTINCT...')
#2 D:\xampp\htdocs\empadronamientoPuebla\vendor\codeigniter4\framework\system\Database\BaseConnection.php(607): CodeIgniter\Database\BaseConnection->simpleQuery('SELECT DISTINCT...')
#3 D:\xampp\htdocs\empadronamientoPuebla\vendor\codeigniter4\framework\system\Database\BaseBuilder.php(1615): CodeIgniter\Database\BaseConnection->query('SELECT DISTINCT...', Array, false)
#4 D:\xampp\htdocs\empadronamientoPuebla\app\Controllers\Admin.php(342): CodeIgniter\Database\BaseBuilder->get()
#5 D:\xampp\htdocs\empadronamientoPuebla\vendor\codeigniter4\framework\system\CodeIgniter.php(942): App\Controllers\Admin->inicio()
#6 D:\xampp\htdocs\empadronamientoPuebla\vendor\codeigniter4\framework\system\CodeIgniter.php(502): CodeIgniter\CodeIgniter->runController(Object(App\Controllers\Admin))
#7 D:\xampp\htdocs\empadronamientoPuebla\vendor\codeigniter4\framework\system\CodeIgniter.php(361): CodeIgniter\CodeIgniter->handleRequest(NULL, Object(Config\Cache), false)
#8 D:\xampp\htdocs\empadronamientoPuebla\public\index.php(79): CodeIgniter\CodeIgniter->run()
#9 {main}
CRITICAL - 2024-03-09 15:04:34 --> Unknown column 'entidades.nombre_entidad' in 'field list'
in SYSTEMPATH\Database\BaseConnection.php on line 647.
 1 SYSTEMPATH\Database\BaseBuilder.php(1615): CodeIgniter\Database\BaseConnection->query('SELECT DISTINCT `certificados`.`folio`, `certificados`.`fecha_alta`, `certificados`.`id_certificado`, `entidades`.`nombre_entidad` AS `entidad`, `usuarios`.`curp`, `usuarios`.`identificacion`, `usuarios`.`id_usuario`, `usuarios`.`nombre` AS `usuario_nombre`, `usuarios`.`nombre_entidad`, `mascotas`.`nombre`, `mascotas`.`edad`, `mascotas`.`raza`, `mascotas`.`id_mascota`, `mascotas`.`especie`, `mascotas`.`esterilizado`, `mascotas`.`sexo`, `mascotas`.`vacunado`
FROM `certificados`
LEFT JOIN `usuarios` ON `certificados`.`id_usuario` = `usuarios`.`id_usuario`
LEFT JOIN `mascotas` ON `certificados`.`id_mascota` = `mascotas`.`id_mascota`', [], false)
 2 APPPATH\Controllers\Admin.php(342): CodeIgniter\Database\BaseBuilder->get()
 3 SYSTEMPATH\CodeIgniter.php(942): App\Controllers\Admin->inicio()
 4 SYSTEMPATH\CodeIgniter.php(502): CodeIgniter\CodeIgniter->runController(Object(App\Controllers\Admin))
 5 SYSTEMPATH\CodeIgniter.php(361): CodeIgniter\CodeIgniter->handleRequest(null, Object(Config\Cache), false)
 6 FCPATH\index.php(79): CodeIgniter\CodeIgniter->run()
INFO - 2024-03-09 15:09:33 --> Session: Class initialized using 'CodeIgniter\Session\Handlers\FileHandler' driver.
CRITICAL - 2024-03-09 15:09:33 --> Undefined variable $resultados1
in APPPATH\Views\admin\inicio.php on line 128.
 1 APPPATH\Views\admin\inicio.php(128): CodeIgniter\Debug\Exceptions->errorHandler(2, 'Undefined variable $resultados1', 'D:\\xampp\\htdocs\\empadronamientoPuebla\\app\\Views\\admin\\inicio.php', 128)
 2 SYSTEMPATH\View\View.php(228): include('D:\\xampp\\htdocs\\empadronamientoPuebla\\app\\Views\\admin\\inicio.php')
 3 SYSTEMPATH\View\View.php(231): CodeIgniter\View\View->CodeIgniter\View\{closure}()
 4 SYSTEMPATH\Common.php(1190): CodeIgniter\View\View->render('admin/inicio', [], true)
 5 APPPATH\Controllers\Admin.php(349): view('admin/inicio', [...])
 6 SYSTEMPATH\CodeIgniter.php(942): App\Controllers\Admin->inicio()
 7 SYSTEMPATH\CodeIgniter.php(502): CodeIgniter\CodeIgniter->runController(Object(App\Controllers\Admin))
 8 SYSTEMPATH\CodeIgniter.php(361): CodeIgniter\CodeIgniter->handleRequest(null, Object(Config\Cache), false)
 9 FCPATH\index.php(79): CodeIgniter\CodeIgniter->run()
INFO - 2024-03-09 15:09:51 --> Session: Class initialized using 'CodeIgniter\Session\Handlers\FileHandler' driver.
INFO - 2024-03-09 15:23:21 --> Session: Class initialized using 'CodeIgniter\Session\Handlers\FileHandler' driver.
INFO - 2024-03-09 15:34:40 --> Session: Class initialized using 'CodeIgniter\Session\Handlers\FileHandler' driver.
INFO - 2024-03-09 15:39:46 --> Session: Class initialized using 'CodeIgniter\Session\Handlers\FileHandler' driver.
INFO - 2024-03-09 15:40:54 --> Session: Class initialized using 'CodeIgniter\Session\Handlers\FileHandler' driver.
INFO - 2024-03-09 15:44:58 --> Session: Class initialized using 'CodeIgniter\Session\Handlers\FileHandler' driver.
INFO - 2024-03-09 15:53:54 --> Session: Class initialized using 'CodeIgniter\Session\Handlers\FileHandler' driver.
