INFO - 2024-03-03 22:24:19 --> Session: Class initialized using 'CodeIgniter\Session\Handlers\FileHandler' driver.
INFO - 2024-03-03 22:24:53 --> Session: Class initialized using 'CodeIgniter\Session\Handlers\FileHandler' driver.
INFO - 2024-03-03 22:25:07 --> Session: Class initialized using 'CodeIgniter\Session\Handlers\FileHandler' driver.
INFO - 2024-03-03 22:33:30 --> Session: Class initialized using 'CodeIgniter\Session\Handlers\FileHandler' driver.
INFO - 2024-03-03 22:35:47 --> Session: Class initialized using 'CodeIgniter\Session\Handlers\FileHandler' driver.
INFO - 2024-03-03 22:44:21 --> Session: Class initialized using 'CodeIgniter\Session\Handlers\FileHandler' driver.
INFO - 2024-03-03 22:47:41 --> Session: Class initialized using 'CodeIgniter\Session\Handlers\FileHandler' driver.
INFO - 2024-03-03 22:47:51 --> Session: Class initialized using 'CodeIgniter\Session\Handlers\FileHandler' driver.
INFO - 2024-03-03 22:48:07 --> Session: Class initialized using 'CodeIgniter\Session\Handlers\FileHandler' driver.
INFO - 2024-03-03 22:48:08 --> Session: Class initialized using 'CodeIgniter\Session\Handlers\FileHandler' driver.
INFO - 2024-03-03 22:48:12 --> Session: Class initialized using 'CodeIgniter\Session\Handlers\FileHandler' driver.
INFO - 2024-03-03 22:48:14 --> Session: Class initialized using 'CodeIgniter\Session\Handlers\FileHandler' driver.
INFO - 2024-03-03 22:48:16 --> Session: Class initialized using 'CodeIgniter\Session\Handlers\FileHandler' driver.
INFO - 2024-03-03 22:48:17 --> Session: Class initialized using 'CodeIgniter\Session\Handlers\FileHandler' driver.
WARNING - 2024-03-03 22:48:17 --> [DEPRECATED] Function strftime() is deprecated in APPPATH/Controllers/Usuario.php on line 715.
 1 SYSTEMPATH/CodeIgniter.php(942): App\Controllers\Usuario->generarPDF('2')
 2 SYSTEMPATH/CodeIgniter.php(502): CodeIgniter\CodeIgniter->runController(Object(App\Controllers\Usuario))
 3 SYSTEMPATH/CodeIgniter.php(361): CodeIgniter\CodeIgniter->handleRequest(null, Object(Config\Cache), false)
 4 FCPATH/index.php(79): CodeIgniter\CodeIgniter->run()
WARNING - 2024-03-03 22:48:18 --> [DEPRECATED] Function utf8_decode() is deprecated in APPPATH/Controllers/Usuario.php on line 731.
 1 SYSTEMPATH/CodeIgniter.php(942): App\Controllers\Usuario->generarPDF('2')
 2 SYSTEMPATH/CodeIgniter.php(502): CodeIgniter\CodeIgniter->runController(Object(App\Controllers\Usuario))
 3 SYSTEMPATH/CodeIgniter.php(361): CodeIgniter\CodeIgniter->handleRequest(null, Object(Config\Cache), false)
 4 FCPATH/index.php(79): CodeIgniter\CodeIgniter->run()
WARNING - 2024-03-03 22:48:18 --> [DEPRECATED] Function utf8_decode() is deprecated in APPPATH/Controllers/Usuario.php on line 734.
 1 SYSTEMPATH/CodeIgniter.php(942): App\Controllers\Usuario->generarPDF('2')
 2 SYSTEMPATH/CodeIgniter.php(502): CodeIgniter\CodeIgniter->runController(Object(App\Controllers\Usuario))
 3 SYSTEMPATH/CodeIgniter.php(361): CodeIgniter\CodeIgniter->handleRequest(null, Object(Config\Cache), false)
 4 FCPATH/index.php(79): CodeIgniter\CodeIgniter->run()
WARNING - 2024-03-03 22:48:18 --> [DEPRECATED] Function utf8_decode() is deprecated in APPPATH/Controllers/Usuario.php on line 736.
 1 SYSTEMPATH/CodeIgniter.php(942): App\Controllers\Usuario->generarPDF('2')
 2 SYSTEMPATH/CodeIgniter.php(502): CodeIgniter\CodeIgniter->runController(Object(App\Controllers\Usuario))
 3 SYSTEMPATH/CodeIgniter.php(361): CodeIgniter\CodeIgniter->handleRequest(null, Object(Config\Cache), false)
 4 FCPATH/index.php(79): CodeIgniter\CodeIgniter->run()
WARNING - 2024-03-03 22:48:18 --> [DEPRECATED] Function utf8_decode() is deprecated in APPPATH/Controllers/Usuario.php on line 737.
 1 SYSTEMPATH/CodeIgniter.php(942): App\Controllers\Usuario->generarPDF('2')
 2 SYSTEMPATH/CodeIgniter.php(502): CodeIgniter\CodeIgniter->runController(Object(App\Controllers\Usuario))
 3 SYSTEMPATH/CodeIgniter.php(361): CodeIgniter\CodeIgniter->handleRequest(null, Object(Config\Cache), false)
 4 FCPATH/index.php(79): CodeIgniter\CodeIgniter->run()
WARNING - 2024-03-03 22:48:18 --> [DEPRECATED] Function utf8_decode() is deprecated in APPPATH/Controllers/Usuario.php on line 738.
 1 SYSTEMPATH/CodeIgniter.php(942): App\Controllers\Usuario->generarPDF('2')
 2 SYSTEMPATH/CodeIgniter.php(502): CodeIgniter\CodeIgniter->runController(Object(App\Controllers\Usuario))
 3 SYSTEMPATH/CodeIgniter.php(361): CodeIgniter\CodeIgniter->handleRequest(null, Object(Config\Cache), false)
 4 FCPATH/index.php(79): CodeIgniter\CodeIgniter->run()
WARNING - 2024-03-03 22:48:18 --> [DEPRECATED] Function utf8_decode() is deprecated in APPPATH/Controllers/Usuario.php on line 740.
 1 SYSTEMPATH/CodeIgniter.php(942): App\Controllers\Usuario->generarPDF('2')
 2 SYSTEMPATH/CodeIgniter.php(502): CodeIgniter\CodeIgniter->runController(Object(App\Controllers\Usuario))
 3 SYSTEMPATH/CodeIgniter.php(361): CodeIgniter\CodeIgniter->handleRequest(null, Object(Config\Cache), false)
 4 FCPATH/index.php(79): CodeIgniter\CodeIgniter->run()
WARNING - 2024-03-03 22:48:18 --> [DEPRECATED] Function utf8_decode() is deprecated in APPPATH/Controllers/Usuario.php on line 741.
 1 SYSTEMPATH/CodeIgniter.php(942): App\Controllers\Usuario->generarPDF('2')
 2 SYSTEMPATH/CodeIgniter.php(502): CodeIgniter\CodeIgniter->runController(Object(App\Controllers\Usuario))
 3 SYSTEMPATH/CodeIgniter.php(361): CodeIgniter\CodeIgniter->handleRequest(null, Object(Config\Cache), false)
 4 FCPATH/index.php(79): CodeIgniter\CodeIgniter->run()
WARNING - 2024-03-03 22:48:18 --> [DEPRECATED] Function utf8_decode() is deprecated in APPPATH/Controllers/Usuario.php on line 742.
 1 SYSTEMPATH/CodeIgniter.php(942): App\Controllers\Usuario->generarPDF('2')
 2 SYSTEMPATH/CodeIgniter.php(502): CodeIgniter\CodeIgniter->runController(Object(App\Controllers\Usuario))
 3 SYSTEMPATH/CodeIgniter.php(361): CodeIgniter\CodeIgniter->handleRequest(null, Object(Config\Cache), false)
 4 FCPATH/index.php(79): CodeIgniter\CodeIgniter->run()
WARNING - 2024-03-03 22:48:18 --> [DEPRECATED] Function utf8_decode() is deprecated in APPPATH/Controllers/Usuario.php on line 744.
 1 SYSTEMPATH/CodeIgniter.php(942): App\Controllers\Usuario->generarPDF('2')
 2 SYSTEMPATH/CodeIgniter.php(502): CodeIgniter\CodeIgniter->runController(Object(App\Controllers\Usuario))
 3 SYSTEMPATH/CodeIgniter.php(361): CodeIgniter\CodeIgniter->handleRequest(null, Object(Config\Cache), false)
 4 FCPATH/index.php(79): CodeIgniter\CodeIgniter->run()
WARNING - 2024-03-03 22:48:18 --> [DEPRECATED] Function utf8_decode() is deprecated in APPPATH/Controllers/Usuario.php on line 746.
 1 SYSTEMPATH/CodeIgniter.php(942): App\Controllers\Usuario->generarPDF('2')
 2 SYSTEMPATH/CodeIgniter.php(502): CodeIgniter\CodeIgniter->runController(Object(App\Controllers\Usuario))
 3 SYSTEMPATH/CodeIgniter.php(361): CodeIgniter\CodeIgniter->handleRequest(null, Object(Config\Cache), false)
 4 FCPATH/index.php(79): CodeIgniter\CodeIgniter->run()
WARNING - 2024-03-03 22:48:18 --> [DEPRECATED] Function utf8_decode() is deprecated in APPPATH/Controllers/Usuario.php on line 749.
 1 SYSTEMPATH/CodeIgniter.php(942): App\Controllers\Usuario->generarPDF('2')
 2 SYSTEMPATH/CodeIgniter.php(502): CodeIgniter\CodeIgniter->runController(Object(App\Controllers\Usuario))
 3 SYSTEMPATH/CodeIgniter.php(361): CodeIgniter\CodeIgniter->handleRequest(null, Object(Config\Cache), false)
 4 FCPATH/index.php(79): CodeIgniter\CodeIgniter->run()
WARNING - 2024-03-03 22:48:18 --> [DEPRECATED] Function utf8_decode() is deprecated in APPPATH/Controllers/Usuario.php on line 751.
 1 SYSTEMPATH/CodeIgniter.php(942): App\Controllers\Usuario->generarPDF('2')
 2 SYSTEMPATH/CodeIgniter.php(502): CodeIgniter\CodeIgniter->runController(Object(App\Controllers\Usuario))
 3 SYSTEMPATH/CodeIgniter.php(361): CodeIgniter\CodeIgniter->handleRequest(null, Object(Config\Cache), false)
 4 FCPATH/index.php(79): CodeIgniter\CodeIgniter->run()
WARNING - 2024-03-03 22:48:18 --> [DEPRECATED] Function utf8_decode() is deprecated in APPPATH/Controllers/Usuario.php on line 753.
 1 SYSTEMPATH/CodeIgniter.php(942): App\Controllers\Usuario->generarPDF('2')
 2 SYSTEMPATH/CodeIgniter.php(502): CodeIgniter\CodeIgniter->runController(Object(App\Controllers\Usuario))
 3 SYSTEMPATH/CodeIgniter.php(361): CodeIgniter\CodeIgniter->handleRequest(null, Object(Config\Cache), false)
 4 FCPATH/index.php(79): CodeIgniter\CodeIgniter->run()
WARNING - 2024-03-03 22:48:18 --> [DEPRECATED] Function utf8_decode() is deprecated in APPPATH/Controllers/Usuario.php on line 756.
 1 SYSTEMPATH/CodeIgniter.php(942): App\Controllers\Usuario->generarPDF('2')
 2 SYSTEMPATH/CodeIgniter.php(502): CodeIgniter\CodeIgniter->runController(Object(App\Controllers\Usuario))
 3 SYSTEMPATH/CodeIgniter.php(361): CodeIgniter\CodeIgniter->handleRequest(null, Object(Config\Cache), false)
 4 FCPATH/index.php(79): CodeIgniter\CodeIgniter->run()
