INFO - 2025-07-03 09:51:44 --> Session: Class initialized using 'CodeIgniter\Session\Handlers\FileHandler' driver.
INFO - 2025-07-03 09:52:12 --> Session: Class initialized using 'CodeIgniter\Session\Handlers\FileHandler' driver.
INFO - 2025-07-03 09:52:52 --> Session: Class initialized using 'CodeIgniter\Session\Handlers\FileHandler' driver.
ERROR - 2025-07-03 09:52:52 --> Error connecting to the database: mysqli_sql_exception: Access denied for user 'root'@'localhost' (using password: NO) in C:\wamp64\www\empadronamiento\vendor\codeigniter4\framework\system\Database\MySQLi\Connection.php:185
Stack trace:
#0 C:\wamp64\www\empadronamiento\vendor\codeigniter4\framework\system\Database\MySQLi\Connection.php(185): mysqli->real_connect('localhost', 'root', '', 'empadronamiento', 3306, '', 0)
#1 C:\wamp64\www\empadronamiento\vendor\codeigniter4\framework\system\Database\BaseConnection.php(392): CodeIgniter\Database\MySQLi\Connection->connect(false)
#2 C:\wamp64\www\empadronamiento\vendor\codeigniter4\framework\system\Database\BaseConnection.php(575): CodeIgniter\Database\BaseConnection->initialize()
#3 C:\wamp64\www\empadronamiento\vendor\codeigniter4\framework\system\Database\BaseBuilder.php(1615): CodeIgniter\Database\BaseConnection->query('SELECT *\nFROM `...', Array, false)
#4 C:\wamp64\www\empadronamiento\vendor\codeigniter4\framework\system\Model.php(264): CodeIgniter\Database\BaseBuilder->get()
#5 C:\wamp64\www\empadronamiento\vendor\codeigniter4\framework\system\BaseModel.php(662): CodeIgniter\Model->doFirst()
#6 C:\wamp64\www\empadronamiento\app\Controllers\Login.php(98): CodeIgniter\BaseModel->first()
#7 C:\wamp64\www\empadronamiento\vendor\codeigniter4\framework\system\CodeIgniter.php(942): App\Controllers\Login->validar()
#8 C:\wamp64\www\empadronamiento\vendor\codeigniter4\framework\system\CodeIgniter.php(502): CodeIgniter\CodeIgniter->runController(Object(App\Controllers\Login))
#9 C:\wamp64\www\empadronamiento\vendor\codeigniter4\framework\system\CodeIgniter.php(361): CodeIgniter\CodeIgniter->handleRequest(NULL, Object(Config\Cache), false)
#10 C:\wamp64\www\empadronamiento\public\index.php(79): CodeIgniter\CodeIgniter->run()
#11 {main}

Next CodeIgniter\Database\Exceptions\DatabaseException: Access denied for user '****'@'localhost' (using password: NO) in C:\wamp64\www\empadronamiento\vendor\codeigniter4\framework\system\Database\MySQLi\Connection.php:229
Stack trace:
#0 C:\wamp64\www\empadronamiento\vendor\codeigniter4\framework\system\Database\BaseConnection.php(392): CodeIgniter\Database\MySQLi\Connection->connect(false)
#1 C:\wamp64\www\empadronamiento\vendor\codeigniter4\framework\system\Database\BaseConnection.php(575): CodeIgniter\Database\BaseConnection->initialize()
#2 C:\wamp64\www\empadronamiento\vendor\codeigniter4\framework\system\Database\BaseBuilder.php(1615): CodeIgniter\Database\BaseConnection->query('SELECT *\nFROM `...', Array, false)
#3 C:\wamp64\www\empadronamiento\vendor\codeigniter4\framework\system\Model.php(264): CodeIgniter\Database\BaseBuilder->get()
#4 C:\wamp64\www\empadronamiento\vendor\codeigniter4\framework\system\BaseModel.php(662): CodeIgniter\Model->doFirst()
#5 C:\wamp64\www\empadronamiento\app\Controllers\Login.php(98): CodeIgniter\BaseModel->first()
#6 C:\wamp64\www\empadronamiento\vendor\codeigniter4\framework\system\CodeIgniter.php(942): App\Controllers\Login->validar()
#7 C:\wamp64\www\empadronamiento\vendor\codeigniter4\framework\system\CodeIgniter.php(502): CodeIgniter\CodeIgniter->runController(Object(App\Controllers\Login))
#8 C:\wamp64\www\empadronamiento\vendor\codeigniter4\framework\system\CodeIgniter.php(361): CodeIgniter\CodeIgniter->handleRequest(NULL, Object(Config\Cache), false)
#9 C:\wamp64\www\empadronamiento\public\index.php(79): CodeIgniter\CodeIgniter->run()
#10 {main}
CRITICAL - 2025-07-03 09:52:52 --> Unable to connect to the database.
Main connection [MySQLi]: Access denied for user '****'@'localhost' (using password: NO)
in SYSTEMPATH\Database\BaseConnection.php on line 428.
 1 SYSTEMPATH\Database\BaseConnection.php(575): CodeIgniter\Database\BaseConnection->initialize()
 2 SYSTEMPATH\Database\BaseBuilder.php(1615): CodeIgniter\Database\BaseConnection->query('SELECT *
FROM `usuarios`
WHERE `correo` = :correo:
 LIMIT 1', [...], false)
 3 SYSTEMPATH\Model.php(264): CodeIgniter\Database\BaseBuilder->get()
 4 SYSTEMPATH\BaseModel.php(662): CodeIgniter\Model->doFirst()
 5 APPPATH\Controllers\Login.php(98): CodeIgniter\BaseModel->first()
 6 SYSTEMPATH\CodeIgniter.php(942): App\Controllers\Login->validar()
 7 SYSTEMPATH\CodeIgniter.php(502): CodeIgniter\CodeIgniter->runController(Object(App\Controllers\Login))
 8 SYSTEMPATH\CodeIgniter.php(361): CodeIgniter\CodeIgniter->handleRequest(null, Object(Config\Cache), false)
 9 FCPATH\index.php(79): CodeIgniter\CodeIgniter->run()
INFO - 2025-07-03 09:54:44 --> Session: Class initialized using 'CodeIgniter\Session\Handlers\FileHandler' driver.
INFO - 2025-07-03 09:54:44 --> Session: Class initialized using 'CodeIgniter\Session\Handlers\FileHandler' driver.
INFO - 2025-07-03 09:55:29 --> Session: Class initialized using 'CodeIgniter\Session\Handlers\FileHandler' driver.
INFO - 2025-07-03 09:57:03 --> Session: Class initialized using 'CodeIgniter\Session\Handlers\FileHandler' driver.
INFO - 2025-07-03 09:57:06 --> Session: Class initialized using 'CodeIgniter\Session\Handlers\FileHandler' driver.
INFO - 2025-07-03 09:57:19 --> Session: Class initialized using 'CodeIgniter\Session\Handlers\FileHandler' driver.
INFO - 2025-07-03 09:57:29 --> Session: Class initialized using 'CodeIgniter\Session\Handlers\FileHandler' driver.
INFO - 2025-07-03 10:27:50 --> Session: Class initialized using 'CodeIgniter\Session\Handlers\FileHandler' driver.
CRITICAL - 2025-07-03 10:27:50 --> Undefined variable $rutaMascota
in APPPATH\Views\usuario\muestraDatos.php on line 102.
 1 APPPATH\Views\usuario\muestraDatos.php(102): CodeIgniter\Debug\Exceptions->errorHandler(2, 'Undefined variable $rutaMascota', 'C:\\wamp64\\www\\empadronamiento\\app\\Views\\usuario\\muestraDatos.php', 102)
 2 SYSTEMPATH\View\View.php(228): include('C:\\wamp64\\www\\empadronamiento\\app\\Views\\usuario\\muestraDatos.php')
 3 SYSTEMPATH\View\View.php(231): CodeIgniter\View\View->CodeIgniter\View\{closure}()
 4 SYSTEMPATH\Common.php(1190): CodeIgniter\View\View->render('usuario/muestraDatos', [], true)
 5 APPPATH\Controllers\Usuario.php(411): view('usuario/muestraDatos', [...])
 6 SYSTEMPATH\CodeIgniter.php(942): App\Controllers\Usuario->muestraDatos('1')
 7 SYSTEMPATH\CodeIgniter.php(502): CodeIgniter\CodeIgniter->runController(Object(App\Controllers\Usuario))
 8 SYSTEMPATH\CodeIgniter.php(361): CodeIgniter\CodeIgniter->handleRequest(null, Object(Config\Cache), false)
 9 FCPATH\index.php(79): CodeIgniter\CodeIgniter->run()
INFO - 2025-07-03 10:28:00 --> Session: Class initialized using 'CodeIgniter\Session\Handlers\FileHandler' driver.
CRITICAL - 2025-07-03 10:28:00 --> Undefined variable $rutaMascota
in APPPATH\Views\usuario\muestraDatos.php on line 102.
 1 APPPATH\Views\usuario\muestraDatos.php(102): CodeIgniter\Debug\Exceptions->errorHandler(2, 'Undefined variable $rutaMascota', 'C:\\wamp64\\www\\empadronamiento\\app\\Views\\usuario\\muestraDatos.php', 102)
 2 SYSTEMPATH\View\View.php(228): include('C:\\wamp64\\www\\empadronamiento\\app\\Views\\usuario\\muestraDatos.php')
 3 SYSTEMPATH\View\View.php(231): CodeIgniter\View\View->CodeIgniter\View\{closure}()
 4 SYSTEMPATH\Common.php(1190): CodeIgniter\View\View->render('usuario/muestraDatos', [], true)
 5 APPPATH\Controllers\Usuario.php(411): view('usuario/muestraDatos', [...])
 6 SYSTEMPATH\CodeIgniter.php(942): App\Controllers\Usuario->muestraDatos('2')
 7 SYSTEMPATH\CodeIgniter.php(502): CodeIgniter\CodeIgniter->runController(Object(App\Controllers\Usuario))
 8 SYSTEMPATH\CodeIgniter.php(361): CodeIgniter\CodeIgniter->handleRequest(null, Object(Config\Cache), false)
 9 FCPATH\index.php(79): CodeIgniter\CodeIgniter->run()
INFO - 2025-07-03 10:28:05 --> Session: Class initialized using 'CodeIgniter\Session\Handlers\FileHandler' driver.
CRITICAL - 2025-07-03 10:28:05 --> Undefined variable $rutaMascota
in APPPATH\Views\usuario\muestraDatos.php on line 102.
 1 APPPATH\Views\usuario\muestraDatos.php(102): CodeIgniter\Debug\Exceptions->errorHandler(2, 'Undefined variable $rutaMascota', 'C:\\wamp64\\www\\empadronamiento\\app\\Views\\usuario\\muestraDatos.php', 102)
 2 SYSTEMPATH\View\View.php(228): include('C:\\wamp64\\www\\empadronamiento\\app\\Views\\usuario\\muestraDatos.php')
 3 SYSTEMPATH\View\View.php(231): CodeIgniter\View\View->CodeIgniter\View\{closure}()
 4 SYSTEMPATH\Common.php(1190): CodeIgniter\View\View->render('usuario/muestraDatos', [], true)
 5 APPPATH\Controllers\Usuario.php(411): view('usuario/muestraDatos', [...])
 6 SYSTEMPATH\CodeIgniter.php(942): App\Controllers\Usuario->muestraDatos('16')
 7 SYSTEMPATH\CodeIgniter.php(502): CodeIgniter\CodeIgniter->runController(Object(App\Controllers\Usuario))
 8 SYSTEMPATH\CodeIgniter.php(361): CodeIgniter\CodeIgniter->handleRequest(null, Object(Config\Cache), false)
 9 FCPATH\index.php(79): CodeIgniter\CodeIgniter->run()
INFO - 2025-07-03 10:34:18 --> Session: Class initialized using 'CodeIgniter\Session\Handlers\FileHandler' driver.
CRITICAL - 2025-07-03 10:34:18 --> Undefined variable $rutaMascota
in APPPATH\Views\usuario\muestraDatos.php on line 102.
 1 APPPATH\Views\usuario\muestraDatos.php(102): CodeIgniter\Debug\Exceptions->errorHandler(2, 'Undefined variable $rutaMascota', 'C:\\wamp64\\www\\empadronamiento\\app\\Views\\usuario\\muestraDatos.php', 102)
 2 SYSTEMPATH\View\View.php(228): include('C:\\wamp64\\www\\empadronamiento\\app\\Views\\usuario\\muestraDatos.php')
 3 SYSTEMPATH\View\View.php(231): CodeIgniter\View\View->CodeIgniter\View\{closure}()
 4 SYSTEMPATH\Common.php(1190): CodeIgniter\View\View->render('usuario/muestraDatos', [], true)
 5 APPPATH\Controllers\Usuario.php(411): view('usuario/muestraDatos', [...])
 6 SYSTEMPATH\CodeIgniter.php(942): App\Controllers\Usuario->muestraDatos('16')
 7 SYSTEMPATH\CodeIgniter.php(502): CodeIgniter\CodeIgniter->runController(Object(App\Controllers\Usuario))
 8 SYSTEMPATH\CodeIgniter.php(361): CodeIgniter\CodeIgniter->handleRequest(null, Object(Config\Cache), false)
 9 FCPATH\index.php(79): CodeIgniter\CodeIgniter->run()
INFO - 2025-07-03 10:56:07 --> Session: Class initialized using 'CodeIgniter\Session\Handlers\FileHandler' driver.
INFO - 2025-07-03 10:59:29 --> Session: Class initialized using 'CodeIgniter\Session\Handlers\FileHandler' driver.
CRITICAL - 2025-07-03 10:59:29 --> Undefined variable $rutaMascota
in APPPATH\Views\usuario\muestraDatos.php on line 105.
 1 APPPATH\Views\usuario\muestraDatos.php(105): CodeIgniter\Debug\Exceptions->errorHandler(2, 'Undefined variable $rutaMascota', 'C:\\wamp64\\www\\empadronamiento\\app\\Views\\usuario\\muestraDatos.php', 105)
 2 SYSTEMPATH\View\View.php(228): include('C:\\wamp64\\www\\empadronamiento\\app\\Views\\usuario\\muestraDatos.php')
 3 SYSTEMPATH\View\View.php(231): CodeIgniter\View\View->CodeIgniter\View\{closure}()
 4 SYSTEMPATH\Common.php(1190): CodeIgniter\View\View->render('usuario/muestraDatos', [], true)
 5 APPPATH\Controllers\Usuario.php(456): view('usuario/muestraDatos', [...])
 6 SYSTEMPATH\CodeIgniter.php(942): App\Controllers\Usuario->muestraDatos('16')
 7 SYSTEMPATH\CodeIgniter.php(502): CodeIgniter\CodeIgniter->runController(Object(App\Controllers\Usuario))
 8 SYSTEMPATH\CodeIgniter.php(361): CodeIgniter\CodeIgniter->handleRequest(null, Object(Config\Cache), false)
 9 FCPATH\index.php(79): CodeIgniter\CodeIgniter->run()
INFO - 2025-07-03 10:59:37 --> Session: Class initialized using 'CodeIgniter\Session\Handlers\FileHandler' driver.
CRITICAL - 2025-07-03 10:59:37 --> Undefined variable $rutaMascota
in APPPATH\Views\usuario\muestraDatos.php on line 105.
 1 APPPATH\Views\usuario\muestraDatos.php(105): CodeIgniter\Debug\Exceptions->errorHandler(2, 'Undefined variable $rutaMascota', 'C:\\wamp64\\www\\empadronamiento\\app\\Views\\usuario\\muestraDatos.php', 105)
 2 SYSTEMPATH\View\View.php(228): include('C:\\wamp64\\www\\empadronamiento\\app\\Views\\usuario\\muestraDatos.php')
 3 SYSTEMPATH\View\View.php(231): CodeIgniter\View\View->CodeIgniter\View\{closure}()
 4 SYSTEMPATH\Common.php(1190): CodeIgniter\View\View->render('usuario/muestraDatos', [], true)
 5 APPPATH\Controllers\Usuario.php(456): view('usuario/muestraDatos', [...])
 6 SYSTEMPATH\CodeIgniter.php(942): App\Controllers\Usuario->muestraDatos('2')
 7 SYSTEMPATH\CodeIgniter.php(502): CodeIgniter\CodeIgniter->runController(Object(App\Controllers\Usuario))
 8 SYSTEMPATH\CodeIgniter.php(361): CodeIgniter\CodeIgniter->handleRequest(null, Object(Config\Cache), false)
 9 FCPATH\index.php(79): CodeIgniter\CodeIgniter->run()
INFO - 2025-07-03 10:59:40 --> Session: Class initialized using 'CodeIgniter\Session\Handlers\FileHandler' driver.
INFO - 2025-07-03 10:59:42 --> Session: Class initialized using 'CodeIgniter\Session\Handlers\FileHandler' driver.
INFO - 2025-07-03 11:06:27 --> Session: Class initialized using 'CodeIgniter\Session\Handlers\FileHandler' driver.
INFO - 2025-07-03 11:16:27 --> Session: Class initialized using 'CodeIgniter\Session\Handlers\FileHandler' driver.
INFO - 2025-07-03 11:16:33 --> Session: Class initialized using 'CodeIgniter\Session\Handlers\FileHandler' driver.
INFO - 2025-07-03 11:16:38 --> Session: Class initialized using 'CodeIgniter\Session\Handlers\FileHandler' driver.
INFO - 2025-07-03 11:16:43 --> Session: Class initialized using 'CodeIgniter\Session\Handlers\FileHandler' driver.
INFO - 2025-07-03 11:16:43 --> Session: Class initialized using 'CodeIgniter\Session\Handlers\FileHandler' driver.
INFO - 2025-07-03 11:16:48 --> Session: Class initialized using 'CodeIgniter\Session\Handlers\FileHandler' driver.
INFO - 2025-07-03 11:16:51 --> Session: Class initialized using 'CodeIgniter\Session\Handlers\FileHandler' driver.
INFO - 2025-07-03 11:16:51 --> Session: Class initialized using 'CodeIgniter\Session\Handlers\FileHandler' driver.
WARNING - 2025-07-03 11:16:51 --> [DEPRECATED] Function strftime() is deprecated in APPPATH\Controllers\Admin.php on line 1168.
 1 SYSTEMPATH\CodeIgniter.php(942): App\Controllers\Admin->generarCredencial('1')
 2 SYSTEMPATH\CodeIgniter.php(502): CodeIgniter\CodeIgniter->runController(Object(App\Controllers\Admin))
 3 SYSTEMPATH\CodeIgniter.php(361): CodeIgniter\CodeIgniter->handleRequest(null, Object(Config\Cache), false)
 4 FCPATH\index.php(79): CodeIgniter\CodeIgniter->run()
INFO - 2025-07-03 11:21:59 --> Session: Class initialized using 'CodeIgniter\Session\Handlers\FileHandler' driver.
INFO - 2025-07-03 11:24:11 --> Session: Class initialized using 'CodeIgniter\Session\Handlers\FileHandler' driver.
INFO - 2025-07-03 11:25:22 --> Session: Class initialized using 'CodeIgniter\Session\Handlers\FileHandler' driver.
INFO - 2025-07-03 11:25:51 --> Session: Class initialized using 'CodeIgniter\Session\Handlers\FileHandler' driver.
INFO - 2025-07-03 11:26:10 --> Session: Class initialized using 'CodeIgniter\Session\Handlers\FileHandler' driver.
INFO - 2025-07-03 11:26:20 --> Session: Class initialized using 'CodeIgniter\Session\Handlers\FileHandler' driver.
INFO - 2025-07-03 11:31:38 --> Session: Class initialized using 'CodeIgniter\Session\Handlers\FileHandler' driver.
CRITICAL - 2025-07-03 11:31:38 --> Call to a member function isValid() on null
in APPPATH\Controllers\Usuario.php on line 337.
 1 SYSTEMPATH\CodeIgniter.php(942): App\Controllers\Usuario->registrarMascota()
 2 SYSTEMPATH\CodeIgniter.php(502): CodeIgniter\CodeIgniter->runController(Object(App\Controllers\Usuario))
 3 SYSTEMPATH\CodeIgniter.php(361): CodeIgniter\CodeIgniter->handleRequest(null, Object(Config\Cache), false)
 4 FCPATH\index.php(79): CodeIgniter\CodeIgniter->run()
INFO - 2025-07-03 11:37:06 --> Session: Class initialized using 'CodeIgniter\Session\Handlers\FileHandler' driver.
CRITICAL - 2025-07-03 11:37:06 --> Call to a member function isValid() on null
in APPPATH\Controllers\Usuario.php on line 337.
 1 SYSTEMPATH\CodeIgniter.php(942): App\Controllers\Usuario->registrarMascota()
 2 SYSTEMPATH\CodeIgniter.php(502): CodeIgniter\CodeIgniter->runController(Object(App\Controllers\Usuario))
 3 SYSTEMPATH\CodeIgniter.php(361): CodeIgniter\CodeIgniter->handleRequest(null, Object(Config\Cache), false)
 4 FCPATH\index.php(79): CodeIgniter\CodeIgniter->run()
INFO - 2025-07-03 11:37:09 --> Session: Class initialized using 'CodeIgniter\Session\Handlers\FileHandler' driver.
INFO - 2025-07-03 11:37:10 --> Session: Class initialized using 'CodeIgniter\Session\Handlers\FileHandler' driver.
INFO - 2025-07-03 11:38:15 --> Session: Class initialized using 'CodeIgniter\Session\Handlers\FileHandler' driver.
CRITICAL - 2025-07-03 11:38:15 --> Call to a member function isValid() on null
in APPPATH\Controllers\Usuario.php on line 337.
 1 SYSTEMPATH\CodeIgniter.php(942): App\Controllers\Usuario->registrarMascota()
 2 SYSTEMPATH\CodeIgniter.php(502): CodeIgniter\CodeIgniter->runController(Object(App\Controllers\Usuario))
 3 SYSTEMPATH\CodeIgniter.php(361): CodeIgniter\CodeIgniter->handleRequest(null, Object(Config\Cache), false)
 4 FCPATH\index.php(79): CodeIgniter\CodeIgniter->run()
INFO - 2025-07-03 11:38:54 --> Session: Class initialized using 'CodeIgniter\Session\Handlers\FileHandler' driver.
INFO - 2025-07-03 11:38:56 --> Session: Class initialized using 'CodeIgniter\Session\Handlers\FileHandler' driver.
INFO - 2025-07-03 11:39:46 --> Session: Class initialized using 'CodeIgniter\Session\Handlers\FileHandler' driver.
INFO - 2025-07-03 11:49:10 --> Session: Class initialized using 'CodeIgniter\Session\Handlers\FileHandler' driver.
INFO - 2025-07-03 11:49:46 --> Session: Class initialized using 'CodeIgniter\Session\Handlers\FileHandler' driver.
INFO - 2025-07-03 12:12:05 --> Session: Class initialized using 'CodeIgniter\Session\Handlers\FileHandler' driver.
INFO - 2025-07-03 12:12:06 --> Session: Class initialized using 'CodeIgniter\Session\Handlers\FileHandler' driver.
INFO - 2025-07-03 12:12:11 --> Session: Class initialized using 'CodeIgniter\Session\Handlers\FileHandler' driver.
INFO - 2025-07-03 12:12:24 --> Session: Class initialized using 'CodeIgniter\Session\Handlers\FileHandler' driver.
INFO - 2025-07-03 12:13:11 --> Session: Class initialized using 'CodeIgniter\Session\Handlers\FileHandler' driver.
INFO - 2025-07-03 12:14:04 --> Session: Class initialized using 'CodeIgniter\Session\Handlers\FileHandler' driver.
INFO - 2025-07-03 12:14:06 --> Session: Class initialized using 'CodeIgniter\Session\Handlers\FileHandler' driver.
INFO - 2025-07-03 12:14:15 --> Session: Class initialized using 'CodeIgniter\Session\Handlers\FileHandler' driver.
INFO - 2025-07-03 12:16:18 --> Session: Class initialized using 'CodeIgniter\Session\Handlers\FileHandler' driver.
INFO - 2025-07-03 12:18:12 --> Session: Class initialized using 'CodeIgniter\Session\Handlers\FileHandler' driver.
INFO - 2025-07-03 12:18:14 --> Session: Class initialized using 'CodeIgniter\Session\Handlers\FileHandler' driver.
INFO - 2025-07-03 12:18:31 --> Session: Class initialized using 'CodeIgniter\Session\Handlers\FileHandler' driver.
INFO - 2025-07-03 12:19:11 --> Session: Class initialized using 'CodeIgniter\Session\Handlers\FileHandler' driver.
INFO - 2025-07-03 12:19:12 --> Session: Class initialized using 'CodeIgniter\Session\Handlers\FileHandler' driver.
INFO - 2025-07-03 12:22:20 --> Session: Class initialized using 'CodeIgniter\Session\Handlers\FileHandler' driver.
INFO - 2025-07-03 12:25:48 --> Session: Class initialized using 'CodeIgniter\Session\Handlers\FileHandler' driver.
INFO - 2025-07-03 12:27:37 --> Session: Class initialized using 'CodeIgniter\Session\Handlers\FileHandler' driver.
INFO - 2025-07-03 12:29:23 --> Session: Class initialized using 'CodeIgniter\Session\Handlers\FileHandler' driver.
CRITICAL - 2025-07-03 12:29:23 --> Undefined property: stdClass::$color
in APPPATH\Views\usuario\estados.php on line 32.
 1 APPPATH\Views\usuario\estados.php(32): CodeIgniter\Debug\Exceptions->errorHandler(2, 'Undefined property: stdClass::$color', 'C:\\wamp64\\www\\empadronamiento\\app\\Views\\usuario\\estados.php', 32)
 2 SYSTEMPATH\View\View.php(228): include('C:\\wamp64\\www\\empadronamiento\\app\\Views\\usuario\\estados.php')
 3 SYSTEMPATH\View\View.php(231): CodeIgniter\View\View->CodeIgniter\View\{closure}()
 4 SYSTEMPATH\Common.php(1190): CodeIgniter\View\View->render('usuario/estados', [], true)
 5 APPPATH\Controllers\Usuario.php(761): view('usuario/estados', [...])
 6 SYSTEMPATH\CodeIgniter.php(942): App\Controllers\Usuario->estados()
 7 SYSTEMPATH\CodeIgniter.php(502): CodeIgniter\CodeIgniter->runController(Object(App\Controllers\Usuario))
 8 SYSTEMPATH\CodeIgniter.php(361): CodeIgniter\CodeIgniter->handleRequest(null, Object(Config\Cache), false)
 9 FCPATH\index.php(79): CodeIgniter\CodeIgniter->run()
INFO - 2025-07-03 12:30:07 --> Session: Class initialized using 'CodeIgniter\Session\Handlers\FileHandler' driver.
INFO - 2025-07-03 12:37:47 --> Session: Class initialized using 'CodeIgniter\Session\Handlers\FileHandler' driver.
CRITICAL - 2025-07-03 12:37:47 --> Undefined property: stdClass::$Caracteristicas
in APPPATH\Views\usuario\estados.php on line 35.
 1 APPPATH\Views\usuario\estados.php(35): CodeIgniter\Debug\Exceptions->errorHandler(2, 'Undefined property: stdClass::$Caracteristicas', 'C:\\wamp64\\www\\empadronamiento\\app\\Views\\usuario\\estados.php', 35)
 2 SYSTEMPATH\View\View.php(228): include('C:\\wamp64\\www\\empadronamiento\\app\\Views\\usuario\\estados.php')
 3 SYSTEMPATH\View\View.php(231): CodeIgniter\View\View->CodeIgniter\View\{closure}()
 4 SYSTEMPATH\Common.php(1190): CodeIgniter\View\View->render('usuario/estados', [], true)
 5 APPPATH\Controllers\Usuario.php(761): view('usuario/estados', [...])
 6 SYSTEMPATH\CodeIgniter.php(942): App\Controllers\Usuario->estados()
 7 SYSTEMPATH\CodeIgniter.php(502): CodeIgniter\CodeIgniter->runController(Object(App\Controllers\Usuario))
 8 SYSTEMPATH\CodeIgniter.php(361): CodeIgniter\CodeIgniter->handleRequest(null, Object(Config\Cache), false)
 9 FCPATH\index.php(79): CodeIgniter\CodeIgniter->run()
INFO - 2025-07-03 12:37:55 --> Session: Class initialized using 'CodeIgniter\Session\Handlers\FileHandler' driver.
INFO - 2025-07-03 12:38:11 --> Session: Class initialized using 'CodeIgniter\Session\Handlers\FileHandler' driver.
INFO - 2025-07-03 12:39:39 --> Session: Class initialized using 'CodeIgniter\Session\Handlers\FileHandler' driver.
INFO - 2025-07-03 12:41:47 --> Session: Class initialized using 'CodeIgniter\Session\Handlers\FileHandler' driver.
INFO - 2025-07-03 12:41:56 --> Session: Class initialized using 'CodeIgniter\Session\Handlers\FileHandler' driver.
INFO - 2025-07-03 12:41:56 --> Session: Class initialized using 'CodeIgniter\Session\Handlers\FileHandler' driver.
INFO - 2025-07-03 12:46:15 --> Session: Class initialized using 'CodeIgniter\Session\Handlers\FileHandler' driver.
INFO - 2025-07-03 12:46:22 --> Session: Class initialized using 'CodeIgniter\Session\Handlers\FileHandler' driver.
INFO - 2025-07-03 12:46:22 --> Session: Class initialized using 'CodeIgniter\Session\Handlers\FileHandler' driver.
INFO - 2025-07-03 12:46:25 --> Session: Class initialized using 'CodeIgniter\Session\Handlers\FileHandler' driver.
INFO - 2025-07-03 12:46:50 --> Session: Class initialized using 'CodeIgniter\Session\Handlers\FileHandler' driver.
INFO - 2025-07-03 12:47:00 --> Session: Class initialized using 'CodeIgniter\Session\Handlers\FileHandler' driver.
INFO - 2025-07-03 12:47:02 --> Session: Class initialized using 'CodeIgniter\Session\Handlers\FileHandler' driver.
INFO - 2025-07-03 12:47:03 --> Session: Class initialized using 'CodeIgniter\Session\Handlers\FileHandler' driver.
INFO - 2025-07-03 12:47:05 --> Session: Class initialized using 'CodeIgniter\Session\Handlers\FileHandler' driver.
INFO - 2025-07-03 12:47:06 --> Session: Class initialized using 'CodeIgniter\Session\Handlers\FileHandler' driver.
WARNING - 2025-07-03 12:47:06 --> [DEPRECATED] Function strftime() is deprecated in APPPATH\Controllers\Admin.php on line 1168.
 1 SYSTEMPATH\CodeIgniter.php(942): App\Controllers\Admin->generarCredencial('4')
 2 SYSTEMPATH\CodeIgniter.php(502): CodeIgniter\CodeIgniter->runController(Object(App\Controllers\Admin))
 3 SYSTEMPATH\CodeIgniter.php(361): CodeIgniter\CodeIgniter->handleRequest(null, Object(Config\Cache), false)
 4 FCPATH\index.php(79): CodeIgniter\CodeIgniter->run()
INFO - 2025-07-03 12:47:43 --> Session: Class initialized using 'CodeIgniter\Session\Handlers\FileHandler' driver.
WARNING - 2025-07-03 12:47:43 --> [DEPRECATED] Function strftime() is deprecated in APPPATH\Controllers\Admin.php on line 1168.
 1 SYSTEMPATH\CodeIgniter.php(942): App\Controllers\Admin->generarCredencial('4')
 2 SYSTEMPATH\CodeIgniter.php(502): CodeIgniter\CodeIgniter->runController(Object(App\Controllers\Admin))
 3 SYSTEMPATH\CodeIgniter.php(361): CodeIgniter\CodeIgniter->handleRequest(null, Object(Config\Cache), false)
 4 FCPATH\index.php(79): CodeIgniter\CodeIgniter->run()
INFO - 2025-07-03 12:50:28 --> Session: Class initialized using 'CodeIgniter\Session\Handlers\FileHandler' driver.
WARNING - 2025-07-03 12:50:28 --> [DEPRECATED] Function strftime() is deprecated in APPPATH\Controllers\Admin.php on line 1168.
 1 SYSTEMPATH\CodeIgniter.php(942): App\Controllers\Admin->generarCredencial('4')
 2 SYSTEMPATH\CodeIgniter.php(502): CodeIgniter\CodeIgniter->runController(Object(App\Controllers\Admin))
 3 SYSTEMPATH\CodeIgniter.php(361): CodeIgniter\CodeIgniter->handleRequest(null, Object(Config\Cache), false)
 4 FCPATH\index.php(79): CodeIgniter\CodeIgniter->run()
INFO - 2025-07-03 12:51:36 --> Session: Class initialized using 'CodeIgniter\Session\Handlers\FileHandler' driver.
WARNING - 2025-07-03 12:51:36 --> [DEPRECATED] Function strftime() is deprecated in APPPATH\Controllers\Admin.php on line 1168.
 1 SYSTEMPATH\CodeIgniter.php(942): App\Controllers\Admin->generarCredencial('4')
 2 SYSTEMPATH\CodeIgniter.php(502): CodeIgniter\CodeIgniter->runController(Object(App\Controllers\Admin))
 3 SYSTEMPATH\CodeIgniter.php(361): CodeIgniter\CodeIgniter->handleRequest(null, Object(Config\Cache), false)
 4 FCPATH\index.php(79): CodeIgniter\CodeIgniter->run()
INFO - 2025-07-03 12:52:29 --> Session: Class initialized using 'CodeIgniter\Session\Handlers\FileHandler' driver.
WARNING - 2025-07-03 12:52:29 --> [DEPRECATED] Function strftime() is deprecated in APPPATH\Controllers\Admin.php on line 1168.
 1 SYSTEMPATH\CodeIgniter.php(942): App\Controllers\Admin->generarCredencial('4')
 2 SYSTEMPATH\CodeIgniter.php(502): CodeIgniter\CodeIgniter->runController(Object(App\Controllers\Admin))
 3 SYSTEMPATH\CodeIgniter.php(361): CodeIgniter\CodeIgniter->handleRequest(null, Object(Config\Cache), false)
 4 FCPATH\index.php(79): CodeIgniter\CodeIgniter->run()
INFO - 2025-07-03 12:52:52 --> Session: Class initialized using 'CodeIgniter\Session\Handlers\FileHandler' driver.
WARNING - 2025-07-03 12:52:52 --> [DEPRECATED] Function strftime() is deprecated in APPPATH\Controllers\Admin.php on line 1168.
 1 SYSTEMPATH\CodeIgniter.php(942): App\Controllers\Admin->generarCredencial('4')
 2 SYSTEMPATH\CodeIgniter.php(502): CodeIgniter\CodeIgniter->runController(Object(App\Controllers\Admin))
 3 SYSTEMPATH\CodeIgniter.php(361): CodeIgniter\CodeIgniter->handleRequest(null, Object(Config\Cache), false)
 4 FCPATH\index.php(79): CodeIgniter\CodeIgniter->run()
INFO - 2025-07-03 12:53:55 --> Session: Class initialized using 'CodeIgniter\Session\Handlers\FileHandler' driver.
WARNING - 2025-07-03 12:53:55 --> [DEPRECATED] Function strftime() is deprecated in APPPATH\Controllers\Admin.php on line 1168.
 1 SYSTEMPATH\CodeIgniter.php(942): App\Controllers\Admin->generarCredencial('4')
 2 SYSTEMPATH\CodeIgniter.php(502): CodeIgniter\CodeIgniter->runController(Object(App\Controllers\Admin))
 3 SYSTEMPATH\CodeIgniter.php(361): CodeIgniter\CodeIgniter->handleRequest(null, Object(Config\Cache), false)
 4 FCPATH\index.php(79): CodeIgniter\CodeIgniter->run()
INFO - 2025-07-03 13:01:15 --> Session: Class initialized using 'CodeIgniter\Session\Handlers\FileHandler' driver.
WARNING - 2025-07-03 13:01:15 --> [DEPRECATED] Function strftime() is deprecated in APPPATH\Controllers\Admin.php on line 1168.
 1 SYSTEMPATH\CodeIgniter.php(942): App\Controllers\Admin->generarCredencial('4')
 2 SYSTEMPATH\CodeIgniter.php(502): CodeIgniter\CodeIgniter->runController(Object(App\Controllers\Admin))
 3 SYSTEMPATH\CodeIgniter.php(361): CodeIgniter\CodeIgniter->handleRequest(null, Object(Config\Cache), false)
 4 FCPATH\index.php(79): CodeIgniter\CodeIgniter->run()
INFO - 2025-07-03 13:01:32 --> Session: Class initialized using 'CodeIgniter\Session\Handlers\FileHandler' driver.
WARNING - 2025-07-03 13:01:32 --> [DEPRECATED] Function strftime() is deprecated in APPPATH\Controllers\Admin.php on line 1168.
 1 SYSTEMPATH\CodeIgniter.php(942): App\Controllers\Admin->generarCredencial('4')
 2 SYSTEMPATH\CodeIgniter.php(502): CodeIgniter\CodeIgniter->runController(Object(App\Controllers\Admin))
 3 SYSTEMPATH\CodeIgniter.php(361): CodeIgniter\CodeIgniter->handleRequest(null, Object(Config\Cache), false)
 4 FCPATH\index.php(79): CodeIgniter\CodeIgniter->run()
INFO - 2025-07-03 13:01:42 --> Session: Class initialized using 'CodeIgniter\Session\Handlers\FileHandler' driver.
WARNING - 2025-07-03 13:01:42 --> [DEPRECATED] Function strftime() is deprecated in APPPATH\Controllers\Admin.php on line 1168.
 1 SYSTEMPATH\CodeIgniter.php(942): App\Controllers\Admin->generarCredencial('4')
 2 SYSTEMPATH\CodeIgniter.php(502): CodeIgniter\CodeIgniter->runController(Object(App\Controllers\Admin))
 3 SYSTEMPATH\CodeIgniter.php(361): CodeIgniter\CodeIgniter->handleRequest(null, Object(Config\Cache), false)
 4 FCPATH\index.php(79): CodeIgniter\CodeIgniter->run()
INFO - 2025-07-03 13:28:03 --> Session: Class initialized using 'CodeIgniter\Session\Handlers\FileHandler' driver.
WARNING - 2025-07-03 13:28:03 --> [DEPRECATED] Function strftime() is deprecated in APPPATH\Controllers\Admin.php on line 1168.
 1 SYSTEMPATH\CodeIgniter.php(942): App\Controllers\Admin->generarCredencial('4')
 2 SYSTEMPATH\CodeIgniter.php(502): CodeIgniter\CodeIgniter->runController(Object(App\Controllers\Admin))
 3 SYSTEMPATH\CodeIgniter.php(361): CodeIgniter\CodeIgniter->handleRequest(null, Object(Config\Cache), false)
 4 FCPATH\index.php(79): CodeIgniter\CodeIgniter->run()
INFO - 2025-07-03 13:29:17 --> Session: Class initialized using 'CodeIgniter\Session\Handlers\FileHandler' driver.
WARNING - 2025-07-03 13:29:17 --> [DEPRECATED] Function strftime() is deprecated in APPPATH\Controllers\Admin.php on line 1168.
 1 SYSTEMPATH\CodeIgniter.php(942): App\Controllers\Admin->generarCredencial('4')
 2 SYSTEMPATH\CodeIgniter.php(502): CodeIgniter\CodeIgniter->runController(Object(App\Controllers\Admin))
 3 SYSTEMPATH\CodeIgniter.php(361): CodeIgniter\CodeIgniter->handleRequest(null, Object(Config\Cache), false)
 4 FCPATH\index.php(79): CodeIgniter\CodeIgniter->run()
INFO - 2025-07-03 13:32:11 --> Session: Class initialized using 'CodeIgniter\Session\Handlers\FileHandler' driver.
WARNING - 2025-07-03 13:32:11 --> [DEPRECATED] Function strftime() is deprecated in APPPATH\Controllers\Admin.php on line 1169.
 1 SYSTEMPATH\CodeIgniter.php(942): App\Controllers\Admin->generarCredencial('4')
 2 SYSTEMPATH\CodeIgniter.php(502): CodeIgniter\CodeIgniter->runController(Object(App\Controllers\Admin))
 3 SYSTEMPATH\CodeIgniter.php(361): CodeIgniter\CodeIgniter->handleRequest(null, Object(Config\Cache), false)
 4 FCPATH\index.php(79): CodeIgniter\CodeIgniter->run()
INFO - 2025-07-03 13:33:17 --> Session: Class initialized using 'CodeIgniter\Session\Handlers\FileHandler' driver.
WARNING - 2025-07-03 13:33:17 --> [DEPRECATED] Function strftime() is deprecated in APPPATH\Controllers\Admin.php on line 1169.
 1 SYSTEMPATH\CodeIgniter.php(942): App\Controllers\Admin->generarCredencial('4')
 2 SYSTEMPATH\CodeIgniter.php(502): CodeIgniter\CodeIgniter->runController(Object(App\Controllers\Admin))
 3 SYSTEMPATH\CodeIgniter.php(361): CodeIgniter\CodeIgniter->handleRequest(null, Object(Config\Cache), false)
 4 FCPATH\index.php(79): CodeIgniter\CodeIgniter->run()
INFO - 2025-07-03 13:33:31 --> Session: Class initialized using 'CodeIgniter\Session\Handlers\FileHandler' driver.
WARNING - 2025-07-03 13:33:31 --> [DEPRECATED] Function strftime() is deprecated in APPPATH\Controllers\Admin.php on line 1169.
 1 SYSTEMPATH\CodeIgniter.php(942): App\Controllers\Admin->generarCredencial('4')
 2 SYSTEMPATH\CodeIgniter.php(502): CodeIgniter\CodeIgniter->runController(Object(App\Controllers\Admin))
 3 SYSTEMPATH\CodeIgniter.php(361): CodeIgniter\CodeIgniter->handleRequest(null, Object(Config\Cache), false)
 4 FCPATH\index.php(79): CodeIgniter\CodeIgniter->run()
INFO - 2025-07-03 13:33:55 --> Session: Class initialized using 'CodeIgniter\Session\Handlers\FileHandler' driver.
WARNING - 2025-07-03 13:33:55 --> [DEPRECATED] Function strftime() is deprecated in APPPATH\Controllers\Admin.php on line 1169.
 1 SYSTEMPATH\CodeIgniter.php(942): App\Controllers\Admin->generarCredencial('4')
 2 SYSTEMPATH\CodeIgniter.php(502): CodeIgniter\CodeIgniter->runController(Object(App\Controllers\Admin))
 3 SYSTEMPATH\CodeIgniter.php(361): CodeIgniter\CodeIgniter->handleRequest(null, Object(Config\Cache), false)
 4 FCPATH\index.php(79): CodeIgniter\CodeIgniter->run()
INFO - 2025-07-03 13:34:11 --> Session: Class initialized using 'CodeIgniter\Session\Handlers\FileHandler' driver.
WARNING - 2025-07-03 13:34:11 --> [DEPRECATED] Function strftime() is deprecated in APPPATH\Controllers\Admin.php on line 1169.
 1 SYSTEMPATH\CodeIgniter.php(942): App\Controllers\Admin->generarCredencial('4')
 2 SYSTEMPATH\CodeIgniter.php(502): CodeIgniter\CodeIgniter->runController(Object(App\Controllers\Admin))
 3 SYSTEMPATH\CodeIgniter.php(361): CodeIgniter\CodeIgniter->handleRequest(null, Object(Config\Cache), false)
 4 FCPATH\index.php(79): CodeIgniter\CodeIgniter->run()
INFO - 2025-07-03 13:34:21 --> Session: Class initialized using 'CodeIgniter\Session\Handlers\FileHandler' driver.
WARNING - 2025-07-03 13:34:21 --> [DEPRECATED] Function strftime() is deprecated in APPPATH\Controllers\Admin.php on line 1169.
 1 SYSTEMPATH\CodeIgniter.php(942): App\Controllers\Admin->generarCredencial('4')
 2 SYSTEMPATH\CodeIgniter.php(502): CodeIgniter\CodeIgniter->runController(Object(App\Controllers\Admin))
 3 SYSTEMPATH\CodeIgniter.php(361): CodeIgniter\CodeIgniter->handleRequest(null, Object(Config\Cache), false)
 4 FCPATH\index.php(79): CodeIgniter\CodeIgniter->run()
INFO - 2025-07-03 13:42:03 --> Session: Class initialized using 'CodeIgniter\Session\Handlers\FileHandler' driver.
WARNING - 2025-07-03 13:42:03 --> [DEPRECATED] Function strftime() is deprecated in APPPATH\Controllers\Admin.php on line 1169.
 1 SYSTEMPATH\CodeIgniter.php(942): App\Controllers\Admin->generarCredencial('4')
 2 SYSTEMPATH\CodeIgniter.php(502): CodeIgniter\CodeIgniter->runController(Object(App\Controllers\Admin))
 3 SYSTEMPATH\CodeIgniter.php(361): CodeIgniter\CodeIgniter->handleRequest(null, Object(Config\Cache), false)
 4 FCPATH\index.php(79): CodeIgniter\CodeIgniter->run()
INFO - 2025-07-03 13:42:21 --> Session: Class initialized using 'CodeIgniter\Session\Handlers\FileHandler' driver.
WARNING - 2025-07-03 13:42:21 --> [DEPRECATED] Function strftime() is deprecated in APPPATH\Controllers\Admin.php on line 1169.
 1 SYSTEMPATH\CodeIgniter.php(942): App\Controllers\Admin->generarCredencial('4')
 2 SYSTEMPATH\CodeIgniter.php(502): CodeIgniter\CodeIgniter->runController(Object(App\Controllers\Admin))
 3 SYSTEMPATH\CodeIgniter.php(361): CodeIgniter\CodeIgniter->handleRequest(null, Object(Config\Cache), false)
 4 FCPATH\index.php(79): CodeIgniter\CodeIgniter->run()
INFO - 2025-07-03 13:42:43 --> Session: Class initialized using 'CodeIgniter\Session\Handlers\FileHandler' driver.
WARNING - 2025-07-03 13:42:43 --> [DEPRECATED] Function strftime() is deprecated in APPPATH\Controllers\Admin.php on line 1169.
 1 SYSTEMPATH\CodeIgniter.php(942): App\Controllers\Admin->generarCredencial('4')
 2 SYSTEMPATH\CodeIgniter.php(502): CodeIgniter\CodeIgniter->runController(Object(App\Controllers\Admin))
 3 SYSTEMPATH\CodeIgniter.php(361): CodeIgniter\CodeIgniter->handleRequest(null, Object(Config\Cache), false)
 4 FCPATH\index.php(79): CodeIgniter\CodeIgniter->run()
INFO - 2025-07-03 13:43:05 --> Session: Class initialized using 'CodeIgniter\Session\Handlers\FileHandler' driver.
WARNING - 2025-07-03 13:43:05 --> [DEPRECATED] Function strftime() is deprecated in APPPATH\Controllers\Admin.php on line 1169.
 1 SYSTEMPATH\CodeIgniter.php(942): App\Controllers\Admin->generarCredencial('4')
 2 SYSTEMPATH\CodeIgniter.php(502): CodeIgniter\CodeIgniter->runController(Object(App\Controllers\Admin))
 3 SYSTEMPATH\CodeIgniter.php(361): CodeIgniter\CodeIgniter->handleRequest(null, Object(Config\Cache), false)
 4 FCPATH\index.php(79): CodeIgniter\CodeIgniter->run()
INFO - 2025-07-03 13:43:14 --> Session: Class initialized using 'CodeIgniter\Session\Handlers\FileHandler' driver.
WARNING - 2025-07-03 13:43:14 --> [DEPRECATED] Function strftime() is deprecated in APPPATH\Controllers\Admin.php on line 1169.
 1 SYSTEMPATH\CodeIgniter.php(942): App\Controllers\Admin->generarCredencial('4')
 2 SYSTEMPATH\CodeIgniter.php(502): CodeIgniter\CodeIgniter->runController(Object(App\Controllers\Admin))
 3 SYSTEMPATH\CodeIgniter.php(361): CodeIgniter\CodeIgniter->handleRequest(null, Object(Config\Cache), false)
 4 FCPATH\index.php(79): CodeIgniter\CodeIgniter->run()
INFO - 2025-07-03 14:55:24 --> Session: Class initialized using 'CodeIgniter\Session\Handlers\FileHandler' driver.
WARNING - 2025-07-03 14:55:24 --> [DEPRECATED] Function strftime() is deprecated in APPPATH\Controllers\Admin.php on line 1169.
 1 SYSTEMPATH\CodeIgniter.php(942): App\Controllers\Admin->generarCredencial('4')
 2 SYSTEMPATH\CodeIgniter.php(502): CodeIgniter\CodeIgniter->runController(Object(App\Controllers\Admin))
 3 SYSTEMPATH\CodeIgniter.php(361): CodeIgniter\CodeIgniter->handleRequest(null, Object(Config\Cache), false)
 4 FCPATH\index.php(79): CodeIgniter\CodeIgniter->run()
INFO - 2025-07-03 14:57:39 --> Session: Class initialized using 'CodeIgniter\Session\Handlers\FileHandler' driver.
WARNING - 2025-07-03 14:57:39 --> [DEPRECATED] Function strftime() is deprecated in APPPATH\Controllers\Admin.php on line 1169.
 1 SYSTEMPATH\CodeIgniter.php(942): App\Controllers\Admin->generarCredencial('1')
 2 SYSTEMPATH\CodeIgniter.php(502): CodeIgniter\CodeIgniter->runController(Object(App\Controllers\Admin))
 3 SYSTEMPATH\CodeIgniter.php(361): CodeIgniter\CodeIgniter->handleRequest(null, Object(Config\Cache), false)
 4 FCPATH\index.php(79): CodeIgniter\CodeIgniter->run()
WARNING - 2025-07-03 14:57:39 --> [DEPRECATED] utf8_decode(): Passing null to parameter #1 ($string) of type string is deprecated in APPPATH\Controllers\Admin.php on line 1206.
 1 APPPATH\Controllers\Admin.php(1206): utf8_decode(null)
 2 SYSTEMPATH\CodeIgniter.php(942): App\Controllers\Admin->generarCredencial('1')
 3 SYSTEMPATH\CodeIgniter.php(502): CodeIgniter\CodeIgniter->runController(Object(App\Controllers\Admin))
 4 SYSTEMPATH\CodeIgniter.php(361): CodeIgniter\CodeIgniter->handleRequest(null, Object(Config\Cache), false)
 5 FCPATH\index.php(79): CodeIgniter\CodeIgniter->run()
INFO - 2025-07-03 14:57:43 --> Session: Class initialized using 'CodeIgniter\Session\Handlers\FileHandler' driver.
WARNING - 2025-07-03 14:57:43 --> [DEPRECATED] Function strftime() is deprecated in APPPATH\Controllers\Admin.php on line 1169.
 1 SYSTEMPATH\CodeIgniter.php(942): App\Controllers\Admin->generarCredencial('2')
 2 SYSTEMPATH\CodeIgniter.php(502): CodeIgniter\CodeIgniter->runController(Object(App\Controllers\Admin))
 3 SYSTEMPATH\CodeIgniter.php(361): CodeIgniter\CodeIgniter->handleRequest(null, Object(Config\Cache), false)
 4 FCPATH\index.php(79): CodeIgniter\CodeIgniter->run()
WARNING - 2025-07-03 14:57:44 --> [DEPRECATED] utf8_decode(): Passing null to parameter #1 ($string) of type string is deprecated in APPPATH\Controllers\Admin.php on line 1206.
 1 APPPATH\Controllers\Admin.php(1206): utf8_decode(null)
 2 SYSTEMPATH\CodeIgniter.php(942): App\Controllers\Admin->generarCredencial('2')
 3 SYSTEMPATH\CodeIgniter.php(502): CodeIgniter\CodeIgniter->runController(Object(App\Controllers\Admin))
 4 SYSTEMPATH\CodeIgniter.php(361): CodeIgniter\CodeIgniter->handleRequest(null, Object(Config\Cache), false)
 5 FCPATH\index.php(79): CodeIgniter\CodeIgniter->run()
INFO - 2025-07-03 14:57:48 --> Session: Class initialized using 'CodeIgniter\Session\Handlers\FileHandler' driver.
WARNING - 2025-07-03 14:57:48 --> [DEPRECATED] Function strftime() is deprecated in APPPATH\Controllers\Admin.php on line 1169.
 1 SYSTEMPATH\CodeIgniter.php(942): App\Controllers\Admin->generarCredencial('3')
 2 SYSTEMPATH\CodeIgniter.php(502): CodeIgniter\CodeIgniter->runController(Object(App\Controllers\Admin))
 3 SYSTEMPATH\CodeIgniter.php(361): CodeIgniter\CodeIgniter->handleRequest(null, Object(Config\Cache), false)
 4 FCPATH\index.php(79): CodeIgniter\CodeIgniter->run()
WARNING - 2025-07-03 14:57:49 --> [DEPRECATED] utf8_decode(): Passing null to parameter #1 ($string) of type string is deprecated in APPPATH\Controllers\Admin.php on line 1206.
 1 APPPATH\Controllers\Admin.php(1206): utf8_decode(null)
 2 SYSTEMPATH\CodeIgniter.php(942): App\Controllers\Admin->generarCredencial('3')
 3 SYSTEMPATH\CodeIgniter.php(502): CodeIgniter\CodeIgniter->runController(Object(App\Controllers\Admin))
 4 SYSTEMPATH\CodeIgniter.php(361): CodeIgniter\CodeIgniter->handleRequest(null, Object(Config\Cache), false)
 5 FCPATH\index.php(79): CodeIgniter\CodeIgniter->run()
INFO - 2025-07-03 14:58:33 --> Session: Class initialized using 'CodeIgniter\Session\Handlers\FileHandler' driver.
WARNING - 2025-07-03 14:58:33 --> [DEPRECATED] Function strftime() is deprecated in APPPATH\Controllers\Admin.php on line 1169.
 1 SYSTEMPATH\CodeIgniter.php(942): App\Controllers\Admin->generarCredencial('3')
 2 SYSTEMPATH\CodeIgniter.php(502): CodeIgniter\CodeIgniter->runController(Object(App\Controllers\Admin))
 3 SYSTEMPATH\CodeIgniter.php(361): CodeIgniter\CodeIgniter->handleRequest(null, Object(Config\Cache), false)
 4 FCPATH\index.php(79): CodeIgniter\CodeIgniter->run()
WARNING - 2025-07-03 14:58:33 --> [DEPRECATED] utf8_decode(): Passing null to parameter #1 ($string) of type string is deprecated in APPPATH\Controllers\Admin.php on line 1206.
 1 APPPATH\Controllers\Admin.php(1206): utf8_decode(null)
 2 SYSTEMPATH\CodeIgniter.php(942): App\Controllers\Admin->generarCredencial('3')
 3 SYSTEMPATH\CodeIgniter.php(502): CodeIgniter\CodeIgniter->runController(Object(App\Controllers\Admin))
 4 SYSTEMPATH\CodeIgniter.php(361): CodeIgniter\CodeIgniter->handleRequest(null, Object(Config\Cache), false)
 5 FCPATH\index.php(79): CodeIgniter\CodeIgniter->run()
INFO - 2025-07-03 15:00:18 --> Session: Class initialized using 'CodeIgniter\Session\Handlers\FileHandler' driver.
WARNING - 2025-07-03 15:00:18 --> [DEPRECATED] Function strftime() is deprecated in APPPATH\Controllers\Admin.php on line 1169.
 1 SYSTEMPATH\CodeIgniter.php(942): App\Controllers\Admin->generarCredencial('3')
 2 SYSTEMPATH\CodeIgniter.php(502): CodeIgniter\CodeIgniter->runController(Object(App\Controllers\Admin))
 3 SYSTEMPATH\CodeIgniter.php(361): CodeIgniter\CodeIgniter->handleRequest(null, Object(Config\Cache), false)
 4 FCPATH\index.php(79): CodeIgniter\CodeIgniter->run()
WARNING - 2025-07-03 15:00:19 --> [DEPRECATED] utf8_decode(): Passing null to parameter #1 ($string) of type string is deprecated in APPPATH\Controllers\Admin.php on line 1206.
 1 APPPATH\Controllers\Admin.php(1206): utf8_decode(null)
 2 SYSTEMPATH\CodeIgniter.php(942): App\Controllers\Admin->generarCredencial('3')
 3 SYSTEMPATH\CodeIgniter.php(502): CodeIgniter\CodeIgniter->runController(Object(App\Controllers\Admin))
 4 SYSTEMPATH\CodeIgniter.php(361): CodeIgniter\CodeIgniter->handleRequest(null, Object(Config\Cache), false)
 5 FCPATH\index.php(79): CodeIgniter\CodeIgniter->run()
INFO - 2025-07-03 15:00:30 --> Session: Class initialized using 'CodeIgniter\Session\Handlers\FileHandler' driver.
WARNING - 2025-07-03 15:00:30 --> [DEPRECATED] Function strftime() is deprecated in APPPATH\Controllers\Admin.php on line 1169.
 1 SYSTEMPATH\CodeIgniter.php(942): App\Controllers\Admin->generarCredencial('3')
 2 SYSTEMPATH\CodeIgniter.php(502): CodeIgniter\CodeIgniter->runController(Object(App\Controllers\Admin))
 3 SYSTEMPATH\CodeIgniter.php(361): CodeIgniter\CodeIgniter->handleRequest(null, Object(Config\Cache), false)
 4 FCPATH\index.php(79): CodeIgniter\CodeIgniter->run()
WARNING - 2025-07-03 15:00:30 --> [DEPRECATED] utf8_decode(): Passing null to parameter #1 ($string) of type string is deprecated in APPPATH\Controllers\Admin.php on line 1206.
 1 APPPATH\Controllers\Admin.php(1206): utf8_decode(null)
 2 SYSTEMPATH\CodeIgniter.php(942): App\Controllers\Admin->generarCredencial('3')
 3 SYSTEMPATH\CodeIgniter.php(502): CodeIgniter\CodeIgniter->runController(Object(App\Controllers\Admin))
 4 SYSTEMPATH\CodeIgniter.php(361): CodeIgniter\CodeIgniter->handleRequest(null, Object(Config\Cache), false)
 5 FCPATH\index.php(79): CodeIgniter\CodeIgniter->run()
INFO - 2025-07-03 15:00:47 --> Session: Class initialized using 'CodeIgniter\Session\Handlers\FileHandler' driver.
WARNING - 2025-07-03 15:00:47 --> [DEPRECATED] Function strftime() is deprecated in APPPATH\Controllers\Admin.php on line 1169.
 1 SYSTEMPATH\CodeIgniter.php(942): App\Controllers\Admin->generarCredencial('3')
 2 SYSTEMPATH\CodeIgniter.php(502): CodeIgniter\CodeIgniter->runController(Object(App\Controllers\Admin))
 3 SYSTEMPATH\CodeIgniter.php(361): CodeIgniter\CodeIgniter->handleRequest(null, Object(Config\Cache), false)
 4 FCPATH\index.php(79): CodeIgniter\CodeIgniter->run()
WARNING - 2025-07-03 15:00:47 --> [DEPRECATED] utf8_decode(): Passing null to parameter #1 ($string) of type string is deprecated in APPPATH\Controllers\Admin.php on line 1206.
 1 APPPATH\Controllers\Admin.php(1206): utf8_decode(null)
 2 SYSTEMPATH\CodeIgniter.php(942): App\Controllers\Admin->generarCredencial('3')
 3 SYSTEMPATH\CodeIgniter.php(502): CodeIgniter\CodeIgniter->runController(Object(App\Controllers\Admin))
 4 SYSTEMPATH\CodeIgniter.php(361): CodeIgniter\CodeIgniter->handleRequest(null, Object(Config\Cache), false)
 5 FCPATH\index.php(79): CodeIgniter\CodeIgniter->run()
INFO - 2025-07-03 15:01:00 --> Session: Class initialized using 'CodeIgniter\Session\Handlers\FileHandler' driver.
WARNING - 2025-07-03 15:01:00 --> [DEPRECATED] Function strftime() is deprecated in APPPATH\Controllers\Admin.php on line 1169.
 1 SYSTEMPATH\CodeIgniter.php(942): App\Controllers\Admin->generarCredencial('3')
 2 SYSTEMPATH\CodeIgniter.php(502): CodeIgniter\CodeIgniter->runController(Object(App\Controllers\Admin))
 3 SYSTEMPATH\CodeIgniter.php(361): CodeIgniter\CodeIgniter->handleRequest(null, Object(Config\Cache), false)
 4 FCPATH\index.php(79): CodeIgniter\CodeIgniter->run()
WARNING - 2025-07-03 15:01:00 --> [DEPRECATED] utf8_decode(): Passing null to parameter #1 ($string) of type string is deprecated in APPPATH\Controllers\Admin.php on line 1206.
 1 APPPATH\Controllers\Admin.php(1206): utf8_decode(null)
 2 SYSTEMPATH\CodeIgniter.php(942): App\Controllers\Admin->generarCredencial('3')
 3 SYSTEMPATH\CodeIgniter.php(502): CodeIgniter\CodeIgniter->runController(Object(App\Controllers\Admin))
 4 SYSTEMPATH\CodeIgniter.php(361): CodeIgniter\CodeIgniter->handleRequest(null, Object(Config\Cache), false)
 5 FCPATH\index.php(79): CodeIgniter\CodeIgniter->run()
INFO - 2025-07-03 16:00:47 --> Session: Class initialized using 'CodeIgniter\Session\Handlers\FileHandler' driver.
WARNING - 2025-07-03 16:00:47 --> [DEPRECATED] Function strftime() is deprecated in APPPATH\Controllers\Admin.php on line 1169.
 1 SYSTEMPATH\CodeIgniter.php(942): App\Controllers\Admin->generarCredencial('3')
 2 SYSTEMPATH\CodeIgniter.php(502): CodeIgniter\CodeIgniter->runController(Object(App\Controllers\Admin))
 3 SYSTEMPATH\CodeIgniter.php(361): CodeIgniter\CodeIgniter->handleRequest(null, Object(Config\Cache), false)
 4 FCPATH\index.php(79): CodeIgniter\CodeIgniter->run()
WARNING - 2025-07-03 16:00:47 --> [DEPRECATED] utf8_decode(): Passing null to parameter #1 ($string) of type string is deprecated in APPPATH\Controllers\Admin.php on line 1206.
 1 APPPATH\Controllers\Admin.php(1206): utf8_decode(null)
 2 SYSTEMPATH\CodeIgniter.php(942): App\Controllers\Admin->generarCredencial('3')
 3 SYSTEMPATH\CodeIgniter.php(502): CodeIgniter\CodeIgniter->runController(Object(App\Controllers\Admin))
 4 SYSTEMPATH\CodeIgniter.php(361): CodeIgniter\CodeIgniter->handleRequest(null, Object(Config\Cache), false)
 5 FCPATH\index.php(79): CodeIgniter\CodeIgniter->run()
